2023-11-21 21:35:08,393 [INFO] Activator:176 - 


2023-11-21 21:35:08,399 [INFO] Activator:177 - !SESSION log4j initialized
2023-11-21 21:35:13,446 [INFO] LogOutputStream:77 - [STDOUT_REDIRECT] 
2023-11-21 21:35:17,426 [INFO] ApplicationProperties:184 - Using Application install path: C:\ST\STM32CubeIDE_1.13.2\STM32CubeIDE\plugins\com.st.stm32cube.common.mx_6.9.2.202309101412
2023-11-21 21:35:17,450 [INFO] DbMcusXml:78 - Set database path to: C:\ST\STM32CubeIDE_1.13.2\STM32CubeIDE\plugins\com.st.stm32cube.common.mx_6.9.2.202309101412\\db\/mcu/
2023-11-21 21:35:17,451 [INFO] ApiDb:274 - Set plugin database path to: C:\ST\STM32CubeIDE_1.13.2\STM32CubeIDE\plugins\com.st.stm32cube.common.mx_6.9.2.202309101412\\db\/plugins/boardmanager/
2023-11-21 21:35:17,451 [WARN] ApiDb:259 - Overriding images path with different value:  => C:\ST\STM32CubeIDE_1.13.2\STM32CubeIDE\plugins\com.st.stm32cube.common.mx_6.9.2.202309101412\\db\/plugins/mcufinder/images/
2023-11-21 21:35:17,467 [INFO] ApiDb:250 - Set database path to: C:\Users\arunk\.stmcufinder\plugins\mcufinder//mcu/
2023-11-21 21:35:17,468 [INFO] DbMcusAds:125 - Set database path to: C:\Users\arunk\.stmcufinder\plugins\mcufinder//mcu/
2023-11-21 21:35:17,471 [INFO] CrossReferenceDbSqlite:203 - Set database path to: C:\Users\arunk\.stmcufinder\plugins\mcufinder//mcu/cs/
2023-11-21 21:35:17,619 [INFO] RulesReader:64 - Compatibility file has been processed (293 Rules)
2023-11-21 21:35:17,716 [INFO] DbMcusXml:78 - Set database path to: C:\ST\STM32CubeIDE_1.13.2\STM32CubeIDE\plugins\com.st.stm32cube.common.mx_6.9.2.202309101412\\db\/mcu/
2023-11-21 21:35:17,716 [INFO] ApiDb:274 - Set plugin database path to: C:\ST\STM32CubeIDE_1.13.2\STM32CubeIDE\plugins\com.st.stm32cube.common.mx_6.9.2.202309101412\\db\/plugins/boardmanager/
2023-11-21 21:35:17,716 [INFO] ApiDb:261 - Set plugin images path to: C:\ST\STM32CubeIDE_1.13.2\STM32CubeIDE\plugins\com.st.stm32cube.common.mx_6.9.2.202309101412\\db\/plugins/mcufinder/images/
2023-11-21 21:35:17,717 [WARN] DbFile:41 - Overriding database path with different value: C:\Users\arunk\.stmcufinder\plugins\mcufinder/ => C:\Users\arunk\.stmcufinder\plugins\mcufinder
2023-11-21 21:35:17,717 [INFO] ApiDb:250 - Set database path to: C:\Users\arunk\.stmcufinder\plugins\mcufinder//mcu/
2023-11-21 21:35:17,717 [WARN] DbFile:41 - Overriding database path with different value: C:\Users\arunk\.stmcufinder\plugins\mcufinder/ => C:\Users\arunk\.stmcufinder\plugins\mcufinder
2023-11-21 21:35:17,717 [INFO] DbMcusAds:125 - Set database path to: C:\Users\arunk\.stmcufinder\plugins\mcufinder//mcu/
2023-11-21 21:35:17,717 [WARN] DbFile:41 - Overriding database path with different value: C:\Users\arunk\.stmcufinder\plugins\mcufinder/ => C:\Users\arunk\.stmcufinder\plugins\mcufinder
2023-11-21 21:35:17,717 [WARN] DbFile:41 - Overriding database path with different value: C:\Users\arunk\.stmcufinder\plugins\mcufinder/ => C:\Users\arunk\.stmcufinder\plugins\mcufinder
2023-11-21 21:35:17,717 [INFO] CrossReferenceDbSqlite:203 - Set database path to: C:\Users\arunk\.stmcufinder\plugins\mcufinder//mcu/cs/
2023-11-21 21:35:17,798 [INFO] MainPanel:262 - HeapMemory: 268435456
2023-11-21 21:35:17,919 [INFO] DbMcusXml:78 - Set database path to: C:\ST\STM32CubeIDE_1.13.2\STM32CubeIDE\plugins\com.st.stm32cube.common.mx_6.9.2.202309101412\\db\/mcu/
2023-11-21 21:35:17,919 [INFO] ApiDb:274 - Set plugin database path to: C:\ST\STM32CubeIDE_1.13.2\STM32CubeIDE\plugins\com.st.stm32cube.common.mx_6.9.2.202309101412\\db\/plugins/boardmanager/
2023-11-21 21:35:17,919 [INFO] ApiDb:261 - Set plugin images path to: C:\ST\STM32CubeIDE_1.13.2\STM32CubeIDE\plugins\com.st.stm32cube.common.mx_6.9.2.202309101412\\db\/plugins/mcufinder/images/
2023-11-21 21:35:17,920 [WARN] DbFile:41 - Overriding database path with different value: C:\Users\arunk\.stmcufinder\plugins\mcufinder/ => C:\Users\arunk\.stmcufinder\plugins\mcufinder
2023-11-21 21:35:17,920 [INFO] ApiDb:250 - Set database path to: C:\Users\arunk\.stmcufinder\plugins\mcufinder//mcu/
2023-11-21 21:35:17,920 [WARN] DbFile:41 - Overriding database path with different value: C:\Users\arunk\.stmcufinder\plugins\mcufinder/ => C:\Users\arunk\.stmcufinder\plugins\mcufinder
2023-11-21 21:35:17,920 [INFO] DbMcusAds:125 - Set database path to: C:\Users\arunk\.stmcufinder\plugins\mcufinder//mcu/
2023-11-21 21:35:17,921 [WARN] DbFile:41 - Overriding database path with different value: C:\Users\arunk\.stmcufinder\plugins\mcufinder/ => C:\Users\arunk\.stmcufinder\plugins\mcufinder
2023-11-21 21:35:17,921 [WARN] DbFile:41 - Overriding database path with different value: C:\Users\arunk\.stmcufinder\plugins\mcufinder/ => C:\Users\arunk\.stmcufinder\plugins\mcufinder
2023-11-21 21:35:17,921 [INFO] CrossReferenceDbSqlite:203 - Set database path to: C:\Users\arunk\.stmcufinder\plugins\mcufinder//mcu/cs/
2023-11-21 21:35:17,945 [INFO] ApplicationProperties:184 - Using Application install path: C:\ST\STM32CubeIDE_1.13.2\STM32CubeIDE\plugins\com.st.stm32cube.common.mx_6.9.2.202309101412
2023-11-21 21:35:17,946 [INFO] PluginManage:196 - Search for loadable plugins [exclusion list=, ]
2023-11-21 21:35:17,947 [INFO] PluginManage:310 - Check plugin analytics
2023-11-21 21:35:18,127 [INFO] AnalyticsPlugin:253 - Accepted Software Licenses: 
2023-11-21 21:35:18,127 [INFO] AnalyticsPlugin:255 - Accepted CMSIS Pack Licenses: 
2023-11-21 21:35:18,128 [INFO] AnalyticsPlugin:257 - Accepted Firmware Licenses: 
2023-11-21 21:35:18,129 [INFO] PluginManage:359 - Loaded plugin analytics (category:tool,tabindex:-1)
2023-11-21 21:35:18,130 [INFO] PluginManage:310 - Check plugin cadmodel
2023-11-21 21:35:18,136 [INFO] CADModel:105 - Init CAD model plugin
2023-11-21 21:35:18,137 [INFO] PluginManage:359 - Loaded plugin cadmodel (category:power,tabindex:5)
2023-11-21 21:35:18,137 [INFO] PluginManage:310 - Check plugin clock
2023-11-21 21:35:18,150 [INFO] PluginManage:359 - Loaded plugin clock (category:base,tabindex:2)
2023-11-21 21:35:18,150 [INFO] PluginManage:310 - Check plugin ddr
2023-11-21 21:35:18,154 [INFO] PluginManage:359 - Loaded plugin ddr (category:tool,tabindex:6)
2023-11-21 21:35:18,154 [INFO] PluginManage:310 - Check plugin filemanager
2023-11-21 21:35:18,297 [INFO] PluginManage:359 - Loaded plugin filemanager (category:base,tabindex:10)
2023-11-21 21:35:18,298 [INFO] PluginManage:310 - Check plugin ipmanager
2023-11-21 21:35:18,305 [INFO] PluginManage:359 - Loaded plugin ipmanager (category:base,tabindex:5)
2023-11-21 21:35:18,305 [INFO] PluginManage:310 - Check plugin lpbam
2023-11-21 21:35:18,314 [INFO] PluginManage:359 - Loaded plugin lpbam (category:base,tabindex:0)
2023-11-21 21:35:18,314 [INFO] PluginManage:310 - Check plugin memorymap
2023-11-21 21:35:18,329 [INFO] PluginManage:359 - Loaded plugin memorymap (category:base,tabindex:4)
2023-11-21 21:35:18,329 [INFO] PluginManage:310 - Check plugin pinoutandconfiguration
2023-11-21 21:35:18,338 [INFO] PluginManage:359 - Loaded plugin pinoutandconfiguration (category:base,tabindex:1)
2023-11-21 21:35:18,338 [INFO] PluginManage:310 - Check plugin pinoutconfig
2023-11-21 21:35:18,433 [WARN] SupportedApi:132 - Cannot load RTOS API schema: s4s-elt-must-match.1: The content of 'definitions' must match (annotation?, (simpleType | complexType)?, (unique | key | keyref)*)). A problem was found starting at: attribute.
2023-11-21 21:35:18,570 [INFO] PluginManage:359 - Loaded plugin pinoutconfig (category:base,tabindex:0)
2023-11-21 21:35:18,570 [INFO] PluginManage:310 - Check plugin power
2023-11-21 21:35:18,583 [INFO] PluginManage:359 - Loaded plugin power (category:power,tabindex:4)
2023-11-21 21:35:18,583 [INFO] PluginManage:310 - Check plugin projectmanager
2023-11-21 21:35:18,597 [INFO] PluginManage:359 - Loaded plugin projectmanager (category:projectmanager,tabindex:3)
2023-11-21 21:35:18,597 [INFO] PluginManage:310 - Check plugin thirdparty
2023-11-21 21:35:18,738 [INFO] PluginManage:359 - Loaded plugin thirdparty (category:base,tabindex:-1)
2023-11-21 21:35:18,738 [WARN] IntegrityCheckThread:84 - waiting for thirdparty lock release [integrity check]
2023-11-21 21:35:18,739 [INFO] PluginManage:310 - Check plugin tools
2023-11-21 21:35:18,739 [INFO] IntegrityCheckThread:86 - entering critical section [integrity check]
2023-11-21 21:35:18,739 [INFO] ThirdPartyUpdaterWithRetryManager:70 - Updater plugin not ready yet. [1/15]
2023-11-21 21:35:18,742 [INFO] PluginManage:359 - Loaded plugin tools (category:base,tabindex:7)
2023-11-21 21:35:18,742 [INFO] PluginManage:310 - Check plugin tutovideos
2023-11-21 21:35:18,925 [INFO] PluginManage:359 - Loaded plugin tutovideos (category:base,tabindex:-1)
2023-11-21 21:35:18,925 [INFO] PluginManage:310 - Check plugin updater
2023-11-21 21:35:18,938 [INFO] PluginManage:359 - Loaded plugin updater (category:base,tabindex:12)
2023-11-21 21:35:18,938 [INFO] PluginManage:310 - Check plugin userauth
2023-11-21 21:35:18,944 [INFO] UserAuth:113 - Init User Auth plugin
2023-11-21 21:35:18,944 [INFO] PluginManage:359 - Loaded plugin userauth (category:base,tabindex:14)
2023-11-21 21:35:18,945 [INFO] PluginManage:283 - PluginManage : Loaded plugins [17]
2023-11-21 21:35:19,157 [INFO] PinOutPanel:1499 - setPackage(No Configuration,No Configuration)
2023-11-21 21:35:19,254 [INFO] CADModel:165 - CPN selected for project level
2023-11-21 21:35:19,255 [INFO] CADModel:114 - Register for checkConnection events
2023-11-21 21:35:19,271 [INFO] IPUIPlugin:80 - create IPUIPlugin
2023-11-21 21:35:19,272 [INFO] PluginManager:220 - loadIPPluginJar : add adc
2023-11-21 21:35:19,275 [INFO] IPUIPlugin:80 - create IPUIPlugin
2023-11-21 21:35:19,275 [INFO] PluginManager:220 - loadIPPluginJar : add aes
2023-11-21 21:35:19,279 [INFO] IPUIPlugin:80 - create IPUIPlugin
2023-11-21 21:35:19,279 [INFO] PluginManager:220 - loadIPPluginJar : add can
2023-11-21 21:35:19,280 [INFO] IPUIPlugin:80 - create IPUIPlugin
2023-11-21 21:35:19,280 [INFO] PluginManager:220 - loadIPPluginJar : add comp
2023-11-21 21:35:19,283 [INFO] IPUIPlugin:80 - create IPUIPlugin
2023-11-21 21:35:19,283 [INFO] PluginManager:220 - loadIPPluginJar : add cryp
2023-11-21 21:35:19,286 [INFO] IPUIPlugin:80 - create IPUIPlugin
2023-11-21 21:35:19,286 [INFO] PluginManager:220 - loadIPPluginJar : add dfsdm
2023-11-21 21:35:19,291 [INFO] IPUIPlugin:80 - create IPUIPlugin
2023-11-21 21:35:19,292 [INFO] PluginManager:220 - loadIPPluginJar : add dma
2023-11-21 21:35:19,294 [INFO] IPUIPlugin:80 - create IPUIPlugin
2023-11-21 21:35:19,294 [INFO] PluginManager:220 - loadIPPluginJar : add dma3
2023-11-21 21:35:19,296 [INFO] IPUIPlugin:80 - create IPUIPlugin
2023-11-21 21:35:19,296 [INFO] PluginManager:220 - loadIPPluginJar : add fatfs
2023-11-21 21:35:19,299 [INFO] IPUIPlugin:80 - create IPUIPlugin
2023-11-21 21:35:19,299 [INFO] PluginManager:220 - loadIPPluginJar : add fmc
2023-11-21 21:35:19,305 [INFO] IPUIPlugin:80 - create IPUIPlugin
2023-11-21 21:35:19,305 [INFO] PluginManager:220 - loadIPPluginJar : add freertos
2023-11-21 21:35:19,307 [INFO] IPUIPlugin:80 - create IPUIPlugin
2023-11-21 21:35:19,307 [INFO] PluginManager:220 - loadIPPluginJar : add genericplugin
2023-11-21 21:35:19,309 [INFO] IPUIPlugin:80 - create IPUIPlugin
2023-11-21 21:35:19,309 [INFO] PluginManager:220 - loadIPPluginJar : add gfxmmu
2023-11-21 21:35:19,313 [INFO] IPUIPlugin:80 - create IPUIPlugin
2023-11-21 21:35:19,314 [INFO] PluginManager:220 - loadIPPluginJar : add gic
2023-11-21 21:35:19,317 [INFO] IPUIPlugin:80 - create IPUIPlugin
2023-11-21 21:35:19,318 [INFO] PluginManager:220 - loadIPPluginJar : add gpio
2023-11-21 21:35:19,321 [INFO] IPUIPlugin:80 - create IPUIPlugin
2023-11-21 21:35:19,321 [INFO] PluginManager:220 - loadIPPluginJar : add gtzc
2023-11-21 21:35:19,323 [INFO] IPUIPlugin:80 - create IPUIPlugin
2023-11-21 21:35:19,323 [INFO] PluginManager:220 - loadIPPluginJar : add hash
2023-11-21 21:35:19,325 [INFO] IPUIPlugin:80 - create IPUIPlugin
2023-11-21 21:35:19,325 [INFO] PluginManager:220 - loadIPPluginJar : add i2c
2023-11-21 21:35:19,328 [INFO] IPUIPlugin:80 - create IPUIPlugin
2023-11-21 21:35:19,328 [INFO] PluginManager:220 - loadIPPluginJar : add i2s
2023-11-21 21:35:19,330 [INFO] IPUIPlugin:80 - create IPUIPlugin
2023-11-21 21:35:19,330 [INFO] PluginManager:220 - loadIPPluginJar : add i3c
2023-11-21 21:35:19,333 [INFO] IPUIPlugin:80 - create IPUIPlugin
2023-11-21 21:35:19,333 [INFO] PluginManager:220 - loadIPPluginJar : add ipddr
2023-11-21 21:35:19,339 [INFO] IPUIPlugin:80 - create IPUIPlugin
2023-11-21 21:35:19,339 [INFO] PluginManager:220 - loadIPPluginJar : add linkedlist
2023-11-21 21:35:19,343 [INFO] IPUIPlugin:80 - create IPUIPlugin
2023-11-21 21:35:19,343 [INFO] PluginManager:220 - loadIPPluginJar : add lorawan
2023-11-21 21:35:19,344 [INFO] IPUIPlugin:80 - create IPUIPlugin
2023-11-21 21:35:19,344 [INFO] PluginManager:220 - loadIPPluginJar : add ltdc
2023-11-21 21:35:19,349 [INFO] IPUIPlugin:80 - create IPUIPlugin
2023-11-21 21:35:19,349 [INFO] PluginManager:220 - loadIPPluginJar : add mdma
2023-11-21 21:35:19,353 [INFO] IPUIPlugin:80 - create IPUIPlugin
2023-11-21 21:35:19,354 [INFO] PluginManager:220 - loadIPPluginJar : add nvic
2023-11-21 21:35:19,356 [INFO] IPUIPlugin:80 - create IPUIPlugin
2023-11-21 21:35:19,356 [INFO] PluginManager:220 - loadIPPluginJar : add opamp
2023-11-21 21:35:19,359 [INFO] IPUIPlugin:80 - create IPUIPlugin
2023-11-21 21:35:19,359 [INFO] PluginManager:220 - loadIPPluginJar : add openamp
2023-11-21 21:35:19,362 [INFO] IPUIPlugin:80 - create IPUIPlugin
2023-11-21 21:35:19,362 [INFO] PluginManager:220 - loadIPPluginJar : add pdm2pcm
2023-11-21 21:35:19,369 [INFO] IPUIPlugin:80 - create IPUIPlugin
2023-11-21 21:35:19,371 [INFO] PluginManager:220 - loadIPPluginJar : add plateformsettings
2023-11-21 21:35:19,372 [INFO] IPUIPlugin:80 - create IPUIPlugin
2023-11-21 21:35:19,372 [INFO] PluginManager:220 - loadIPPluginJar : add quadspi
2023-11-21 21:35:19,377 [INFO] IPUIPlugin:80 - create IPUIPlugin
2023-11-21 21:35:19,377 [INFO] PluginManager:220 - loadIPPluginJar : add resmgrutility
2023-11-21 21:35:19,379 [INFO] IPUIPlugin:80 - create IPUIPlugin
2023-11-21 21:35:19,379 [INFO] PluginManager:220 - loadIPPluginJar : add sai
2023-11-21 21:35:19,382 [INFO] IPUIPlugin:80 - create IPUIPlugin
2023-11-21 21:35:19,382 [INFO] PluginManager:220 - loadIPPluginJar : add spi
2023-11-21 21:35:19,385 [INFO] IPUIPlugin:80 - create IPUIPlugin
2023-11-21 21:35:19,385 [INFO] PluginManager:220 - loadIPPluginJar : add stm32_wpan
2023-11-21 21:35:19,387 [INFO] IPUIPlugin:80 - create IPUIPlugin
2023-11-21 21:35:19,387 [INFO] PluginManager:220 - loadIPPluginJar : add tim
2023-11-21 21:35:19,389 [INFO] IPUIPlugin:80 - create IPUIPlugin
2023-11-21 21:35:19,391 [INFO] PluginManager:220 - loadIPPluginJar : add touchsensing
2023-11-21 21:35:19,392 [INFO] IPUIPlugin:80 - create IPUIPlugin
2023-11-21 21:35:19,392 [INFO] PluginManager:220 - loadIPPluginJar : add tracer_emb
2023-11-21 21:35:19,395 [INFO] IPUIPlugin:80 - create IPUIPlugin
2023-11-21 21:35:19,395 [INFO] PluginManager:220 - loadIPPluginJar : add ts
2023-11-21 21:35:19,396 [INFO] IPUIPlugin:80 - create IPUIPlugin
2023-11-21 21:35:19,397 [INFO] PluginManager:220 - loadIPPluginJar : add tsc
2023-11-21 21:35:19,398 [INFO] IPUIPlugin:80 - create IPUIPlugin
2023-11-21 21:35:19,398 [INFO] PluginManager:220 - loadIPPluginJar : add ucpd
2023-11-21 21:35:19,401 [INFO] IPUIPlugin:80 - create IPUIPlugin
2023-11-21 21:35:19,402 [INFO] PluginManager:220 - loadIPPluginJar : add usart
2023-11-21 21:35:19,404 [INFO] IPUIPlugin:80 - create IPUIPlugin
2023-11-21 21:35:19,404 [INFO] PluginManager:220 - loadIPPluginJar : add usbx
2023-11-21 21:35:19,525 [INFO] CADModel:165 - CPN selected for project level
2023-11-21 21:35:19,526 [INFO] CADModel:114 - Register for checkConnection events
2023-11-21 21:35:19,526 [FATAL] Updater:308 - Updater called before beeing initialized
2023-11-21 21:35:19,526 [ERROR] CADModel:125 - Updater not yet initialized, retry later 
2023-11-21 21:35:19,678 [INFO] CADModel:165 - CPN selected for project level
2023-11-21 21:35:19,678 [INFO] CADModel:114 - Register for checkConnection events
2023-11-21 21:35:19,678 [FATAL] Updater:308 - Updater called before beeing initialized
2023-11-21 21:35:19,678 [ERROR] CADModel:125 - Updater not yet initialized, retry later 
2023-11-21 21:35:19,682 [FATAL] Updater:308 - Updater called before beeing initialized
2023-11-21 21:35:19,775 [FATAL] Updater:308 - Updater called before beeing initialized
2023-11-21 21:35:19,781 [INFO] DbMcusAds:53 - JSON generation date=Tue Mar 07 14:20:55 IST 2023 (1678179055114)
2023-11-21 21:35:19,781 [FATAL] Updater:308 - Updater called before beeing initialized
2023-11-21 21:35:19,823 [WARN] DetailPanel:346 - Failed to get advertising image, set to default
2023-11-21 21:35:19,922 [FATAL] Updater:308 - Updater called before beeing initialized
2023-11-21 21:35:19,924 [FATAL] Updater:308 - Updater called before beeing initialized
2023-11-21 21:35:19,924 [FATAL] Updater:308 - Updater called before beeing initialized
2023-11-21 21:35:19,924 [WARN] DetailPanel:346 - Failed to get advertising image, set to default
2023-11-21 21:35:19,925 [FATAL] Updater:308 - Updater called before beeing initialized
2023-11-21 21:35:19,971 [ERROR] Updater:1120 - MainUpdater not yet initialized. External WinMGr cannot be set.
2023-11-21 21:35:19,973 [INFO] Updater:1056 - Updater Version found : 6.9.2
2023-11-21 21:35:19,992 [INFO] ApplicationProperties:184 - Using Application install path: C:\ST\STM32CubeIDE_1.13.2\STM32CubeIDE\plugins\com.st.stm32cube.common.mx_6.9.2.202309101412
2023-11-21 21:35:20,104 [INFO] MainUpdater:2868 - connection check result : 10
2023-11-21 21:35:20,106 [INFO] MainUpdater:3562 - Updater definition file requires update
2023-11-21 21:35:20,106 [INFO] MainUpdater:285 - Updater Check For Update Now.
2023-11-21 21:35:20,106 [INFO] MicroXplorer:498 - Change Database Version : DB.6.0.92
2023-11-21 21:35:20,112 [INFO] McuFinderGlobals:63 - Set McuFinder mode to 2 (CubeIDE integrated)
2023-11-21 21:35:20,112 [INFO] UserAuth:179 - activating auth plugin
2023-11-21 21:35:20,114 [INFO] UserAuth:393 - Internet connection configuration mode: 1
2023-11-21 21:35:20,131 [INFO] JxBrowserEngine:151 - Initiate JxBrowser Engine with user profile folder
2023-11-21 21:35:20,396 [INFO] ServerAccessManage:473 - Download File updaters.zip
2023-11-21 21:35:21,052 [INFO] WebApp:157 - Instantiating new browser for Auth
2023-11-21 21:35:21,253 [INFO] FileExtend:240 - Unzip File : updaters.zip
2023-11-21 21:35:21,253 [INFO] FileExtend:255 - Standard Zip Deflate
2023-11-21 21:35:21,695 [INFO] ServerAccessManage:473 - Download File PacksControlFlags.xml
2023-11-21 21:35:21,741 [WARN] MainUpdater:1189 - Updater busy. Cannot search thirdparties
2023-11-21 21:35:21,741 [INFO] ThirdPartyUpdaterWithRetryManager:96 - Updater plugin is busy. [1/15]
2023-11-21 21:35:21,849 [INFO] WebApp:753 - Register for checkConnection events
2023-11-21 21:35:21,849 [INFO] WebApp:390 - Apply proxy settings
2023-11-21 21:35:21,850 [INFO] WebApp:475 - Chromium requires no authentication
2023-11-21 21:35:21,860 [INFO] WebApp:418 - Direct internet connection detected
2023-11-21 21:35:22,102 [INFO] WebApp:188 - Starting web application
2023-11-21 21:35:22,102 [INFO] WebApp:520 - Web application path used C:\ST\STM32CubeIDE_1.13.2\STM32CubeIDE\plugins\com.st.stm32cube.common.mx_6.9.2.202309101412\db\plugins\mcufinder\reactClient1\index.html
2023-11-21 21:35:22,770 [INFO] ServerAccessManage:473 - Download File cubemx.pidx
2023-11-21 21:35:23,921 [INFO] ServerAccessManage:473 - Download File STMicroelectronics.FP-SNS-MOTENVWB1.pdsc
2023-11-21 21:35:24,480 [INFO] ServerAccessManage:473 - Download File STMicroelectronics.X-CUBE-BLEMGR.pdsc
2023-11-21 21:35:24,742 [WARN] MainUpdater:1189 - Updater busy. Cannot search thirdparties
2023-11-21 21:35:24,742 [INFO] ThirdPartyUpdaterWithRetryManager:96 - Updater plugin is busy. [2/15]
2023-11-21 21:35:25,894 [INFO] ServerAccessManage:473 - Download File STMicroelectronics.X-CUBE-EEPRMA1.pdsc
2023-11-21 21:35:27,073 [ERROR] ServerAccessManage:1089 - Problem, file not found on Server
2023-11-21 21:35:27,725 [INFO] ServerAccessManage:473 - Download File STMicroelectronics.X-CUBE-MEMS1.pdsc
2023-11-21 21:35:27,744 [WARN] MainUpdater:1189 - Updater busy. Cannot search thirdparties
2023-11-21 21:35:27,744 [INFO] ThirdPartyUpdaterWithRetryManager:96 - Updater plugin is busy. [3/15]
2023-11-21 21:35:30,747 [WARN] MainUpdater:1189 - Updater busy. Cannot search thirdparties
2023-11-21 21:35:30,747 [INFO] ThirdPartyUpdaterWithRetryManager:96 - Updater plugin is busy. [4/15]
2023-11-21 21:35:31,833 [INFO] ServerAccessManage:473 - Download File STMicroelectronics.X-CUBE-TOF1.pdsc
2023-11-21 21:35:33,748 [WARN] MainUpdater:1189 - Updater busy. Cannot search thirdparties
2023-11-21 21:35:33,748 [INFO] ThirdPartyUpdaterWithRetryManager:96 - Updater plugin is busy. [5/15]
2023-11-21 21:35:33,759 [ERROR] ServerAccessManage:1089 - Problem, file not found on Server
2023-11-21 21:35:36,751 [WARN] MainUpdater:1189 - Updater busy. Cannot search thirdparties
2023-11-21 21:35:36,751 [INFO] ThirdPartyUpdaterWithRetryManager:96 - Updater plugin is busy. [6/15]
2023-11-21 21:35:37,072 [ERROR] ServerAccessManage:1096 - Problem, Http access forbiden
2023-11-21 21:35:37,073 [ERROR] ServerAccessManage:651 - Problem, Http access forbiden : RoweBots.I-CUBE-UNISONRTOS.pdsc.
2023-11-21 21:35:37,218 [WARN] PackLoader:240 - Cannot read IP mode file for STMicroelectronics.FP-SNS-MOTENVWB1.1.3.0
2023-11-21 21:35:37,234 [WARN] PackLoader:240 - Cannot read IP mode file for STMicroelectronics.X-CUBE-BLEMGR.3.0.0
2023-11-21 21:35:37,247 [WARN] PackLoader:240 - Cannot read IP mode file for STMicroelectronics.X-CUBE-EEPRMA1.4.2.0
2023-11-21 21:35:37,309 [WARN] PackLoader:240 - Cannot read IP mode file for STMicroelectronics.X-CUBE-MEMS1.10.0.0
2023-11-21 21:35:37,326 [INFO] CheckServerUpdateThread:120 - End of CheckServer Thread
2023-11-21 21:35:37,434 [WARN] PackLoader:240 - Cannot read IP mode file for STMicroelectronics.X-CUBE-TOF1.3.4.0
2023-11-21 21:35:37,447 [INFO] PopulateThirdPartyThread:66 - Ending populate Thread
2023-11-21 21:35:37,450 [INFO] ThirdParty:1030 - CMSIS Pack Vendor :STMicroelectronics X-CUBE-MEMS1 10.0.0
2023-11-21 21:35:37,450 [INFO] ThirdParty:1030 - CMSIS Pack Vendor :STMicroelectronics FP-SNS-MOTENVWB1 1.3.0
2023-11-21 21:35:37,450 [INFO] ThirdParty:1030 - CMSIS Pack Vendor :STMicroelectronics X-CUBE-TOF1 3.4.0
2023-11-21 21:35:37,450 [INFO] ThirdParty:1030 - CMSIS Pack Vendor :STMicroelectronics X-CUBE-BLEMGR 3.0.0
2023-11-21 21:35:37,450 [INFO] ThirdParty:1030 - CMSIS Pack Vendor :STMicroelectronics X-CUBE-EEPRMA1 4.2.0
2023-11-21 21:35:37,450 [INFO] LoadServerUpdatesThread:373 - End of LoadServerUpdate Thread
2023-11-21 21:35:39,917 [WARN] PackLoader:240 - Cannot read IP mode file for STMicroelectronics.X-CUBE-SMBUS.2.1.0
2023-11-21 21:35:39,940 [WARN] PackLoader:240 - Cannot read IP mode file for STMicroelectronics.X-CUBE-AZRTOS-F7.1.1.0
2023-11-21 21:35:39,950 [WARN] PackLoader:240 - Cannot read IP mode file for STMicroelectronics.FP-SNS-MOTENV1.4.3.2
2023-11-21 21:35:39,957 [WARN] PackLoader:240 - Cannot read IP mode file for STMicroelectronics.X-CUBE-BLE1.6.2.4
2023-11-21 21:35:39,963 [WARN] PackLoader:240 - Cannot read IP mode file for STMicroelectronics.FP-SNS-FLIGHT1.5.0.2
2023-11-21 21:35:39,969 [WARN] PackLoader:240 - Cannot read IP mode file for STMicroelectronics.X-CUBE-DISPLAY.3.0.0
2023-11-21 21:35:39,977 [WARN] PackLoader:240 - Cannot read IP mode file for STMicroelectronics.X-CUBE-BLE1.7.0.0
2023-11-21 21:35:39,983 [WARN] PackLoader:240 - Cannot read IP mode file for emotas.I-CUBE-CANOPEN.1.3.0
2023-11-21 21:35:39,988 [WARN] PackLoader:240 - Cannot read IP mode file for STMicroelectronics.X-CUBE-TOUCHGFX.4.22.0
2023-11-21 21:35:39,991 [WARN] PackLoader:240 - Cannot read IP mode file for STMicroelectronics.X-CUBE-TOUCHGFX.4.22.1
2023-11-21 21:35:39,997 [WARN] PackLoader:240 - Cannot read IP mode file for STMicroelectronics.FP-SNS-SMARTAG2.1.2.0
2023-11-21 21:35:40,006 [INFO] LogOutputStream:77 - [STDOUT_REDIRECT] 1 : Invalid condition id : UX_CORESTACK_Condition cause : null
2023-11-21 21:35:40,006 [INFO] LogOutputStream:77 - [STDOUT_REDIRECT] 1 : Invalid condition id : UX_CORESTACK_Condition cause : null
2023-11-21 21:35:40,007 [INFO] LogOutputStream:77 - [STDOUT_REDIRECT] 1 : Invalid condition id : UX_CORESTACK_Condition cause : null
2023-11-21 21:35:40,008 [INFO] LogOutputStream:77 - [STDOUT_REDIRECT] 1 : Invalid condition id : UX_CORESTACK_Condition cause : null
2023-11-21 21:35:40,009 [INFO] LogOutputStream:77 - [STDOUT_REDIRECT] 1 : Invalid condition id : UX_CORESTACK_Condition cause : null
2023-11-21 21:35:40,012 [WARN] PackLoader:240 - Cannot read IP mode file for STMicroelectronics.X-CUBE-AZRTOS-WL.2.0.0
2023-11-21 21:35:40,021 [WARN] PackLoader:240 - Cannot read IP mode file for WES.I-CUBE-Cesium.1.3.0
2023-11-21 21:35:40,026 [WARN] PackLoader:240 - Cannot read IP mode file for STMicroelectronics.X-CUBE-BLE2.3.3.0
2023-11-21 21:35:40,033 [WARN] PackLoader:240 - Cannot read IP mode file for STMicroelectronics.X-CUBE-ALGOBUILD.1.3.0
2023-11-21 21:35:40,046 [WARN] PackLoader:240 - Cannot read IP mode file for STMicroelectronics.X-CUBE-AZRTOS-G0.1.1.0
2023-11-21 21:35:40,054 [WARN] PackLoader:240 - Cannot read IP mode file for STMicroelectronics.X-CUBE-NFC4.3.0.0
2023-11-21 21:35:40,061 [WARN] PackLoader:240 - Cannot read IP mode file for STMicroelectronics.X-CUBE-BLEMGR.3.0.0
2023-11-21 21:35:40,067 [WARN] PackLoader:240 - Cannot read IP mode file for STMicroelectronics.FP-ATR-SIGFOX1.3.2.0
2023-11-21 21:35:40,096 [WARN] PackLoader:240 - Cannot read IP mode file for SEGGER.I-CUBE-embOS.1.3.1
2023-11-21 21:35:40,129 [WARN] PackLoader:240 - Cannot read IP mode file for STMicroelectronics.X-CUBE-GNSS1.6.0.0
2023-11-21 21:35:40,143 [WARN] PackLoader:240 - Cannot read IP mode file for STMicroelectronics.X-CUBE-AZRTOS-F4.1.1.0
2023-11-21 21:35:40,150 [WARN] PackLoader:240 - Cannot read IP mode file for wolfSSL.I-CUBE-wolfSSL.5.6.3
2023-11-21 21:35:40,164 [WARN] PackLoader:240 - Cannot read IP mode file for STMicroelectronics.X-CUBE-AZRTOS-L5.2.0.0
2023-11-21 21:35:40,198 [WARN] PackLoader:240 - Cannot read IP mode file for STMicroelectronics.X-CUBE-MEMS1.9.6.0
2023-11-21 21:35:40,280 [WARN] PackLoader:240 - Cannot read IP mode file for STMicroelectronics.X-CUBE-EEPRMA1.4.2.0
2023-11-21 21:35:40,288 [WARN] PackLoader:240 - Cannot read IP mode file for ITTIA_DB.I-CUBE-ITTIADB.8.8.0
2023-11-21 21:35:40,294 [WARN] PackLoader:240 - Cannot read IP mode file for STMicroelectronics.X-CUBE-BLEMGR.2.0.0
2023-11-21 21:35:40,307 [WARN] ConditionMgr:438 - getConditionDescription Invalid condition id : UX DEVICE CLASS RTOS Condition cause : null
2023-11-21 21:35:40,307 [WARN] ConditionMgr:438 - getConditionDescription Invalid condition id : UX DEVICE CLASS RTOS Condition cause : null
2023-11-21 21:35:40,309 [WARN] PackLoader:240 - Cannot read IP mode file for STMicroelectronics.X-CUBE-AZRTOS-H7.3.1.0
2023-11-21 21:35:40,310 [WARN] ConditionMgr:1039 - genDependencies : Invalid condition id : UX DEVICE CLASS RTOS Condition cause : null
2023-11-21 21:35:40,310 [WARN] ConditionMgr:1039 - genDependencies : Invalid condition id : UX DEVICE CLASS RTOS Condition cause : null
2023-11-21 21:35:40,311 [WARN] ConditionMgr:1039 - genDependencies : Invalid condition id : UX DEVICE CLASS RTOS Condition cause : null
2023-11-21 21:35:40,311 [WARN] ConditionMgr:1039 - genDependencies : Invalid condition id : UX DEVICE CLASS RTOS Condition cause : null
2023-11-21 21:35:40,311 [WARN] ConditionMgr:1039 - genDependencies : Invalid condition id : UX DEVICE CLASS RTOS Condition cause : null
2023-11-21 21:35:40,317 [WARN] PackLoader:240 - Cannot read IP mode file for STMicroelectronics.X-CUBE-NFC7.1.0.1
2023-11-21 21:35:40,324 [WARN] PackLoader:240 - Cannot read IP mode file for STMicroelectronics.X-CUBE-NFC6.3.0.0
2023-11-21 21:35:40,330 [WARN] PackLoader:240 - Cannot read IP mode file for STMicroelectronics.X-CUBE-EEPRMA1.4.1.0
2023-11-21 21:35:40,335 [WARN] PackLoader:240 - Cannot read IP mode file for STMicroelectronics.X-CUBE-AI.8.1.0
2023-11-21 21:35:40,346 [WARN] ConditionMgr:438 - getConditionDescription Invalid condition id : LAN8742 Phy interface Condition cause : null
2023-11-21 21:35:40,347 [WARN] PackLoader:240 - Cannot read IP mode file for STMicroelectronics.X-CUBE-AZRTOS-L4.2.0.0
2023-11-21 21:35:40,348 [WARN] ConditionMgr:1039 - genDependencies : Invalid condition id : LAN8742 Phy interface Condition cause : null
2023-11-21 21:35:40,348 [WARN] ConditionMgr:1039 - genDependencies : Invalid condition id : LAN8742 Phy interface Condition cause : null
2023-11-21 21:35:40,349 [WARN] ConditionMgr:1039 - genDependencies : Invalid condition id : LAN8742 Phy interface Condition cause : null
2023-11-21 21:35:40,357 [WARN] PackLoader:240 - Cannot read IP mode file for STMicroelectronics.X-CUBE-SFXS2LP1.4.0.0
2023-11-21 21:35:40,362 [WARN] PackLoader:240 - Cannot read IP mode file for STMicroelectronics.X-CUBE-ISPU.1.1.0
2023-11-21 21:35:40,372 [WARN] ConditionMgr:438 - getConditionDescription Invalid condition id : UX DEVICE CLASS RTOS Condition cause : null
2023-11-21 21:35:40,372 [WARN] ConditionMgr:438 - getConditionDescription Invalid condition id : UX DEVICE CLASS RTOS Condition cause : null
2023-11-21 21:35:40,374 [WARN] PackLoader:240 - Cannot read IP mode file for STMicroelectronics.X-CUBE-AZRTOS-WB.2.0.0
2023-11-21 21:35:40,374 [WARN] ConditionMgr:1039 - genDependencies : Invalid condition id : UX DEVICE CLASS RTOS Condition cause : null
2023-11-21 21:35:40,374 [WARN] ConditionMgr:1039 - genDependencies : Invalid condition id : UX DEVICE CLASS RTOS Condition cause : null
2023-11-21 21:35:40,374 [WARN] ConditionMgr:1039 - genDependencies : Invalid condition id : UX DEVICE CLASS RTOS Condition cause : null
2023-11-21 21:35:40,375 [WARN] ConditionMgr:1039 - genDependencies : Invalid condition id : UX DEVICE CLASS RTOS Condition cause : null
2023-11-21 21:35:40,375 [WARN] ConditionMgr:1039 - genDependencies : Invalid condition id : UX DEVICE CLASS RTOS Condition cause : null
2023-11-21 21:35:40,381 [WARN] PackLoader:240 - Cannot read IP mode file for STMicroelectronics.X-CUBE-FREERTOS.1.0.1
2023-11-21 21:35:40,391 [WARN] PackLoader:240 - Cannot read IP mode file for STMicroelectronics.X-CUBE-AZRTOS-L5.1.1.0
2023-11-21 21:35:40,401 [WARN] PackLoader:240 - Cannot read IP mode file for STMicroelectronics.X-CUBE-SUBG2.5.0.0
2023-11-21 21:35:40,413 [WARN] PackLoader:240 - Cannot read IP mode file for STMicroelectronics.X-CUBE-TOF1.3.3.1
2023-11-21 21:35:40,430 [WARN] PackLoader:240 - Cannot read IP mode file for STMicroelectronics.X-CUBE-AZRTOS-G4.2.0.0
2023-11-21 21:35:40,441 [WARN] PackLoader:240 - Cannot read IP mode file for Infineon.AIROC-Wi-Fi-Bluetooth-STM32.1.5.1
2023-11-21 21:35:40,447 [WARN] PackLoader:240 - Cannot read IP mode file for STMicroelectronics.FP-SNS-MOTENVWB1.1.3.0
2023-11-21 21:35:40,475 [WARN] PackLoader:240 - Cannot read IP mode file for STMicroelectronics.X-CUBE-MEMS1.10.0.0
2023-11-21 21:35:40,567 [WARN] PackLoader:240 - Cannot read IP mode file for STMicroelectronics.X-CUBE-FREERTOS.1.1.0
2023-11-21 21:35:40,572 [WARN] PackLoader:240 - Cannot read IP mode file for portGmbH.I-Cube-SoM-uGOAL.1.1.0
2023-11-21 21:35:40,576 [WARN] PackLoader:240 - Cannot read IP mode file for STMicroelectronics.X-CUBE-ALS.1.0.1
2023-11-21 21:35:40,585 [WARN] PackLoader:240 - Cannot read IP mode file for STMicroelectronics.X-CUBE-AZRTOS-WB.1.1.0
2023-11-21 21:35:40,591 [WARN] PackLoader:240 - Cannot read IP mode file for STMicroelectronics.FP-ATR-ASTRA1.2.0.0
2023-11-21 21:35:40,599 [WARN] PackLoader:240 - Cannot read IP mode file for STMicroelectronics.X-CUBE-TOF1.3.4.0
2023-11-21 21:35:40,605 [INFO] ThirdParty:978 - Integrity check success = true
2023-11-21 21:35:40,606 [INFO] IntegrityCheckThread:100 - exiting critical section [integrity check]
2023-11-21 21:35:40,606 [INFO] IntegrityCheckThread:103 - End integrity checks thread
2023-11-21 21:35:42,793 [ERROR] LogOutputStream:75 - [STDERR_REDIRECT] SLF4J: Failed to load class "org.slf4j.impl.StaticLoggerBinder".
2023-11-21 21:35:42,793 [ERROR] LogOutputStream:75 - [STDERR_REDIRECT] SLF4J: Defaulting to no-operation (NOP) logger implementation
2023-11-21 21:35:42,794 [ERROR] LogOutputStream:75 - [STDERR_REDIRECT] SLF4J: See http://www.slf4j.org/codes.html#StaticLoggerBinder for further details.
2023-11-21 21:38:54,246 [ERROR] ConfigurationRetriever:142 - IOException on connection: Connect timed out
2023-11-21 21:38:56,248 [ERROR] ConfigurationRetriever:142 - IOException on connection: Connect timed out
2023-11-21 21:38:58,249 [ERROR] ConfigurationRetriever:142 - IOException on connection: Connect timed out
2023-11-21 21:38:59,398 [ERROR] LogOutputStream:75 - [STDERR_REDIRECT] 
