2023-08-12 03:50:57,535 [INFO] Activator:176 - 


2023-08-12 03:50:57,538 [INFO] Activator:177 - !SESSION log4j initialized
2023-08-12 03:51:01,593 [INFO] LogOutputStream:77 - [STDOUT_REDIRECT] 
2023-08-12 03:51:03,280 [INFO] ApplicationProperties:184 - Using Application install path: C:\ST\STM32CubeIDE_1.13.1\STM32CubeIDE\plugins\com.st.stm32cube.common.mx_6.9.1.202307191849
2023-08-12 03:51:03,304 [INFO] DbMcusXml:78 - Set database path to: C:\ST\STM32CubeIDE_1.13.1\STM32CubeIDE\plugins\com.st.stm32cube.common.mx_6.9.1.202307191849\\db\/mcu/
2023-08-12 03:51:03,304 [INFO] ApiDb:274 - Set plugin database path to: C:\ST\STM32CubeIDE_1.13.1\STM32CubeIDE\plugins\com.st.stm32cube.common.mx_6.9.1.202307191849\\db\/plugins/boardmanager/
2023-08-12 03:51:03,305 [WARN] ApiDb:259 - Overriding images path with different value:  => C:\ST\STM32CubeIDE_1.13.1\STM32CubeIDE\plugins\com.st.stm32cube.common.mx_6.9.1.202307191849\\db\/plugins/mcufinder/images/
2023-08-12 03:51:03,320 [INFO] ApiDb:250 - Set database path to: C:\Users\arunk\.stmcufinder\plugins\mcufinder//mcu/
2023-08-12 03:51:03,322 [INFO] DbMcusAds:125 - Set database path to: C:\Users\arunk\.stmcufinder\plugins\mcufinder//mcu/
2023-08-12 03:51:03,324 [INFO] CrossReferenceDbSqlite:203 - Set database path to: C:\Users\arunk\.stmcufinder\plugins\mcufinder//mcu/cs/
2023-08-12 03:51:03,482 [INFO] RulesReader:64 - Compatibility file has been processed (293 Rules)
2023-08-12 03:51:03,571 [INFO] DbMcusXml:78 - Set database path to: C:\ST\STM32CubeIDE_1.13.1\STM32CubeIDE\plugins\com.st.stm32cube.common.mx_6.9.1.202307191849\\db\/mcu/
2023-08-12 03:51:03,571 [INFO] ApiDb:274 - Set plugin database path to: C:\ST\STM32CubeIDE_1.13.1\STM32CubeIDE\plugins\com.st.stm32cube.common.mx_6.9.1.202307191849\\db\/plugins/boardmanager/
2023-08-12 03:51:03,571 [INFO] ApiDb:261 - Set plugin images path to: C:\ST\STM32CubeIDE_1.13.1\STM32CubeIDE\plugins\com.st.stm32cube.common.mx_6.9.1.202307191849\\db\/plugins/mcufinder/images/
2023-08-12 03:51:03,572 [WARN] DbFile:41 - Overriding database path with different value: C:\Users\arunk\.stmcufinder\plugins\mcufinder/ => C:\Users\arunk\.stmcufinder\plugins\mcufinder
2023-08-12 03:51:03,572 [INFO] ApiDb:250 - Set database path to: C:\Users\arunk\.stmcufinder\plugins\mcufinder//mcu/
2023-08-12 03:51:03,572 [WARN] DbFile:41 - Overriding database path with different value: C:\Users\arunk\.stmcufinder\plugins\mcufinder/ => C:\Users\arunk\.stmcufinder\plugins\mcufinder
2023-08-12 03:51:03,572 [INFO] DbMcusAds:125 - Set database path to: C:\Users\arunk\.stmcufinder\plugins\mcufinder//mcu/
2023-08-12 03:51:03,572 [WARN] DbFile:41 - Overriding database path with different value: C:\Users\arunk\.stmcufinder\plugins\mcufinder/ => C:\Users\arunk\.stmcufinder\plugins\mcufinder
2023-08-12 03:51:03,572 [WARN] DbFile:41 - Overriding database path with different value: C:\Users\arunk\.stmcufinder\plugins\mcufinder/ => C:\Users\arunk\.stmcufinder\plugins\mcufinder
2023-08-12 03:51:03,572 [INFO] CrossReferenceDbSqlite:203 - Set database path to: C:\Users\arunk\.stmcufinder\plugins\mcufinder//mcu/cs/
2023-08-12 03:51:03,653 [INFO] MainPanel:262 - HeapMemory: 268435456
2023-08-12 03:51:03,764 [INFO] DbMcusXml:78 - Set database path to: C:\ST\STM32CubeIDE_1.13.1\STM32CubeIDE\plugins\com.st.stm32cube.common.mx_6.9.1.202307191849\\db\/mcu/
2023-08-12 03:51:03,764 [INFO] ApiDb:274 - Set plugin database path to: C:\ST\STM32CubeIDE_1.13.1\STM32CubeIDE\plugins\com.st.stm32cube.common.mx_6.9.1.202307191849\\db\/plugins/boardmanager/
2023-08-12 03:51:03,764 [INFO] ApiDb:261 - Set plugin images path to: C:\ST\STM32CubeIDE_1.13.1\STM32CubeIDE\plugins\com.st.stm32cube.common.mx_6.9.1.202307191849\\db\/plugins/mcufinder/images/
2023-08-12 03:51:03,765 [WARN] DbFile:41 - Overriding database path with different value: C:\Users\arunk\.stmcufinder\plugins\mcufinder/ => C:\Users\arunk\.stmcufinder\plugins\mcufinder
2023-08-12 03:51:03,765 [INFO] ApiDb:250 - Set database path to: C:\Users\arunk\.stmcufinder\plugins\mcufinder//mcu/
2023-08-12 03:51:03,765 [WARN] DbFile:41 - Overriding database path with different value: C:\Users\arunk\.stmcufinder\plugins\mcufinder/ => C:\Users\arunk\.stmcufinder\plugins\mcufinder
2023-08-12 03:51:03,765 [INFO] DbMcusAds:125 - Set database path to: C:\Users\arunk\.stmcufinder\plugins\mcufinder//mcu/
2023-08-12 03:51:03,765 [WARN] DbFile:41 - Overriding database path with different value: C:\Users\arunk\.stmcufinder\plugins\mcufinder/ => C:\Users\arunk\.stmcufinder\plugins\mcufinder
2023-08-12 03:51:03,765 [WARN] DbFile:41 - Overriding database path with different value: C:\Users\arunk\.stmcufinder\plugins\mcufinder/ => C:\Users\arunk\.stmcufinder\plugins\mcufinder
2023-08-12 03:51:03,765 [INFO] CrossReferenceDbSqlite:203 - Set database path to: C:\Users\arunk\.stmcufinder\plugins\mcufinder//mcu/cs/
2023-08-12 03:51:03,785 [INFO] ApplicationProperties:184 - Using Application install path: C:\ST\STM32CubeIDE_1.13.1\STM32CubeIDE\plugins\com.st.stm32cube.common.mx_6.9.1.202307191849
2023-08-12 03:51:03,787 [INFO] PluginManage:196 - Search for loadable plugins [exclusion list=, ]
2023-08-12 03:51:03,789 [INFO] PluginManage:310 - Check plugin analytics
2023-08-12 03:51:03,964 [INFO] AnalyticsPlugin:253 - Accepted Software Licenses: 
2023-08-12 03:51:03,964 [INFO] AnalyticsPlugin:255 - Accepted CMSIS Pack Licenses: 
2023-08-12 03:51:03,966 [INFO] AnalyticsPlugin:257 - Accepted Firmware Licenses: 
2023-08-12 03:51:03,968 [INFO] PluginManage:359 - Loaded plugin analytics (category:tool,tabindex:-1)
2023-08-12 03:51:03,969 [INFO] PluginManage:310 - Check plugin cadmodel
2023-08-12 03:51:03,976 [INFO] CADModel:105 - Init CAD model plugin
2023-08-12 03:51:03,976 [INFO] PluginManage:359 - Loaded plugin cadmodel (category:power,tabindex:5)
2023-08-12 03:51:03,976 [INFO] PluginManage:310 - Check plugin clock
2023-08-12 03:51:03,990 [INFO] PluginManage:359 - Loaded plugin clock (category:base,tabindex:2)
2023-08-12 03:51:03,990 [INFO] PluginManage:310 - Check plugin ddr
2023-08-12 03:51:03,994 [INFO] PluginManage:359 - Loaded plugin ddr (category:tool,tabindex:6)
2023-08-12 03:51:03,994 [INFO] PluginManage:310 - Check plugin filemanager
2023-08-12 03:51:04,129 [INFO] PluginManage:359 - Loaded plugin filemanager (category:base,tabindex:10)
2023-08-12 03:51:04,129 [INFO] PluginManage:310 - Check plugin ipmanager
2023-08-12 03:51:04,137 [INFO] PluginManage:359 - Loaded plugin ipmanager (category:base,tabindex:5)
2023-08-12 03:51:04,137 [INFO] PluginManage:310 - Check plugin lpbam
2023-08-12 03:51:04,149 [INFO] PluginManage:359 - Loaded plugin lpbam (category:base,tabindex:0)
2023-08-12 03:51:04,149 [INFO] PluginManage:310 - Check plugin memorymap
2023-08-12 03:51:04,166 [INFO] PluginManage:359 - Loaded plugin memorymap (category:base,tabindex:4)
2023-08-12 03:51:04,167 [INFO] PluginManage:310 - Check plugin pinoutandconfiguration
2023-08-12 03:51:04,176 [INFO] PluginManage:359 - Loaded plugin pinoutandconfiguration (category:base,tabindex:1)
2023-08-12 03:51:04,176 [INFO] PluginManage:310 - Check plugin pinoutconfig
2023-08-12 03:51:04,269 [WARN] SupportedApi:132 - Cannot load RTOS API schema: s4s-elt-must-match.1: The content of 'definitions' must match (annotation?, (simpleType | complexType)?, (unique | key | keyref)*)). A problem was found starting at: attribute.
2023-08-12 03:51:04,407 [INFO] PluginManage:359 - Loaded plugin pinoutconfig (category:base,tabindex:0)
2023-08-12 03:51:04,407 [INFO] PluginManage:310 - Check plugin power
2023-08-12 03:51:04,419 [INFO] PluginManage:359 - Loaded plugin power (category:power,tabindex:4)
2023-08-12 03:51:04,419 [INFO] PluginManage:310 - Check plugin projectmanager
2023-08-12 03:51:04,433 [INFO] PluginManage:359 - Loaded plugin projectmanager (category:projectmanager,tabindex:3)
2023-08-12 03:51:04,433 [INFO] PluginManage:310 - Check plugin thirdparty
2023-08-12 03:51:04,577 [INFO] PluginManage:359 - Loaded plugin thirdparty (category:base,tabindex:-1)
2023-08-12 03:51:04,578 [INFO] PluginManage:310 - Check plugin tools
2023-08-12 03:51:04,577 [WARN] IntegrityCheckThread:84 - waiting for thirdparty lock release [integrity check]
2023-08-12 03:51:04,578 [INFO] IntegrityCheckThread:86 - entering critical section [integrity check]
2023-08-12 03:51:04,579 [INFO] ThirdPartyUpdaterWithRetryManager:70 - Updater plugin not ready yet. [1/15]
2023-08-12 03:51:04,581 [INFO] PluginManage:359 - Loaded plugin tools (category:base,tabindex:7)
2023-08-12 03:51:04,581 [INFO] PluginManage:310 - Check plugin tutovideos
2023-08-12 03:51:04,762 [INFO] PluginManage:359 - Loaded plugin tutovideos (category:base,tabindex:-1)
2023-08-12 03:51:04,762 [INFO] PluginManage:310 - Check plugin updater
2023-08-12 03:51:04,773 [INFO] PluginManage:359 - Loaded plugin updater (category:base,tabindex:12)
2023-08-12 03:51:04,774 [INFO] PluginManage:310 - Check plugin userauth
2023-08-12 03:51:04,779 [INFO] UserAuth:113 - Init User Auth plugin
2023-08-12 03:51:04,779 [INFO] PluginManage:359 - Loaded plugin userauth (category:base,tabindex:14)
2023-08-12 03:51:04,780 [INFO] PluginManage:283 - PluginManage : Loaded plugins [17]
2023-08-12 03:51:05,015 [INFO] PinOutPanel:1499 - setPackage(No Configuration,No Configuration)
2023-08-12 03:51:05,118 [INFO] CADModel:165 - CPN selected for project level
2023-08-12 03:51:05,118 [INFO] CADModel:114 - Register for checkConnection events
2023-08-12 03:51:05,136 [INFO] IPUIPlugin:80 - create IPUIPlugin
2023-08-12 03:51:05,136 [INFO] PluginManager:220 - loadIPPluginJar : add adc
2023-08-12 03:51:05,138 [INFO] IPUIPlugin:80 - create IPUIPlugin
2023-08-12 03:51:05,138 [INFO] PluginManager:220 - loadIPPluginJar : add aes
2023-08-12 03:51:05,141 [INFO] IPUIPlugin:80 - create IPUIPlugin
2023-08-12 03:51:05,141 [INFO] PluginManager:220 - loadIPPluginJar : add can
2023-08-12 03:51:05,142 [INFO] IPUIPlugin:80 - create IPUIPlugin
2023-08-12 03:51:05,142 [INFO] PluginManager:220 - loadIPPluginJar : add comp
2023-08-12 03:51:05,145 [INFO] IPUIPlugin:80 - create IPUIPlugin
2023-08-12 03:51:05,145 [INFO] PluginManager:220 - loadIPPluginJar : add cryp
2023-08-12 03:51:05,147 [INFO] IPUIPlugin:80 - create IPUIPlugin
2023-08-12 03:51:05,147 [INFO] PluginManager:220 - loadIPPluginJar : add dfsdm
2023-08-12 03:51:05,152 [INFO] IPUIPlugin:80 - create IPUIPlugin
2023-08-12 03:51:05,152 [INFO] PluginManager:220 - loadIPPluginJar : add dma
2023-08-12 03:51:05,156 [INFO] IPUIPlugin:80 - create IPUIPlugin
2023-08-12 03:51:05,156 [INFO] PluginManager:220 - loadIPPluginJar : add dma3
2023-08-12 03:51:05,158 [INFO] IPUIPlugin:80 - create IPUIPlugin
2023-08-12 03:51:05,158 [INFO] PluginManager:220 - loadIPPluginJar : add fatfs
2023-08-12 03:51:05,161 [INFO] IPUIPlugin:80 - create IPUIPlugin
2023-08-12 03:51:05,161 [INFO] PluginManager:220 - loadIPPluginJar : add fmc
2023-08-12 03:51:05,167 [INFO] IPUIPlugin:80 - create IPUIPlugin
2023-08-12 03:51:05,167 [INFO] PluginManager:220 - loadIPPluginJar : add freertos
2023-08-12 03:51:05,168 [INFO] IPUIPlugin:80 - create IPUIPlugin
2023-08-12 03:51:05,168 [INFO] PluginManager:220 - loadIPPluginJar : add genericplugin
2023-08-12 03:51:05,172 [INFO] IPUIPlugin:80 - create IPUIPlugin
2023-08-12 03:51:05,172 [INFO] PluginManager:220 - loadIPPluginJar : add gfxmmu
2023-08-12 03:51:05,176 [INFO] IPUIPlugin:80 - create IPUIPlugin
2023-08-12 03:51:05,176 [INFO] PluginManager:220 - loadIPPluginJar : add gic
2023-08-12 03:51:05,179 [INFO] IPUIPlugin:80 - create IPUIPlugin
2023-08-12 03:51:05,179 [INFO] PluginManager:220 - loadIPPluginJar : add gpio
2023-08-12 03:51:05,182 [INFO] IPUIPlugin:80 - create IPUIPlugin
2023-08-12 03:51:05,182 [INFO] PluginManager:220 - loadIPPluginJar : add gtzc
2023-08-12 03:51:05,185 [INFO] IPUIPlugin:80 - create IPUIPlugin
2023-08-12 03:51:05,185 [INFO] PluginManager:220 - loadIPPluginJar : add hash
2023-08-12 03:51:05,188 [INFO] IPUIPlugin:80 - create IPUIPlugin
2023-08-12 03:51:05,188 [INFO] PluginManager:220 - loadIPPluginJar : add i2c
2023-08-12 03:51:05,190 [INFO] IPUIPlugin:80 - create IPUIPlugin
2023-08-12 03:51:05,190 [INFO] PluginManager:220 - loadIPPluginJar : add i2s
2023-08-12 03:51:05,193 [INFO] IPUIPlugin:80 - create IPUIPlugin
2023-08-12 03:51:05,193 [INFO] PluginManager:220 - loadIPPluginJar : add i3c
2023-08-12 03:51:05,196 [INFO] IPUIPlugin:80 - create IPUIPlugin
2023-08-12 03:51:05,196 [INFO] PluginManager:220 - loadIPPluginJar : add ipddr
2023-08-12 03:51:05,204 [INFO] IPUIPlugin:80 - create IPUIPlugin
2023-08-12 03:51:05,204 [INFO] PluginManager:220 - loadIPPluginJar : add linkedlist
2023-08-12 03:51:05,207 [INFO] IPUIPlugin:80 - create IPUIPlugin
2023-08-12 03:51:05,208 [INFO] PluginManager:220 - loadIPPluginJar : add lorawan
2023-08-12 03:51:05,209 [INFO] IPUIPlugin:80 - create IPUIPlugin
2023-08-12 03:51:05,209 [INFO] PluginManager:220 - loadIPPluginJar : add ltdc
2023-08-12 03:51:05,215 [INFO] IPUIPlugin:80 - create IPUIPlugin
2023-08-12 03:51:05,215 [INFO] PluginManager:220 - loadIPPluginJar : add mdma
2023-08-12 03:51:05,218 [INFO] IPUIPlugin:80 - create IPUIPlugin
2023-08-12 03:51:05,218 [INFO] PluginManager:220 - loadIPPluginJar : add nvic
2023-08-12 03:51:05,221 [INFO] IPUIPlugin:80 - create IPUIPlugin
2023-08-12 03:51:05,221 [INFO] PluginManager:220 - loadIPPluginJar : add opamp
2023-08-12 03:51:05,224 [INFO] IPUIPlugin:80 - create IPUIPlugin
2023-08-12 03:51:05,224 [INFO] PluginManager:220 - loadIPPluginJar : add openamp
2023-08-12 03:51:05,227 [INFO] IPUIPlugin:80 - create IPUIPlugin
2023-08-12 03:51:05,227 [INFO] PluginManager:220 - loadIPPluginJar : add pdm2pcm
2023-08-12 03:51:05,233 [INFO] IPUIPlugin:80 - create IPUIPlugin
2023-08-12 03:51:05,235 [INFO] PluginManager:220 - loadIPPluginJar : add plateformsettings
2023-08-12 03:51:05,236 [INFO] IPUIPlugin:80 - create IPUIPlugin
2023-08-12 03:51:05,236 [INFO] PluginManager:220 - loadIPPluginJar : add quadspi
2023-08-12 03:51:05,240 [INFO] IPUIPlugin:80 - create IPUIPlugin
2023-08-12 03:51:05,240 [INFO] PluginManager:220 - loadIPPluginJar : add resmgrutility
2023-08-12 03:51:05,243 [INFO] IPUIPlugin:80 - create IPUIPlugin
2023-08-12 03:51:05,243 [INFO] PluginManager:220 - loadIPPluginJar : add sai
2023-08-12 03:51:05,246 [INFO] IPUIPlugin:80 - create IPUIPlugin
2023-08-12 03:51:05,246 [INFO] PluginManager:220 - loadIPPluginJar : add spi
2023-08-12 03:51:05,249 [INFO] IPUIPlugin:80 - create IPUIPlugin
2023-08-12 03:51:05,249 [INFO] PluginManager:220 - loadIPPluginJar : add stm32_wpan
2023-08-12 03:51:05,250 [INFO] IPUIPlugin:80 - create IPUIPlugin
2023-08-12 03:51:05,250 [INFO] PluginManager:220 - loadIPPluginJar : add tim
2023-08-12 03:51:05,253 [INFO] IPUIPlugin:80 - create IPUIPlugin
2023-08-12 03:51:05,253 [INFO] PluginManager:220 - loadIPPluginJar : add touchsensing
2023-08-12 03:51:05,256 [INFO] IPUIPlugin:80 - create IPUIPlugin
2023-08-12 03:51:05,256 [INFO] PluginManager:220 - loadIPPluginJar : add tracer_emb
2023-08-12 03:51:05,258 [INFO] IPUIPlugin:80 - create IPUIPlugin
2023-08-12 03:51:05,258 [INFO] PluginManager:220 - loadIPPluginJar : add ts
2023-08-12 03:51:05,260 [INFO] IPUIPlugin:80 - create IPUIPlugin
2023-08-12 03:51:05,260 [INFO] PluginManager:220 - loadIPPluginJar : add tsc
2023-08-12 03:51:05,261 [INFO] IPUIPlugin:80 - create IPUIPlugin
2023-08-12 03:51:05,261 [INFO] PluginManager:220 - loadIPPluginJar : add ucpd
2023-08-12 03:51:05,264 [INFO] IPUIPlugin:80 - create IPUIPlugin
2023-08-12 03:51:05,264 [INFO] PluginManager:220 - loadIPPluginJar : add usart
2023-08-12 03:51:05,267 [INFO] IPUIPlugin:80 - create IPUIPlugin
2023-08-12 03:51:05,267 [INFO] PluginManager:220 - loadIPPluginJar : add usbx
2023-08-12 03:51:05,389 [INFO] CADModel:165 - CPN selected for project level
2023-08-12 03:51:05,389 [INFO] CADModel:114 - Register for checkConnection events
2023-08-12 03:51:05,389 [FATAL] Updater:308 - Updater called before beeing initialized
2023-08-12 03:51:05,389 [ERROR] CADModel:125 - Updater not yet initialized, retry later 
2023-08-12 03:51:05,536 [INFO] CADModel:165 - CPN selected for project level
2023-08-12 03:51:05,536 [INFO] CADModel:114 - Register for checkConnection events
2023-08-12 03:51:05,536 [FATAL] Updater:308 - Updater called before beeing initialized
2023-08-12 03:51:05,536 [ERROR] CADModel:125 - Updater not yet initialized, retry later 
2023-08-12 03:51:05,539 [FATAL] Updater:308 - Updater called before beeing initialized
2023-08-12 03:51:05,634 [FATAL] Updater:308 - Updater called before beeing initialized
2023-08-12 03:51:05,641 [INFO] DbMcusAds:53 - JSON generation date=Thu Sep 30 12:25:09 IST 2021 (1632984909247)
2023-08-12 03:51:05,641 [FATAL] Updater:308 - Updater called before beeing initialized
2023-08-12 03:51:05,680 [WARN] DetailPanel:346 - Failed to get advertising image, set to default
2023-08-12 03:51:05,785 [FATAL] Updater:308 - Updater called before beeing initialized
2023-08-12 03:51:05,788 [FATAL] Updater:308 - Updater called before beeing initialized
2023-08-12 03:51:05,788 [FATAL] Updater:308 - Updater called before beeing initialized
2023-08-12 03:51:05,789 [WARN] DetailPanel:346 - Failed to get advertising image, set to default
2023-08-12 03:51:05,790 [FATAL] Updater:308 - Updater called before beeing initialized
2023-08-12 03:51:05,854 [ERROR] Updater:1120 - MainUpdater not yet initialized. External WinMGr cannot be set.
2023-08-12 03:51:05,857 [INFO] Updater:1056 - Updater Version found : 6.9.1
2023-08-12 03:51:05,877 [INFO] ApplicationProperties:184 - Using Application install path: C:\ST\STM32CubeIDE_1.13.1\STM32CubeIDE\plugins\com.st.stm32cube.common.mx_6.9.1.202307191849
2023-08-12 03:51:05,980 [INFO] MainUpdater:2868 - connection check result : 10
2023-08-12 03:51:05,981 [INFO] MainUpdater:285 - Updater Check For Update Now.
2023-08-12 03:51:05,981 [INFO] MicroXplorer:498 - Change Database Version : DB.6.0.91
2023-08-12 03:51:05,990 [INFO] McuFinderGlobals:63 - Set McuFinder mode to 2 (CubeIDE integrated)
2023-08-12 03:51:05,992 [INFO] UserAuth:179 - activating auth plugin
2023-08-12 03:51:05,994 [INFO] UserAuth:393 - Internet connection configuration mode: 1
2023-08-12 03:51:06,014 [INFO] JxBrowserEngine:151 - Initiate JxBrowser Engine with user profile folder
2023-08-12 03:51:06,152 [INFO] CheckServerUpdateThread:120 - End of CheckServer Thread
2023-08-12 03:51:06,899 [INFO] WebApp:157 - Instantiating new browser for Auth
2023-08-12 03:51:07,614 [INFO] WebApp:753 - Register for checkConnection events
2023-08-12 03:51:07,614 [INFO] WebApp:390 - Apply proxy settings
2023-08-12 03:51:07,614 [INFO] WebApp:475 - Chromium requires no authentication
2023-08-12 03:51:07,624 [INFO] WebApp:418 - Direct internet connection detected
2023-08-12 03:51:07,744 [WARN] PackLoader:240 - Cannot read IP mode file for STMicroelectronics.X-CUBE-SMBUS.2.1.0
2023-08-12 03:51:07,777 [WARN] PackLoader:240 - Cannot read IP mode file for STMicroelectronics.X-CUBE-AZRTOS-F7.1.1.0
2023-08-12 03:51:07,791 [WARN] PackLoader:240 - Cannot read IP mode file for STMicroelectronics.FP-SNS-MOTENV1.4.3.2
2023-08-12 03:51:07,821 [WARN] PackLoader:240 - Cannot read IP mode file for STMicroelectronics.X-CUBE-BLE1.6.2.4
2023-08-12 03:51:07,836 [WARN] PackLoader:240 - Cannot read IP mode file for STMicroelectronics.FP-SNS-FLIGHT1.5.0.2
2023-08-12 03:51:07,846 [WARN] PackLoader:240 - Cannot read IP mode file for STMicroelectronics.X-CUBE-DISPLAY.3.0.0
2023-08-12 03:51:07,858 [WARN] PackLoader:240 - Cannot read IP mode file for emotas.I-CUBE-CANOPEN.1.3.0
2023-08-12 03:51:07,863 [WARN] PackLoader:240 - Cannot read IP mode file for STMicroelectronics.X-CUBE-TOUCHGFX.4.22.0
2023-08-12 03:51:07,874 [INFO] LogOutputStream:77 - [STDOUT_REDIRECT] 1 : Invalid condition id : UX_CORESTACK_Condition cause : null
2023-08-12 03:51:07,874 [INFO] LogOutputStream:77 - [STDOUT_REDIRECT] 1 : Invalid condition id : UX_CORESTACK_Condition cause : null
2023-08-12 03:51:07,875 [INFO] LogOutputStream:77 - [STDOUT_REDIRECT] 1 : Invalid condition id : UX_CORESTACK_Condition cause : null
2023-08-12 03:51:07,876 [INFO] LogOutputStream:77 - [STDOUT_REDIRECT] 1 : Invalid condition id : UX_CORESTACK_Condition cause : null
2023-08-12 03:51:07,877 [INFO] LogOutputStream:77 - [STDOUT_REDIRECT] 1 : Invalid condition id : UX_CORESTACK_Condition cause : null
2023-08-12 03:51:07,881 [WARN] PackLoader:240 - Cannot read IP mode file for STMicroelectronics.X-CUBE-AZRTOS-WL.2.0.0
2023-08-12 03:51:07,890 [WARN] PackLoader:240 - Cannot read IP mode file for WES.I-CUBE-Cesium.1.3.0
2023-08-12 03:51:07,895 [WARN] PackLoader:240 - Cannot read IP mode file for STMicroelectronics.X-CUBE-BLE2.3.3.0
2023-08-12 03:51:07,901 [WARN] PackLoader:240 - Cannot read IP mode file for STMicroelectronics.X-CUBE-ALGOBUILD.1.3.0
2023-08-12 03:51:07,911 [INFO] WebApp:188 - Starting web application
2023-08-12 03:51:07,911 [INFO] WebApp:520 - Web application path used C:\ST\STM32CubeIDE_1.13.1\STM32CubeIDE\plugins\com.st.stm32cube.common.mx_6.9.1.202307191849\db\plugins\mcufinder\reactClient1\index.html
2023-08-12 03:51:07,920 [WARN] PackLoader:240 - Cannot read IP mode file for STMicroelectronics.X-CUBE-AZRTOS-G0.1.1.0
2023-08-12 03:51:07,931 [WARN] PackLoader:240 - Cannot read IP mode file for STMicroelectronics.X-CUBE-NFC4.3.0.0
2023-08-12 03:51:07,937 [WARN] PackLoader:240 - Cannot read IP mode file for STMicroelectronics.FP-ATR-SIGFOX1.3.2.0
2023-08-12 03:51:07,966 [WARN] PackLoader:240 - Cannot read IP mode file for SEGGER.I-CUBE-embOS.1.3.1
2023-08-12 03:51:08,014 [WARN] PackLoader:240 - Cannot read IP mode file for STMicroelectronics.X-CUBE-GNSS1.6.0.0
2023-08-12 03:51:08,039 [WARN] PackLoader:240 - Cannot read IP mode file for STMicroelectronics.X-CUBE-AZRTOS-F4.1.1.0
2023-08-12 03:51:08,050 [WARN] PackLoader:240 - Cannot read IP mode file for wolfSSL.I-CUBE-wolfSSL.5.6.3
2023-08-12 03:51:08,070 [WARN] PackLoader:240 - Cannot read IP mode file for STMicroelectronics.X-CUBE-AZRTOS-L5.2.0.0
2023-08-12 03:51:08,119 [WARN] PackLoader:240 - Cannot read IP mode file for STMicroelectronics.X-CUBE-MEMS1.9.6.0
2023-08-12 03:51:08,240 [WARN] PackLoader:240 - Cannot read IP mode file for STMicroelectronics.X-CUBE-BLEMGR.2.0.0
2023-08-12 03:51:08,255 [WARN] ConditionMgr:438 - getConditionDescription Invalid condition id : UX DEVICE CLASS RTOS Condition cause : null
2023-08-12 03:51:08,255 [WARN] ConditionMgr:438 - getConditionDescription Invalid condition id : UX DEVICE CLASS RTOS Condition cause : null
2023-08-12 03:51:08,257 [WARN] PackLoader:240 - Cannot read IP mode file for STMicroelectronics.X-CUBE-AZRTOS-H7.3.1.0
2023-08-12 03:51:08,258 [WARN] ConditionMgr:1039 - genDependencies : Invalid condition id : UX DEVICE CLASS RTOS Condition cause : null
2023-08-12 03:51:08,258 [WARN] ConditionMgr:1039 - genDependencies : Invalid condition id : UX DEVICE CLASS RTOS Condition cause : null
2023-08-12 03:51:08,259 [WARN] ConditionMgr:1039 - genDependencies : Invalid condition id : UX DEVICE CLASS RTOS Condition cause : null
2023-08-12 03:51:08,259 [WARN] ConditionMgr:1039 - genDependencies : Invalid condition id : UX DEVICE CLASS RTOS Condition cause : null
2023-08-12 03:51:08,259 [WARN] ConditionMgr:1039 - genDependencies : Invalid condition id : UX DEVICE CLASS RTOS Condition cause : null
2023-08-12 03:51:08,266 [WARN] PackLoader:240 - Cannot read IP mode file for STMicroelectronics.X-CUBE-NFC7.1.0.1
2023-08-12 03:51:08,271 [WARN] PackLoader:240 - Cannot read IP mode file for STMicroelectronics.X-CUBE-EEPRMA1.4.1.0
2023-08-12 03:51:08,276 [WARN] PackLoader:240 - Cannot read IP mode file for STMicroelectronics.X-CUBE-AI.8.1.0
2023-08-12 03:51:08,290 [WARN] ConditionMgr:438 - getConditionDescription Invalid condition id : LAN8742 Phy interface Condition cause : null
2023-08-12 03:51:08,290 [WARN] PackLoader:240 - Cannot read IP mode file for STMicroelectronics.X-CUBE-AZRTOS-L4.2.0.0
2023-08-12 03:51:08,292 [WARN] ConditionMgr:1039 - genDependencies : Invalid condition id : LAN8742 Phy interface Condition cause : null
2023-08-12 03:51:08,292 [WARN] ConditionMgr:1039 - genDependencies : Invalid condition id : LAN8742 Phy interface Condition cause : null
2023-08-12 03:51:08,293 [WARN] ConditionMgr:1039 - genDependencies : Invalid condition id : LAN8742 Phy interface Condition cause : null
2023-08-12 03:51:08,310 [WARN] PackLoader:240 - Cannot read IP mode file for STMicroelectronics.X-CUBE-SFXS2LP1.4.0.0
2023-08-12 03:51:08,314 [WARN] PackLoader:240 - Cannot read IP mode file for STMicroelectronics.X-CUBE-ISPU.1.1.0
2023-08-12 03:51:08,324 [WARN] ConditionMgr:438 - getConditionDescription Invalid condition id : UX DEVICE CLASS RTOS Condition cause : null
2023-08-12 03:51:08,324 [WARN] ConditionMgr:438 - getConditionDescription Invalid condition id : UX DEVICE CLASS RTOS Condition cause : null
2023-08-12 03:51:08,326 [WARN] PackLoader:240 - Cannot read IP mode file for STMicroelectronics.X-CUBE-AZRTOS-WB.2.0.0
2023-08-12 03:51:08,327 [WARN] ConditionMgr:1039 - genDependencies : Invalid condition id : UX DEVICE CLASS RTOS Condition cause : null
2023-08-12 03:51:08,327 [WARN] ConditionMgr:1039 - genDependencies : Invalid condition id : UX DEVICE CLASS RTOS Condition cause : null
2023-08-12 03:51:08,328 [WARN] ConditionMgr:1039 - genDependencies : Invalid condition id : UX DEVICE CLASS RTOS Condition cause : null
2023-08-12 03:51:08,328 [WARN] ConditionMgr:1039 - genDependencies : Invalid condition id : UX DEVICE CLASS RTOS Condition cause : null
2023-08-12 03:51:08,328 [WARN] ConditionMgr:1039 - genDependencies : Invalid condition id : UX DEVICE CLASS RTOS Condition cause : null
2023-08-12 03:51:08,333 [WARN] PackLoader:240 - Cannot read IP mode file for STMicroelectronics.X-CUBE-FREERTOS.1.0.1
2023-08-12 03:51:08,345 [WARN] PackLoader:240 - Cannot read IP mode file for STMicroelectronics.X-CUBE-AZRTOS-L5.1.1.0
2023-08-12 03:51:08,357 [WARN] PackLoader:240 - Cannot read IP mode file for STMicroelectronics.X-CUBE-SUBG2.5.0.0
2023-08-12 03:51:08,370 [WARN] PackLoader:240 - Cannot read IP mode file for STMicroelectronics.X-CUBE-TOF1.3.3.1
2023-08-12 03:51:08,397 [WARN] PackLoader:240 - Cannot read IP mode file for STMicroelectronics.X-CUBE-AZRTOS-G4.2.0.0
2023-08-12 03:51:08,406 [WARN] PackLoader:240 - Cannot read IP mode file for portGmbH.I-Cube-SoM-uGOAL.1.1.0
2023-08-12 03:51:08,412 [WARN] PackLoader:240 - Cannot read IP mode file for STMicroelectronics.X-CUBE-ALS.1.0.1
2023-08-12 03:51:08,427 [WARN] PackLoader:240 - Cannot read IP mode file for STMicroelectronics.X-CUBE-AZRTOS-WB.1.1.0
2023-08-12 03:51:08,434 [WARN] PackLoader:240 - Cannot read IP mode file for STMicroelectronics.FP-ATR-ASTRA1.2.0.0
2023-08-12 03:51:08,435 [INFO] ThirdParty:978 - Integrity check success = true
2023-08-12 03:51:08,436 [INFO] IntegrityCheckThread:100 - exiting critical section [integrity check]
2023-08-12 03:51:08,436 [INFO] IntegrityCheckThread:103 - End integrity checks thread
2023-08-12 03:51:28,870 [ERROR] LogOutputStream:75 - [STDERR_REDIRECT] SLF4J: Failed to load class "org.slf4j.impl.StaticLoggerBinder".
2023-08-12 03:51:28,870 [ERROR] LogOutputStream:75 - [STDERR_REDIRECT] SLF4J: Defaulting to no-operation (NOP) logger implementation
2023-08-12 03:51:28,872 [ERROR] LogOutputStream:75 - [STDERR_REDIRECT] SLF4J: See http://www.slf4j.org/codes.html#StaticLoggerBinder for further details.
2023-08-12 10:58:36,208 [ERROR] LogOutputStream:75 - [STDERR_REDIRECT] 
2023-08-12 10:58:53,273 [INFO] Activator:176 - 


2023-08-12 10:58:53,277 [INFO] Activator:177 - !SESSION log4j initialized
2023-08-12 10:58:57,971 [INFO] LogOutputStream:77 - [STDOUT_REDIRECT] 
2023-08-12 10:59:00,105 [INFO] ApplicationProperties:184 - Using Application install path: C:\ST\STM32CubeIDE_1.13.1\STM32CubeIDE\plugins\com.st.stm32cube.common.mx_6.9.1.202307191849
2023-08-12 10:59:00,125 [INFO] DbMcusXml:78 - Set database path to: C:\ST\STM32CubeIDE_1.13.1\STM32CubeIDE\plugins\com.st.stm32cube.common.mx_6.9.1.202307191849\\db\/mcu/
2023-08-12 10:59:00,125 [INFO] ApiDb:274 - Set plugin database path to: C:\ST\STM32CubeIDE_1.13.1\STM32CubeIDE\plugins\com.st.stm32cube.common.mx_6.9.1.202307191849\\db\/plugins/boardmanager/
2023-08-12 10:59:00,126 [WARN] ApiDb:259 - Overriding images path with different value:  => C:\ST\STM32CubeIDE_1.13.1\STM32CubeIDE\plugins\com.st.stm32cube.common.mx_6.9.1.202307191849\\db\/plugins/mcufinder/images/
2023-08-12 10:59:00,137 [INFO] ApiDb:250 - Set database path to: C:\Users\arunk\.stmcufinder\plugins\mcufinder//mcu/
2023-08-12 10:59:00,138 [INFO] DbMcusAds:125 - Set database path to: C:\Users\arunk\.stmcufinder\plugins\mcufinder//mcu/
2023-08-12 10:59:00,141 [INFO] CrossReferenceDbSqlite:203 - Set database path to: C:\Users\arunk\.stmcufinder\plugins\mcufinder//mcu/cs/
2023-08-12 10:59:00,254 [INFO] RulesReader:64 - Compatibility file has been processed (293 Rules)
2023-08-12 10:59:00,346 [INFO] DbMcusXml:78 - Set database path to: C:\ST\STM32CubeIDE_1.13.1\STM32CubeIDE\plugins\com.st.stm32cube.common.mx_6.9.1.202307191849\\db\/mcu/
2023-08-12 10:59:00,346 [INFO] ApiDb:274 - Set plugin database path to: C:\ST\STM32CubeIDE_1.13.1\STM32CubeIDE\plugins\com.st.stm32cube.common.mx_6.9.1.202307191849\\db\/plugins/boardmanager/
2023-08-12 10:59:00,346 [INFO] ApiDb:261 - Set plugin images path to: C:\ST\STM32CubeIDE_1.13.1\STM32CubeIDE\plugins\com.st.stm32cube.common.mx_6.9.1.202307191849\\db\/plugins/mcufinder/images/
2023-08-12 10:59:00,346 [WARN] DbFile:41 - Overriding database path with different value: C:\Users\arunk\.stmcufinder\plugins\mcufinder/ => C:\Users\arunk\.stmcufinder\plugins\mcufinder
2023-08-12 10:59:00,347 [INFO] ApiDb:250 - Set database path to: C:\Users\arunk\.stmcufinder\plugins\mcufinder//mcu/
2023-08-12 10:59:00,347 [WARN] DbFile:41 - Overriding database path with different value: C:\Users\arunk\.stmcufinder\plugins\mcufinder/ => C:\Users\arunk\.stmcufinder\plugins\mcufinder
2023-08-12 10:59:00,347 [INFO] DbMcusAds:125 - Set database path to: C:\Users\arunk\.stmcufinder\plugins\mcufinder//mcu/
2023-08-12 10:59:00,347 [WARN] DbFile:41 - Overriding database path with different value: C:\Users\arunk\.stmcufinder\plugins\mcufinder/ => C:\Users\arunk\.stmcufinder\plugins\mcufinder
2023-08-12 10:59:00,347 [WARN] DbFile:41 - Overriding database path with different value: C:\Users\arunk\.stmcufinder\plugins\mcufinder/ => C:\Users\arunk\.stmcufinder\plugins\mcufinder
2023-08-12 10:59:00,347 [INFO] CrossReferenceDbSqlite:203 - Set database path to: C:\Users\arunk\.stmcufinder\plugins\mcufinder//mcu/cs/
2023-08-12 10:59:00,440 [INFO] MainPanel:262 - HeapMemory: 268435456
2023-08-12 10:59:00,548 [INFO] DbMcusXml:78 - Set database path to: C:\ST\STM32CubeIDE_1.13.1\STM32CubeIDE\plugins\com.st.stm32cube.common.mx_6.9.1.202307191849\\db\/mcu/
2023-08-12 10:59:00,548 [INFO] ApiDb:274 - Set plugin database path to: C:\ST\STM32CubeIDE_1.13.1\STM32CubeIDE\plugins\com.st.stm32cube.common.mx_6.9.1.202307191849\\db\/plugins/boardmanager/
2023-08-12 10:59:00,548 [INFO] ApiDb:261 - Set plugin images path to: C:\ST\STM32CubeIDE_1.13.1\STM32CubeIDE\plugins\com.st.stm32cube.common.mx_6.9.1.202307191849\\db\/plugins/mcufinder/images/
2023-08-12 10:59:00,549 [WARN] DbFile:41 - Overriding database path with different value: C:\Users\arunk\.stmcufinder\plugins\mcufinder/ => C:\Users\arunk\.stmcufinder\plugins\mcufinder
2023-08-12 10:59:00,549 [INFO] ApiDb:250 - Set database path to: C:\Users\arunk\.stmcufinder\plugins\mcufinder//mcu/
2023-08-12 10:59:00,549 [WARN] DbFile:41 - Overriding database path with different value: C:\Users\arunk\.stmcufinder\plugins\mcufinder/ => C:\Users\arunk\.stmcufinder\plugins\mcufinder
2023-08-12 10:59:00,549 [INFO] DbMcusAds:125 - Set database path to: C:\Users\arunk\.stmcufinder\plugins\mcufinder//mcu/
2023-08-12 10:59:00,549 [WARN] DbFile:41 - Overriding database path with different value: C:\Users\arunk\.stmcufinder\plugins\mcufinder/ => C:\Users\arunk\.stmcufinder\plugins\mcufinder
2023-08-12 10:59:00,549 [WARN] DbFile:41 - Overriding database path with different value: C:\Users\arunk\.stmcufinder\plugins\mcufinder/ => C:\Users\arunk\.stmcufinder\plugins\mcufinder
2023-08-12 10:59:00,549 [INFO] CrossReferenceDbSqlite:203 - Set database path to: C:\Users\arunk\.stmcufinder\plugins\mcufinder//mcu/cs/
2023-08-12 10:59:00,570 [INFO] ApplicationProperties:184 - Using Application install path: C:\ST\STM32CubeIDE_1.13.1\STM32CubeIDE\plugins\com.st.stm32cube.common.mx_6.9.1.202307191849
2023-08-12 10:59:00,571 [INFO] PluginManage:196 - Search for loadable plugins [exclusion list=, ]
2023-08-12 10:59:00,572 [INFO] PluginManage:310 - Check plugin analytics
2023-08-12 10:59:00,726 [INFO] AnalyticsPlugin:253 - Accepted Software Licenses: 
2023-08-12 10:59:00,726 [INFO] AnalyticsPlugin:255 - Accepted CMSIS Pack Licenses: 
2023-08-12 10:59:00,727 [INFO] AnalyticsPlugin:257 - Accepted Firmware Licenses: 
2023-08-12 10:59:00,730 [INFO] PluginManage:359 - Loaded plugin analytics (category:tool,tabindex:-1)
2023-08-12 10:59:00,731 [INFO] PluginManage:310 - Check plugin cadmodel
2023-08-12 10:59:00,736 [INFO] CADModel:105 - Init CAD model plugin
2023-08-12 10:59:00,736 [INFO] PluginManage:359 - Loaded plugin cadmodel (category:power,tabindex:5)
2023-08-12 10:59:00,736 [INFO] PluginManage:310 - Check plugin clock
2023-08-12 10:59:00,747 [INFO] PluginManage:359 - Loaded plugin clock (category:base,tabindex:2)
2023-08-12 10:59:00,748 [INFO] PluginManage:310 - Check plugin ddr
2023-08-12 10:59:00,750 [INFO] PluginManage:359 - Loaded plugin ddr (category:tool,tabindex:6)
2023-08-12 10:59:00,750 [INFO] PluginManage:310 - Check plugin filemanager
2023-08-12 10:59:00,886 [INFO] PluginManage:359 - Loaded plugin filemanager (category:base,tabindex:10)
2023-08-12 10:59:00,886 [INFO] PluginManage:310 - Check plugin ipmanager
2023-08-12 10:59:00,896 [INFO] PluginManage:359 - Loaded plugin ipmanager (category:base,tabindex:5)
2023-08-12 10:59:00,896 [INFO] PluginManage:310 - Check plugin lpbam
2023-08-12 10:59:00,904 [INFO] PluginManage:359 - Loaded plugin lpbam (category:base,tabindex:0)
2023-08-12 10:59:00,904 [INFO] PluginManage:310 - Check plugin memorymap
2023-08-12 10:59:00,920 [INFO] PluginManage:359 - Loaded plugin memorymap (category:base,tabindex:4)
2023-08-12 10:59:00,920 [INFO] PluginManage:310 - Check plugin pinoutandconfiguration
2023-08-12 10:59:00,927 [INFO] PluginManage:359 - Loaded plugin pinoutandconfiguration (category:base,tabindex:1)
2023-08-12 10:59:00,927 [INFO] PluginManage:310 - Check plugin pinoutconfig
2023-08-12 10:59:01,012 [WARN] SupportedApi:132 - Cannot load RTOS API schema: s4s-elt-must-match.1: The content of 'definitions' must match (annotation?, (simpleType | complexType)?, (unique | key | keyref)*)). A problem was found starting at: attribute.
2023-08-12 10:59:01,162 [INFO] PluginManage:359 - Loaded plugin pinoutconfig (category:base,tabindex:0)
2023-08-12 10:59:01,162 [INFO] PluginManage:310 - Check plugin power
2023-08-12 10:59:01,173 [INFO] PluginManage:359 - Loaded plugin power (category:power,tabindex:4)
2023-08-12 10:59:01,173 [INFO] PluginManage:310 - Check plugin projectmanager
2023-08-12 10:59:01,190 [INFO] PluginManage:359 - Loaded plugin projectmanager (category:projectmanager,tabindex:3)
2023-08-12 10:59:01,191 [INFO] PluginManage:310 - Check plugin thirdparty
2023-08-12 10:59:01,318 [INFO] PluginManage:359 - Loaded plugin thirdparty (category:base,tabindex:-1)
2023-08-12 10:59:01,318 [INFO] PluginManage:310 - Check plugin tools
2023-08-12 10:59:01,318 [WARN] IntegrityCheckThread:84 - waiting for thirdparty lock release [integrity check]
2023-08-12 10:59:01,318 [INFO] IntegrityCheckThread:86 - entering critical section [integrity check]
2023-08-12 10:59:01,318 [INFO] ThirdPartyUpdaterWithRetryManager:70 - Updater plugin not ready yet. [1/15]
2023-08-12 10:59:01,321 [INFO] PluginManage:359 - Loaded plugin tools (category:base,tabindex:7)
2023-08-12 10:59:01,321 [INFO] PluginManage:310 - Check plugin tutovideos
2023-08-12 10:59:01,542 [INFO] PluginManage:359 - Loaded plugin tutovideos (category:base,tabindex:-1)
2023-08-12 10:59:01,543 [INFO] PluginManage:310 - Check plugin updater
2023-08-12 10:59:01,552 [INFO] PluginManage:359 - Loaded plugin updater (category:base,tabindex:12)
2023-08-12 10:59:01,552 [INFO] PluginManage:310 - Check plugin userauth
2023-08-12 10:59:01,556 [INFO] UserAuth:113 - Init User Auth plugin
2023-08-12 10:59:01,556 [INFO] PluginManage:359 - Loaded plugin userauth (category:base,tabindex:14)
2023-08-12 10:59:01,557 [INFO] PluginManage:283 - PluginManage : Loaded plugins [17]
2023-08-12 10:59:01,776 [INFO] PinOutPanel:1499 - setPackage(No Configuration,No Configuration)
2023-08-12 10:59:01,879 [INFO] CADModel:165 - CPN selected for project level
2023-08-12 10:59:01,880 [INFO] CADModel:114 - Register for checkConnection events
2023-08-12 10:59:01,894 [INFO] IPUIPlugin:80 - create IPUIPlugin
2023-08-12 10:59:01,894 [INFO] PluginManager:220 - loadIPPluginJar : add adc
2023-08-12 10:59:01,896 [INFO] IPUIPlugin:80 - create IPUIPlugin
2023-08-12 10:59:01,896 [INFO] PluginManager:220 - loadIPPluginJar : add aes
2023-08-12 10:59:01,899 [INFO] IPUIPlugin:80 - create IPUIPlugin
2023-08-12 10:59:01,899 [INFO] PluginManager:220 - loadIPPluginJar : add can
2023-08-12 10:59:01,900 [INFO] IPUIPlugin:80 - create IPUIPlugin
2023-08-12 10:59:01,900 [INFO] PluginManager:220 - loadIPPluginJar : add comp
2023-08-12 10:59:01,902 [INFO] IPUIPlugin:80 - create IPUIPlugin
2023-08-12 10:59:01,902 [INFO] PluginManager:220 - loadIPPluginJar : add cryp
2023-08-12 10:59:01,904 [INFO] IPUIPlugin:80 - create IPUIPlugin
2023-08-12 10:59:01,905 [INFO] PluginManager:220 - loadIPPluginJar : add dfsdm
2023-08-12 10:59:01,910 [INFO] IPUIPlugin:80 - create IPUIPlugin
2023-08-12 10:59:01,910 [INFO] PluginManager:220 - loadIPPluginJar : add dma
2023-08-12 10:59:01,912 [INFO] IPUIPlugin:80 - create IPUIPlugin
2023-08-12 10:59:01,912 [INFO] PluginManager:220 - loadIPPluginJar : add dma3
2023-08-12 10:59:01,913 [INFO] IPUIPlugin:80 - create IPUIPlugin
2023-08-12 10:59:01,913 [INFO] PluginManager:220 - loadIPPluginJar : add fatfs
2023-08-12 10:59:01,917 [INFO] IPUIPlugin:80 - create IPUIPlugin
2023-08-12 10:59:01,917 [INFO] PluginManager:220 - loadIPPluginJar : add fmc
2023-08-12 10:59:01,921 [INFO] IPUIPlugin:80 - create IPUIPlugin
2023-08-12 10:59:01,921 [INFO] PluginManager:220 - loadIPPluginJar : add freertos
2023-08-12 10:59:01,922 [INFO] IPUIPlugin:80 - create IPUIPlugin
2023-08-12 10:59:01,922 [INFO] PluginManager:220 - loadIPPluginJar : add genericplugin
2023-08-12 10:59:01,924 [INFO] IPUIPlugin:80 - create IPUIPlugin
2023-08-12 10:59:01,924 [INFO] PluginManager:220 - loadIPPluginJar : add gfxmmu
2023-08-12 10:59:01,927 [INFO] IPUIPlugin:80 - create IPUIPlugin
2023-08-12 10:59:01,928 [INFO] PluginManager:220 - loadIPPluginJar : add gic
2023-08-12 10:59:01,931 [INFO] IPUIPlugin:80 - create IPUIPlugin
2023-08-12 10:59:01,931 [INFO] PluginManager:220 - loadIPPluginJar : add gpio
2023-08-12 10:59:01,933 [INFO] IPUIPlugin:80 - create IPUIPlugin
2023-08-12 10:59:01,933 [INFO] PluginManager:220 - loadIPPluginJar : add gtzc
2023-08-12 10:59:01,934 [INFO] IPUIPlugin:80 - create IPUIPlugin
2023-08-12 10:59:01,934 [INFO] PluginManager:220 - loadIPPluginJar : add hash
2023-08-12 10:59:01,936 [INFO] IPUIPlugin:80 - create IPUIPlugin
2023-08-12 10:59:01,936 [INFO] PluginManager:220 - loadIPPluginJar : add i2c
2023-08-12 10:59:01,938 [INFO] IPUIPlugin:80 - create IPUIPlugin
2023-08-12 10:59:01,938 [INFO] PluginManager:220 - loadIPPluginJar : add i2s
2023-08-12 10:59:01,940 [INFO] IPUIPlugin:80 - create IPUIPlugin
2023-08-12 10:59:01,940 [INFO] PluginManager:220 - loadIPPluginJar : add i3c
2023-08-12 10:59:01,943 [INFO] IPUIPlugin:80 - create IPUIPlugin
2023-08-12 10:59:01,943 [INFO] PluginManager:220 - loadIPPluginJar : add ipddr
2023-08-12 10:59:01,950 [INFO] IPUIPlugin:80 - create IPUIPlugin
2023-08-12 10:59:01,951 [INFO] PluginManager:220 - loadIPPluginJar : add linkedlist
2023-08-12 10:59:01,953 [INFO] IPUIPlugin:80 - create IPUIPlugin
2023-08-12 10:59:01,954 [INFO] PluginManager:220 - loadIPPluginJar : add lorawan
2023-08-12 10:59:01,955 [INFO] IPUIPlugin:80 - create IPUIPlugin
2023-08-12 10:59:01,955 [INFO] PluginManager:220 - loadIPPluginJar : add ltdc
2023-08-12 10:59:01,960 [INFO] IPUIPlugin:80 - create IPUIPlugin
2023-08-12 10:59:01,960 [INFO] PluginManager:220 - loadIPPluginJar : add mdma
2023-08-12 10:59:01,963 [INFO] IPUIPlugin:80 - create IPUIPlugin
2023-08-12 10:59:01,963 [INFO] PluginManager:220 - loadIPPluginJar : add nvic
2023-08-12 10:59:01,966 [INFO] IPUIPlugin:80 - create IPUIPlugin
2023-08-12 10:59:01,966 [INFO] PluginManager:220 - loadIPPluginJar : add opamp
2023-08-12 10:59:01,968 [INFO] IPUIPlugin:80 - create IPUIPlugin
2023-08-12 10:59:01,968 [INFO] PluginManager:220 - loadIPPluginJar : add openamp
2023-08-12 10:59:01,971 [INFO] IPUIPlugin:80 - create IPUIPlugin
2023-08-12 10:59:01,971 [INFO] PluginManager:220 - loadIPPluginJar : add pdm2pcm
2023-08-12 10:59:01,978 [INFO] IPUIPlugin:80 - create IPUIPlugin
2023-08-12 10:59:01,980 [INFO] PluginManager:220 - loadIPPluginJar : add plateformsettings
2023-08-12 10:59:01,982 [INFO] IPUIPlugin:80 - create IPUIPlugin
2023-08-12 10:59:01,982 [INFO] PluginManager:220 - loadIPPluginJar : add quadspi
2023-08-12 10:59:01,985 [INFO] IPUIPlugin:80 - create IPUIPlugin
2023-08-12 10:59:01,985 [INFO] PluginManager:220 - loadIPPluginJar : add resmgrutility
2023-08-12 10:59:01,987 [INFO] IPUIPlugin:80 - create IPUIPlugin
2023-08-12 10:59:01,988 [INFO] PluginManager:220 - loadIPPluginJar : add sai
2023-08-12 10:59:01,990 [INFO] IPUIPlugin:80 - create IPUIPlugin
2023-08-12 10:59:01,990 [INFO] PluginManager:220 - loadIPPluginJar : add spi
2023-08-12 10:59:01,994 [INFO] IPUIPlugin:80 - create IPUIPlugin
2023-08-12 10:59:01,994 [INFO] PluginManager:220 - loadIPPluginJar : add stm32_wpan
2023-08-12 10:59:01,999 [INFO] IPUIPlugin:80 - create IPUIPlugin
2023-08-12 10:59:01,999 [INFO] PluginManager:220 - loadIPPluginJar : add tim
2023-08-12 10:59:02,001 [INFO] IPUIPlugin:80 - create IPUIPlugin
2023-08-12 10:59:02,001 [INFO] PluginManager:220 - loadIPPluginJar : add touchsensing
2023-08-12 10:59:02,003 [INFO] IPUIPlugin:80 - create IPUIPlugin
2023-08-12 10:59:02,003 [INFO] PluginManager:220 - loadIPPluginJar : add tracer_emb
2023-08-12 10:59:02,005 [INFO] IPUIPlugin:80 - create IPUIPlugin
2023-08-12 10:59:02,005 [INFO] PluginManager:220 - loadIPPluginJar : add ts
2023-08-12 10:59:02,006 [INFO] IPUIPlugin:80 - create IPUIPlugin
2023-08-12 10:59:02,006 [INFO] PluginManager:220 - loadIPPluginJar : add tsc
2023-08-12 10:59:02,008 [INFO] IPUIPlugin:80 - create IPUIPlugin
2023-08-12 10:59:02,008 [INFO] PluginManager:220 - loadIPPluginJar : add ucpd
2023-08-12 10:59:02,010 [INFO] IPUIPlugin:80 - create IPUIPlugin
2023-08-12 10:59:02,010 [INFO] PluginManager:220 - loadIPPluginJar : add usart
2023-08-12 10:59:02,013 [INFO] IPUIPlugin:80 - create IPUIPlugin
2023-08-12 10:59:02,013 [INFO] PluginManager:220 - loadIPPluginJar : add usbx
2023-08-12 10:59:02,141 [INFO] CADModel:165 - CPN selected for project level
2023-08-12 10:59:02,141 [INFO] CADModel:114 - Register for checkConnection events
2023-08-12 10:59:02,141 [FATAL] Updater:308 - Updater called before beeing initialized
2023-08-12 10:59:02,141 [ERROR] CADModel:125 - Updater not yet initialized, retry later 
2023-08-12 10:59:02,300 [INFO] CADModel:165 - CPN selected for project level
2023-08-12 10:59:02,300 [INFO] CADModel:114 - Register for checkConnection events
2023-08-12 10:59:02,300 [FATAL] Updater:308 - Updater called before beeing initialized
2023-08-12 10:59:02,300 [ERROR] CADModel:125 - Updater not yet initialized, retry later 
2023-08-12 10:59:02,304 [FATAL] Updater:308 - Updater called before beeing initialized
2023-08-12 10:59:02,395 [FATAL] Updater:308 - Updater called before beeing initialized
2023-08-12 10:59:02,400 [INFO] DbMcusAds:53 - JSON generation date=Thu Sep 30 12:25:09 IST 2021 (1632984909247)
2023-08-12 10:59:02,400 [FATAL] Updater:308 - Updater called before beeing initialized
2023-08-12 10:59:02,434 [WARN] DetailPanel:346 - Failed to get advertising image, set to default
2023-08-12 10:59:02,535 [FATAL] Updater:308 - Updater called before beeing initialized
2023-08-12 10:59:02,537 [FATAL] Updater:308 - Updater called before beeing initialized
2023-08-12 10:59:02,537 [FATAL] Updater:308 - Updater called before beeing initialized
2023-08-12 10:59:02,537 [WARN] DetailPanel:346 - Failed to get advertising image, set to default
2023-08-12 10:59:02,538 [FATAL] Updater:308 - Updater called before beeing initialized
2023-08-12 10:59:02,580 [ERROR] Updater:1120 - MainUpdater not yet initialized. External WinMGr cannot be set.
2023-08-12 10:59:02,582 [INFO] Updater:1056 - Updater Version found : 6.9.1
2023-08-12 10:59:02,597 [INFO] ApplicationProperties:184 - Using Application install path: C:\ST\STM32CubeIDE_1.13.1\STM32CubeIDE\plugins\com.st.stm32cube.common.mx_6.9.1.202307191849
2023-08-12 10:59:02,686 [INFO] MainUpdater:2868 - connection check result : 10
2023-08-12 10:59:02,687 [INFO] MainUpdater:285 - Updater Check For Update Now.
2023-08-12 10:59:02,687 [INFO] MicroXplorer:498 - Change Database Version : DB.6.0.91
2023-08-12 10:59:02,693 [INFO] McuFinderGlobals:63 - Set McuFinder mode to 2 (CubeIDE integrated)
2023-08-12 10:59:02,694 [INFO] UserAuth:179 - activating auth plugin
2023-08-12 10:59:02,696 [INFO] UserAuth:393 - Internet connection configuration mode: 1
2023-08-12 10:59:02,713 [INFO] JxBrowserEngine:151 - Initiate JxBrowser Engine with user profile folder
2023-08-12 10:59:02,860 [INFO] CheckServerUpdateThread:120 - End of CheckServer Thread
2023-08-12 10:59:03,517 [INFO] WebApp:157 - Instantiating new browser for Auth
2023-08-12 10:59:04,160 [INFO] WebApp:753 - Register for checkConnection events
2023-08-12 10:59:04,160 [INFO] WebApp:390 - Apply proxy settings
2023-08-12 10:59:04,160 [INFO] WebApp:475 - Chromium requires no authentication
2023-08-12 10:59:04,169 [INFO] WebApp:418 - Direct internet connection detected
2023-08-12 10:59:04,368 [INFO] WebApp:188 - Starting web application
2023-08-12 10:59:04,368 [INFO] WebApp:520 - Web application path used C:\ST\STM32CubeIDE_1.13.1\STM32CubeIDE\plugins\com.st.stm32cube.common.mx_6.9.1.202307191849\db\plugins\mcufinder\reactClient1\index.html
2023-08-12 10:59:04,463 [WARN] PackLoader:240 - Cannot read IP mode file for STMicroelectronics.X-CUBE-SMBUS.2.1.0
2023-08-12 10:59:04,521 [WARN] PackLoader:240 - Cannot read IP mode file for STMicroelectronics.X-CUBE-AZRTOS-F7.1.1.0
2023-08-12 10:59:04,540 [WARN] PackLoader:240 - Cannot read IP mode file for STMicroelectronics.FP-SNS-MOTENV1.4.3.2
2023-08-12 10:59:04,556 [WARN] PackLoader:240 - Cannot read IP mode file for STMicroelectronics.X-CUBE-BLE1.6.2.4
2023-08-12 10:59:04,563 [WARN] PackLoader:240 - Cannot read IP mode file for STMicroelectronics.FP-SNS-FLIGHT1.5.0.2
2023-08-12 10:59:04,573 [WARN] PackLoader:240 - Cannot read IP mode file for STMicroelectronics.X-CUBE-DISPLAY.3.0.0
2023-08-12 10:59:04,587 [WARN] PackLoader:240 - Cannot read IP mode file for emotas.I-CUBE-CANOPEN.1.3.0
2023-08-12 10:59:04,593 [WARN] PackLoader:240 - Cannot read IP mode file for STMicroelectronics.X-CUBE-TOUCHGFX.4.22.0
2023-08-12 10:59:04,604 [INFO] LogOutputStream:77 - [STDOUT_REDIRECT] 1 : Invalid condition id : UX_CORESTACK_Condition cause : null
2023-08-12 10:59:04,605 [INFO] LogOutputStream:77 - [STDOUT_REDIRECT] 1 : Invalid condition id : UX_CORESTACK_Condition cause : null
2023-08-12 10:59:04,606 [INFO] LogOutputStream:77 - [STDOUT_REDIRECT] 1 : Invalid condition id : UX_CORESTACK_Condition cause : null
2023-08-12 10:59:04,607 [INFO] LogOutputStream:77 - [STDOUT_REDIRECT] 1 : Invalid condition id : UX_CORESTACK_Condition cause : null
2023-08-12 10:59:04,608 [INFO] LogOutputStream:77 - [STDOUT_REDIRECT] 1 : Invalid condition id : UX_CORESTACK_Condition cause : null
2023-08-12 10:59:04,613 [WARN] PackLoader:240 - Cannot read IP mode file for STMicroelectronics.X-CUBE-AZRTOS-WL.2.0.0
2023-08-12 10:59:04,626 [WARN] PackLoader:240 - Cannot read IP mode file for WES.I-CUBE-Cesium.1.3.0
2023-08-12 10:59:04,633 [WARN] PackLoader:240 - Cannot read IP mode file for STMicroelectronics.X-CUBE-BLE2.3.3.0
2023-08-12 10:59:04,641 [WARN] PackLoader:240 - Cannot read IP mode file for STMicroelectronics.X-CUBE-ALGOBUILD.1.3.0
2023-08-12 10:59:04,663 [WARN] PackLoader:240 - Cannot read IP mode file for STMicroelectronics.X-CUBE-AZRTOS-G0.1.1.0
2023-08-12 10:59:04,674 [WARN] PackLoader:240 - Cannot read IP mode file for STMicroelectronics.X-CUBE-NFC4.3.0.0
2023-08-12 10:59:04,682 [WARN] PackLoader:240 - Cannot read IP mode file for STMicroelectronics.FP-ATR-SIGFOX1.3.2.0
2023-08-12 10:59:04,708 [WARN] PackLoader:240 - Cannot read IP mode file for SEGGER.I-CUBE-embOS.1.3.1
2023-08-12 10:59:04,751 [WARN] PackLoader:240 - Cannot read IP mode file for STMicroelectronics.X-CUBE-GNSS1.6.0.0
2023-08-12 10:59:04,767 [WARN] PackLoader:240 - Cannot read IP mode file for STMicroelectronics.X-CUBE-AZRTOS-F4.1.1.0
2023-08-12 10:59:04,774 [WARN] PackLoader:240 - Cannot read IP mode file for wolfSSL.I-CUBE-wolfSSL.5.6.3
2023-08-12 10:59:04,793 [WARN] PackLoader:240 - Cannot read IP mode file for STMicroelectronics.X-CUBE-AZRTOS-L5.2.0.0
2023-08-12 10:59:04,826 [WARN] PackLoader:240 - Cannot read IP mode file for STMicroelectronics.X-CUBE-MEMS1.9.6.0
2023-08-12 10:59:04,973 [WARN] PackLoader:240 - Cannot read IP mode file for STMicroelectronics.X-CUBE-BLEMGR.2.0.0
2023-08-12 10:59:04,989 [WARN] ConditionMgr:438 - getConditionDescription Invalid condition id : UX DEVICE CLASS RTOS Condition cause : null
2023-08-12 10:59:04,989 [WARN] ConditionMgr:438 - getConditionDescription Invalid condition id : UX DEVICE CLASS RTOS Condition cause : null
2023-08-12 10:59:04,993 [WARN] PackLoader:240 - Cannot read IP mode file for STMicroelectronics.X-CUBE-AZRTOS-H7.3.1.0
2023-08-12 10:59:04,995 [WARN] ConditionMgr:1039 - genDependencies : Invalid condition id : UX DEVICE CLASS RTOS Condition cause : null
2023-08-12 10:59:04,996 [WARN] ConditionMgr:1039 - genDependencies : Invalid condition id : UX DEVICE CLASS RTOS Condition cause : null
2023-08-12 10:59:04,996 [WARN] ConditionMgr:1039 - genDependencies : Invalid condition id : UX DEVICE CLASS RTOS Condition cause : null
2023-08-12 10:59:04,996 [WARN] ConditionMgr:1039 - genDependencies : Invalid condition id : UX DEVICE CLASS RTOS Condition cause : null
2023-08-12 10:59:04,998 [WARN] ConditionMgr:1039 - genDependencies : Invalid condition id : UX DEVICE CLASS RTOS Condition cause : null
2023-08-12 10:59:05,005 [WARN] PackLoader:240 - Cannot read IP mode file for STMicroelectronics.X-CUBE-NFC7.1.0.1
2023-08-12 10:59:05,012 [WARN] PackLoader:240 - Cannot read IP mode file for STMicroelectronics.X-CUBE-EEPRMA1.4.1.0
2023-08-12 10:59:05,018 [WARN] PackLoader:240 - Cannot read IP mode file for STMicroelectronics.X-CUBE-AI.8.1.0
2023-08-12 10:59:05,033 [WARN] ConditionMgr:438 - getConditionDescription Invalid condition id : LAN8742 Phy interface Condition cause : null
2023-08-12 10:59:05,034 [WARN] PackLoader:240 - Cannot read IP mode file for STMicroelectronics.X-CUBE-AZRTOS-L4.2.0.0
2023-08-12 10:59:05,035 [WARN] ConditionMgr:1039 - genDependencies : Invalid condition id : LAN8742 Phy interface Condition cause : null
2023-08-12 10:59:05,035 [WARN] ConditionMgr:1039 - genDependencies : Invalid condition id : LAN8742 Phy interface Condition cause : null
2023-08-12 10:59:05,036 [WARN] ConditionMgr:1039 - genDependencies : Invalid condition id : LAN8742 Phy interface Condition cause : null
2023-08-12 10:59:05,044 [WARN] PackLoader:240 - Cannot read IP mode file for STMicroelectronics.X-CUBE-SFXS2LP1.4.0.0
2023-08-12 10:59:05,051 [WARN] PackLoader:240 - Cannot read IP mode file for STMicroelectronics.X-CUBE-ISPU.1.1.0
2023-08-12 10:59:05,062 [WARN] ConditionMgr:438 - getConditionDescription Invalid condition id : UX DEVICE CLASS RTOS Condition cause : null
2023-08-12 10:59:05,062 [WARN] ConditionMgr:438 - getConditionDescription Invalid condition id : UX DEVICE CLASS RTOS Condition cause : null
2023-08-12 10:59:05,063 [WARN] PackLoader:240 - Cannot read IP mode file for STMicroelectronics.X-CUBE-AZRTOS-WB.2.0.0
2023-08-12 10:59:05,064 [WARN] ConditionMgr:1039 - genDependencies : Invalid condition id : UX DEVICE CLASS RTOS Condition cause : null
2023-08-12 10:59:05,064 [WARN] ConditionMgr:1039 - genDependencies : Invalid condition id : UX DEVICE CLASS RTOS Condition cause : null
2023-08-12 10:59:05,064 [WARN] ConditionMgr:1039 - genDependencies : Invalid condition id : UX DEVICE CLASS RTOS Condition cause : null
2023-08-12 10:59:05,064 [WARN] ConditionMgr:1039 - genDependencies : Invalid condition id : UX DEVICE CLASS RTOS Condition cause : null
2023-08-12 10:59:05,064 [WARN] ConditionMgr:1039 - genDependencies : Invalid condition id : UX DEVICE CLASS RTOS Condition cause : null
2023-08-12 10:59:05,070 [WARN] PackLoader:240 - Cannot read IP mode file for STMicroelectronics.X-CUBE-FREERTOS.1.0.1
2023-08-12 10:59:05,083 [WARN] PackLoader:240 - Cannot read IP mode file for STMicroelectronics.X-CUBE-AZRTOS-L5.1.1.0
2023-08-12 10:59:05,093 [WARN] PackLoader:240 - Cannot read IP mode file for STMicroelectronics.X-CUBE-SUBG2.5.0.0
2023-08-12 10:59:05,104 [WARN] PackLoader:240 - Cannot read IP mode file for STMicroelectronics.X-CUBE-TOF1.3.3.1
2023-08-12 10:59:05,126 [WARN] PackLoader:240 - Cannot read IP mode file for STMicroelectronics.X-CUBE-AZRTOS-G4.2.0.0
2023-08-12 10:59:05,136 [WARN] PackLoader:240 - Cannot read IP mode file for portGmbH.I-Cube-SoM-uGOAL.1.1.0
2023-08-12 10:59:05,141 [WARN] PackLoader:240 - Cannot read IP mode file for STMicroelectronics.X-CUBE-ALS.1.0.1
2023-08-12 10:59:05,151 [WARN] PackLoader:240 - Cannot read IP mode file for STMicroelectronics.X-CUBE-AZRTOS-WB.1.1.0
2023-08-12 10:59:05,157 [WARN] PackLoader:240 - Cannot read IP mode file for STMicroelectronics.FP-ATR-ASTRA1.2.0.0
2023-08-12 10:59:05,157 [INFO] ThirdParty:978 - Integrity check success = true
2023-08-12 10:59:05,157 [INFO] IntegrityCheckThread:100 - exiting critical section [integrity check]
2023-08-12 10:59:05,157 [INFO] IntegrityCheckThread:103 - End integrity checks thread
2023-08-12 10:59:25,387 [ERROR] LogOutputStream:75 - [STDERR_REDIRECT] SLF4J: Failed to load class "org.slf4j.impl.StaticLoggerBinder".
2023-08-12 10:59:25,388 [ERROR] LogOutputStream:75 - [STDERR_REDIRECT] SLF4J: Defaulting to no-operation (NOP) logger implementation
2023-08-12 10:59:25,390 [ERROR] LogOutputStream:75 - [STDERR_REDIRECT] SLF4J: See http://www.slf4j.org/codes.html#StaticLoggerBinder for further details.
2023-08-12 11:09:32,104 [ERROR] LogOutputStream:75 - [STDERR_REDIRECT] 
2023-08-12 11:09:48,265 [INFO] Activator:176 - 


2023-08-12 11:09:48,269 [INFO] Activator:177 - !SESSION log4j initialized
2023-08-12 11:09:52,758 [INFO] LogOutputStream:77 - [STDOUT_REDIRECT] 
2023-08-12 11:09:54,823 [INFO] ApplicationProperties:184 - Using Application install path: C:\ST\STM32CubeIDE_1.13.1\STM32CubeIDE\plugins\com.st.stm32cube.common.mx_6.9.1.202307191849
2023-08-12 11:09:54,854 [INFO] DbMcusXml:78 - Set database path to: C:\ST\STM32CubeIDE_1.13.1\STM32CubeIDE\plugins\com.st.stm32cube.common.mx_6.9.1.202307191849\\db\/mcu/
2023-08-12 11:09:54,854 [INFO] ApiDb:274 - Set plugin database path to: C:\ST\STM32CubeIDE_1.13.1\STM32CubeIDE\plugins\com.st.stm32cube.common.mx_6.9.1.202307191849\\db\/plugins/boardmanager/
2023-08-12 11:09:54,855 [WARN] ApiDb:259 - Overriding images path with different value:  => C:\ST\STM32CubeIDE_1.13.1\STM32CubeIDE\plugins\com.st.stm32cube.common.mx_6.9.1.202307191849\\db\/plugins/mcufinder/images/
2023-08-12 11:09:54,868 [INFO] ApiDb:250 - Set database path to: C:\Users\arunk\.stmcufinder\plugins\mcufinder//mcu/
2023-08-12 11:09:54,870 [INFO] DbMcusAds:125 - Set database path to: C:\Users\arunk\.stmcufinder\plugins\mcufinder//mcu/
2023-08-12 11:09:54,873 [INFO] CrossReferenceDbSqlite:203 - Set database path to: C:\Users\arunk\.stmcufinder\plugins\mcufinder//mcu/cs/
2023-08-12 11:09:55,063 [INFO] RulesReader:64 - Compatibility file has been processed (293 Rules)
2023-08-12 11:09:55,181 [INFO] DbMcusXml:78 - Set database path to: C:\ST\STM32CubeIDE_1.13.1\STM32CubeIDE\plugins\com.st.stm32cube.common.mx_6.9.1.202307191849\\db\/mcu/
2023-08-12 11:09:55,182 [INFO] ApiDb:274 - Set plugin database path to: C:\ST\STM32CubeIDE_1.13.1\STM32CubeIDE\plugins\com.st.stm32cube.common.mx_6.9.1.202307191849\\db\/plugins/boardmanager/
2023-08-12 11:09:55,182 [INFO] ApiDb:261 - Set plugin images path to: C:\ST\STM32CubeIDE_1.13.1\STM32CubeIDE\plugins\com.st.stm32cube.common.mx_6.9.1.202307191849\\db\/plugins/mcufinder/images/
2023-08-12 11:09:55,182 [WARN] DbFile:41 - Overriding database path with different value: C:\Users\arunk\.stmcufinder\plugins\mcufinder/ => C:\Users\arunk\.stmcufinder\plugins\mcufinder
2023-08-12 11:09:55,182 [INFO] ApiDb:250 - Set database path to: C:\Users\arunk\.stmcufinder\plugins\mcufinder//mcu/
2023-08-12 11:09:55,183 [WARN] DbFile:41 - Overriding database path with different value: C:\Users\arunk\.stmcufinder\plugins\mcufinder/ => C:\Users\arunk\.stmcufinder\plugins\mcufinder
2023-08-12 11:09:55,183 [INFO] DbMcusAds:125 - Set database path to: C:\Users\arunk\.stmcufinder\plugins\mcufinder//mcu/
2023-08-12 11:09:55,183 [WARN] DbFile:41 - Overriding database path with different value: C:\Users\arunk\.stmcufinder\plugins\mcufinder/ => C:\Users\arunk\.stmcufinder\plugins\mcufinder
2023-08-12 11:09:55,183 [WARN] DbFile:41 - Overriding database path with different value: C:\Users\arunk\.stmcufinder\plugins\mcufinder/ => C:\Users\arunk\.stmcufinder\plugins\mcufinder
2023-08-12 11:09:55,183 [INFO] CrossReferenceDbSqlite:203 - Set database path to: C:\Users\arunk\.stmcufinder\plugins\mcufinder//mcu/cs/
2023-08-12 11:09:55,286 [INFO] MainPanel:262 - HeapMemory: 268435456
2023-08-12 11:09:55,401 [INFO] DbMcusXml:78 - Set database path to: C:\ST\STM32CubeIDE_1.13.1\STM32CubeIDE\plugins\com.st.stm32cube.common.mx_6.9.1.202307191849\\db\/mcu/
2023-08-12 11:09:55,401 [INFO] ApiDb:274 - Set plugin database path to: C:\ST\STM32CubeIDE_1.13.1\STM32CubeIDE\plugins\com.st.stm32cube.common.mx_6.9.1.202307191849\\db\/plugins/boardmanager/
2023-08-12 11:09:55,401 [INFO] ApiDb:261 - Set plugin images path to: C:\ST\STM32CubeIDE_1.13.1\STM32CubeIDE\plugins\com.st.stm32cube.common.mx_6.9.1.202307191849\\db\/plugins/mcufinder/images/
2023-08-12 11:09:55,402 [WARN] DbFile:41 - Overriding database path with different value: C:\Users\arunk\.stmcufinder\plugins\mcufinder/ => C:\Users\arunk\.stmcufinder\plugins\mcufinder
2023-08-12 11:09:55,402 [INFO] ApiDb:250 - Set database path to: C:\Users\arunk\.stmcufinder\plugins\mcufinder//mcu/
2023-08-12 11:09:55,402 [WARN] DbFile:41 - Overriding database path with different value: C:\Users\arunk\.stmcufinder\plugins\mcufinder/ => C:\Users\arunk\.stmcufinder\plugins\mcufinder
2023-08-12 11:09:55,403 [INFO] DbMcusAds:125 - Set database path to: C:\Users\arunk\.stmcufinder\plugins\mcufinder//mcu/
2023-08-12 11:09:55,403 [WARN] DbFile:41 - Overriding database path with different value: C:\Users\arunk\.stmcufinder\plugins\mcufinder/ => C:\Users\arunk\.stmcufinder\plugins\mcufinder
2023-08-12 11:09:55,403 [WARN] DbFile:41 - Overriding database path with different value: C:\Users\arunk\.stmcufinder\plugins\mcufinder/ => C:\Users\arunk\.stmcufinder\plugins\mcufinder
2023-08-12 11:09:55,403 [INFO] CrossReferenceDbSqlite:203 - Set database path to: C:\Users\arunk\.stmcufinder\plugins\mcufinder//mcu/cs/
2023-08-12 11:09:55,425 [INFO] ApplicationProperties:184 - Using Application install path: C:\ST\STM32CubeIDE_1.13.1\STM32CubeIDE\plugins\com.st.stm32cube.common.mx_6.9.1.202307191849
2023-08-12 11:09:55,426 [INFO] PluginManage:196 - Search for loadable plugins [exclusion list=, ]
2023-08-12 11:09:55,427 [INFO] PluginManage:310 - Check plugin analytics
2023-08-12 11:09:55,614 [INFO] AnalyticsPlugin:253 - Accepted Software Licenses: 
2023-08-12 11:09:55,614 [INFO] AnalyticsPlugin:255 - Accepted CMSIS Pack Licenses: 
2023-08-12 11:09:55,614 [INFO] AnalyticsPlugin:257 - Accepted Firmware Licenses: 
2023-08-12 11:09:55,618 [INFO] PluginManage:359 - Loaded plugin analytics (category:tool,tabindex:-1)
2023-08-12 11:09:55,618 [INFO] PluginManage:310 - Check plugin cadmodel
2023-08-12 11:09:55,624 [INFO] CADModel:105 - Init CAD model plugin
2023-08-12 11:09:55,624 [INFO] PluginManage:359 - Loaded plugin cadmodel (category:power,tabindex:5)
2023-08-12 11:09:55,625 [INFO] PluginManage:310 - Check plugin clock
2023-08-12 11:09:55,634 [INFO] PluginManage:359 - Loaded plugin clock (category:base,tabindex:2)
2023-08-12 11:09:55,635 [INFO] PluginManage:310 - Check plugin ddr
2023-08-12 11:09:55,637 [INFO] PluginManage:359 - Loaded plugin ddr (category:tool,tabindex:6)
2023-08-12 11:09:55,637 [INFO] PluginManage:310 - Check plugin filemanager
2023-08-12 11:09:55,785 [INFO] PluginManage:359 - Loaded plugin filemanager (category:base,tabindex:10)
2023-08-12 11:09:55,787 [INFO] PluginManage:310 - Check plugin ipmanager
2023-08-12 11:09:55,796 [INFO] PluginManage:359 - Loaded plugin ipmanager (category:base,tabindex:5)
2023-08-12 11:09:55,796 [INFO] PluginManage:310 - Check plugin lpbam
2023-08-12 11:09:55,805 [INFO] PluginManage:359 - Loaded plugin lpbam (category:base,tabindex:0)
2023-08-12 11:09:55,805 [INFO] PluginManage:310 - Check plugin memorymap
2023-08-12 11:09:55,822 [INFO] PluginManage:359 - Loaded plugin memorymap (category:base,tabindex:4)
2023-08-12 11:09:55,822 [INFO] PluginManage:310 - Check plugin pinoutandconfiguration
2023-08-12 11:09:55,830 [INFO] PluginManage:359 - Loaded plugin pinoutandconfiguration (category:base,tabindex:1)
2023-08-12 11:09:55,830 [INFO] PluginManage:310 - Check plugin pinoutconfig
2023-08-12 11:09:55,942 [WARN] SupportedApi:132 - Cannot load RTOS API schema: s4s-elt-must-match.1: The content of 'definitions' must match (annotation?, (simpleType | complexType)?, (unique | key | keyref)*)). A problem was found starting at: attribute.
2023-08-12 11:09:56,106 [INFO] PluginManage:359 - Loaded plugin pinoutconfig (category:base,tabindex:0)
2023-08-12 11:09:56,106 [INFO] PluginManage:310 - Check plugin power
2023-08-12 11:09:56,119 [INFO] PluginManage:359 - Loaded plugin power (category:power,tabindex:4)
2023-08-12 11:09:56,119 [INFO] PluginManage:310 - Check plugin projectmanager
2023-08-12 11:09:56,135 [INFO] PluginManage:359 - Loaded plugin projectmanager (category:projectmanager,tabindex:3)
2023-08-12 11:09:56,136 [INFO] PluginManage:310 - Check plugin thirdparty
2023-08-12 11:09:56,261 [INFO] PluginManage:359 - Loaded plugin thirdparty (category:base,tabindex:-1)
2023-08-12 11:09:56,261 [INFO] PluginManage:310 - Check plugin tools
2023-08-12 11:09:56,260 [WARN] IntegrityCheckThread:84 - waiting for thirdparty lock release [integrity check]
2023-08-12 11:09:56,261 [INFO] IntegrityCheckThread:86 - entering critical section [integrity check]
2023-08-12 11:09:56,262 [INFO] ThirdPartyUpdaterWithRetryManager:70 - Updater plugin not ready yet. [1/15]
2023-08-12 11:09:56,264 [INFO] PluginManage:359 - Loaded plugin tools (category:base,tabindex:7)
2023-08-12 11:09:56,264 [INFO] PluginManage:310 - Check plugin tutovideos
2023-08-12 11:09:56,528 [INFO] PluginManage:359 - Loaded plugin tutovideos (category:base,tabindex:-1)
2023-08-12 11:09:56,528 [INFO] PluginManage:310 - Check plugin updater
2023-08-12 11:09:56,538 [INFO] PluginManage:359 - Loaded plugin updater (category:base,tabindex:12)
2023-08-12 11:09:56,538 [INFO] PluginManage:310 - Check plugin userauth
2023-08-12 11:09:56,545 [INFO] UserAuth:113 - Init User Auth plugin
2023-08-12 11:09:56,545 [INFO] PluginManage:359 - Loaded plugin userauth (category:base,tabindex:14)
2023-08-12 11:09:56,546 [INFO] PluginManage:283 - PluginManage : Loaded plugins [17]
2023-08-12 11:09:56,771 [INFO] PinOutPanel:1499 - setPackage(No Configuration,No Configuration)
2023-08-12 11:09:56,865 [INFO] CADModel:165 - CPN selected for project level
2023-08-12 11:09:56,866 [INFO] CADModel:114 - Register for checkConnection events
2023-08-12 11:09:56,880 [INFO] IPUIPlugin:80 - create IPUIPlugin
2023-08-12 11:09:56,881 [INFO] PluginManager:220 - loadIPPluginJar : add adc
2023-08-12 11:09:56,882 [INFO] IPUIPlugin:80 - create IPUIPlugin
2023-08-12 11:09:56,883 [INFO] PluginManager:220 - loadIPPluginJar : add aes
2023-08-12 11:09:56,884 [INFO] IPUIPlugin:80 - create IPUIPlugin
2023-08-12 11:09:56,884 [INFO] PluginManager:220 - loadIPPluginJar : add can
2023-08-12 11:09:56,886 [INFO] IPUIPlugin:80 - create IPUIPlugin
2023-08-12 11:09:56,886 [INFO] PluginManager:220 - loadIPPluginJar : add comp
2023-08-12 11:09:56,887 [INFO] IPUIPlugin:80 - create IPUIPlugin
2023-08-12 11:09:56,888 [INFO] PluginManager:220 - loadIPPluginJar : add cryp
2023-08-12 11:09:56,889 [INFO] IPUIPlugin:80 - create IPUIPlugin
2023-08-12 11:09:56,889 [INFO] PluginManager:220 - loadIPPluginJar : add dfsdm
2023-08-12 11:09:56,894 [INFO] IPUIPlugin:80 - create IPUIPlugin
2023-08-12 11:09:56,895 [INFO] PluginManager:220 - loadIPPluginJar : add dma
2023-08-12 11:09:56,897 [INFO] IPUIPlugin:80 - create IPUIPlugin
2023-08-12 11:09:56,897 [INFO] PluginManager:220 - loadIPPluginJar : add dma3
2023-08-12 11:09:56,898 [INFO] IPUIPlugin:80 - create IPUIPlugin
2023-08-12 11:09:56,898 [INFO] PluginManager:220 - loadIPPluginJar : add fatfs
2023-08-12 11:09:56,901 [INFO] IPUIPlugin:80 - create IPUIPlugin
2023-08-12 11:09:56,901 [INFO] PluginManager:220 - loadIPPluginJar : add fmc
2023-08-12 11:09:56,905 [INFO] IPUIPlugin:80 - create IPUIPlugin
2023-08-12 11:09:56,906 [INFO] PluginManager:220 - loadIPPluginJar : add freertos
2023-08-12 11:09:56,906 [INFO] IPUIPlugin:80 - create IPUIPlugin
2023-08-12 11:09:56,907 [INFO] PluginManager:220 - loadIPPluginJar : add genericplugin
2023-08-12 11:09:56,908 [INFO] IPUIPlugin:80 - create IPUIPlugin
2023-08-12 11:09:56,908 [INFO] PluginManager:220 - loadIPPluginJar : add gfxmmu
2023-08-12 11:09:56,912 [INFO] IPUIPlugin:80 - create IPUIPlugin
2023-08-12 11:09:56,912 [INFO] PluginManager:220 - loadIPPluginJar : add gic
2023-08-12 11:09:56,915 [INFO] IPUIPlugin:80 - create IPUIPlugin
2023-08-12 11:09:56,915 [INFO] PluginManager:220 - loadIPPluginJar : add gpio
2023-08-12 11:09:56,917 [INFO] IPUIPlugin:80 - create IPUIPlugin
2023-08-12 11:09:56,917 [INFO] PluginManager:220 - loadIPPluginJar : add gtzc
2023-08-12 11:09:56,919 [INFO] IPUIPlugin:80 - create IPUIPlugin
2023-08-12 11:09:56,919 [INFO] PluginManager:220 - loadIPPluginJar : add hash
2023-08-12 11:09:56,921 [INFO] IPUIPlugin:80 - create IPUIPlugin
2023-08-12 11:09:56,921 [INFO] PluginManager:220 - loadIPPluginJar : add i2c
2023-08-12 11:09:56,923 [INFO] IPUIPlugin:80 - create IPUIPlugin
2023-08-12 11:09:56,923 [INFO] PluginManager:220 - loadIPPluginJar : add i2s
2023-08-12 11:09:56,925 [INFO] IPUIPlugin:80 - create IPUIPlugin
2023-08-12 11:09:56,925 [INFO] PluginManager:220 - loadIPPluginJar : add i3c
2023-08-12 11:09:56,928 [INFO] IPUIPlugin:80 - create IPUIPlugin
2023-08-12 11:09:56,928 [INFO] PluginManager:220 - loadIPPluginJar : add ipddr
2023-08-12 11:09:56,934 [INFO] IPUIPlugin:80 - create IPUIPlugin
2023-08-12 11:09:56,934 [INFO] PluginManager:220 - loadIPPluginJar : add linkedlist
2023-08-12 11:09:56,936 [INFO] IPUIPlugin:80 - create IPUIPlugin
2023-08-12 11:09:56,936 [INFO] PluginManager:220 - loadIPPluginJar : add lorawan
2023-08-12 11:09:56,937 [INFO] IPUIPlugin:80 - create IPUIPlugin
2023-08-12 11:09:56,937 [INFO] PluginManager:220 - loadIPPluginJar : add ltdc
2023-08-12 11:09:56,942 [INFO] IPUIPlugin:80 - create IPUIPlugin
2023-08-12 11:09:56,942 [INFO] PluginManager:220 - loadIPPluginJar : add mdma
2023-08-12 11:09:56,945 [INFO] IPUIPlugin:80 - create IPUIPlugin
2023-08-12 11:09:56,945 [INFO] PluginManager:220 - loadIPPluginJar : add nvic
2023-08-12 11:09:56,947 [INFO] IPUIPlugin:80 - create IPUIPlugin
2023-08-12 11:09:56,947 [INFO] PluginManager:220 - loadIPPluginJar : add opamp
2023-08-12 11:09:56,949 [INFO] IPUIPlugin:80 - create IPUIPlugin
2023-08-12 11:09:56,949 [INFO] PluginManager:220 - loadIPPluginJar : add openamp
2023-08-12 11:09:56,952 [INFO] IPUIPlugin:80 - create IPUIPlugin
2023-08-12 11:09:56,952 [INFO] PluginManager:220 - loadIPPluginJar : add pdm2pcm
2023-08-12 11:09:56,957 [INFO] IPUIPlugin:80 - create IPUIPlugin
2023-08-12 11:09:56,959 [INFO] PluginManager:220 - loadIPPluginJar : add plateformsettings
2023-08-12 11:09:56,961 [INFO] IPUIPlugin:80 - create IPUIPlugin
2023-08-12 11:09:56,961 [INFO] PluginManager:220 - loadIPPluginJar : add quadspi
2023-08-12 11:09:56,963 [INFO] IPUIPlugin:80 - create IPUIPlugin
2023-08-12 11:09:56,963 [INFO] PluginManager:220 - loadIPPluginJar : add resmgrutility
2023-08-12 11:09:56,965 [INFO] IPUIPlugin:80 - create IPUIPlugin
2023-08-12 11:09:56,965 [INFO] PluginManager:220 - loadIPPluginJar : add sai
2023-08-12 11:09:56,967 [INFO] IPUIPlugin:80 - create IPUIPlugin
2023-08-12 11:09:56,967 [INFO] PluginManager:220 - loadIPPluginJar : add spi
2023-08-12 11:09:56,970 [INFO] IPUIPlugin:80 - create IPUIPlugin
2023-08-12 11:09:56,971 [INFO] PluginManager:220 - loadIPPluginJar : add stm32_wpan
2023-08-12 11:09:56,972 [INFO] IPUIPlugin:80 - create IPUIPlugin
2023-08-12 11:09:56,972 [INFO] PluginManager:220 - loadIPPluginJar : add tim
2023-08-12 11:09:56,974 [INFO] IPUIPlugin:80 - create IPUIPlugin
2023-08-12 11:09:56,974 [INFO] PluginManager:220 - loadIPPluginJar : add touchsensing
2023-08-12 11:09:56,976 [INFO] IPUIPlugin:80 - create IPUIPlugin
2023-08-12 11:09:56,976 [INFO] PluginManager:220 - loadIPPluginJar : add tracer_emb
2023-08-12 11:09:56,979 [INFO] IPUIPlugin:80 - create IPUIPlugin
2023-08-12 11:09:56,979 [INFO] PluginManager:220 - loadIPPluginJar : add ts
2023-08-12 11:09:56,981 [INFO] IPUIPlugin:80 - create IPUIPlugin
2023-08-12 11:09:56,981 [INFO] PluginManager:220 - loadIPPluginJar : add tsc
2023-08-12 11:09:56,984 [INFO] IPUIPlugin:80 - create IPUIPlugin
2023-08-12 11:09:56,984 [INFO] PluginManager:220 - loadIPPluginJar : add ucpd
2023-08-12 11:09:56,988 [INFO] IPUIPlugin:80 - create IPUIPlugin
2023-08-12 11:09:56,988 [INFO] PluginManager:220 - loadIPPluginJar : add usart
2023-08-12 11:09:56,991 [INFO] IPUIPlugin:80 - create IPUIPlugin
2023-08-12 11:09:56,991 [INFO] PluginManager:220 - loadIPPluginJar : add usbx
2023-08-12 11:09:57,118 [INFO] CADModel:165 - CPN selected for project level
2023-08-12 11:09:57,118 [INFO] CADModel:114 - Register for checkConnection events
2023-08-12 11:09:57,118 [FATAL] Updater:308 - Updater called before beeing initialized
2023-08-12 11:09:57,118 [ERROR] CADModel:125 - Updater not yet initialized, retry later 
2023-08-12 11:09:57,270 [INFO] CADModel:165 - CPN selected for project level
2023-08-12 11:09:57,270 [INFO] CADModel:114 - Register for checkConnection events
2023-08-12 11:09:57,270 [FATAL] Updater:308 - Updater called before beeing initialized
2023-08-12 11:09:57,270 [ERROR] CADModel:125 - Updater not yet initialized, retry later 
2023-08-12 11:09:57,274 [FATAL] Updater:308 - Updater called before beeing initialized
2023-08-12 11:09:57,376 [FATAL] Updater:308 - Updater called before beeing initialized
2023-08-12 11:09:57,382 [INFO] DbMcusAds:53 - JSON generation date=Thu Sep 30 12:25:09 IST 2021 (1632984909247)
2023-08-12 11:09:57,382 [FATAL] Updater:308 - Updater called before beeing initialized
2023-08-12 11:09:57,416 [WARN] DetailPanel:346 - Failed to get advertising image, set to default
2023-08-12 11:09:57,514 [FATAL] Updater:308 - Updater called before beeing initialized
2023-08-12 11:09:57,516 [FATAL] Updater:308 - Updater called before beeing initialized
2023-08-12 11:09:57,516 [FATAL] Updater:308 - Updater called before beeing initialized
2023-08-12 11:09:57,516 [WARN] DetailPanel:346 - Failed to get advertising image, set to default
2023-08-12 11:09:57,517 [FATAL] Updater:308 - Updater called before beeing initialized
2023-08-12 11:09:57,558 [ERROR] Updater:1120 - MainUpdater not yet initialized. External WinMGr cannot be set.
2023-08-12 11:09:57,561 [INFO] Updater:1056 - Updater Version found : 6.9.1
2023-08-12 11:09:57,578 [INFO] ApplicationProperties:184 - Using Application install path: C:\ST\STM32CubeIDE_1.13.1\STM32CubeIDE\plugins\com.st.stm32cube.common.mx_6.9.1.202307191849
2023-08-12 11:09:57,729 [INFO] MainUpdater:2868 - connection check result : 10
2023-08-12 11:09:57,730 [INFO] MainUpdater:285 - Updater Check For Update Now.
2023-08-12 11:09:57,730 [INFO] MicroXplorer:498 - Change Database Version : DB.6.0.91
2023-08-12 11:09:57,736 [INFO] McuFinderGlobals:63 - Set McuFinder mode to 2 (CubeIDE integrated)
2023-08-12 11:09:57,737 [INFO] UserAuth:179 - activating auth plugin
2023-08-12 11:09:57,739 [INFO] UserAuth:393 - Internet connection configuration mode: 1
2023-08-12 11:09:57,762 [INFO] JxBrowserEngine:151 - Initiate JxBrowser Engine with user profile folder
2023-08-12 11:09:57,915 [INFO] CheckServerUpdateThread:120 - End of CheckServer Thread
2023-08-12 11:09:58,531 [INFO] WebApp:157 - Instantiating new browser for Auth
2023-08-12 11:09:59,239 [INFO] WebApp:753 - Register for checkConnection events
2023-08-12 11:09:59,239 [INFO] WebApp:390 - Apply proxy settings
2023-08-12 11:09:59,239 [INFO] WebApp:475 - Chromium requires no authentication
2023-08-12 11:09:59,248 [INFO] WebApp:418 - Direct internet connection detected
2023-08-12 11:09:59,433 [WARN] PackLoader:240 - Cannot read IP mode file for STMicroelectronics.X-CUBE-SMBUS.2.1.0
2023-08-12 11:09:59,471 [WARN] PackLoader:240 - Cannot read IP mode file for STMicroelectronics.X-CUBE-AZRTOS-F7.1.1.0
2023-08-12 11:09:59,476 [INFO] WebApp:188 - Starting web application
2023-08-12 11:09:59,476 [INFO] WebApp:520 - Web application path used C:\ST\STM32CubeIDE_1.13.1\STM32CubeIDE\plugins\com.st.stm32cube.common.mx_6.9.1.202307191849\db\plugins\mcufinder\reactClient1\index.html
2023-08-12 11:09:59,487 [WARN] PackLoader:240 - Cannot read IP mode file for STMicroelectronics.FP-SNS-MOTENV1.4.3.2
2023-08-12 11:09:59,502 [WARN] PackLoader:240 - Cannot read IP mode file for STMicroelectronics.X-CUBE-BLE1.6.2.4
2023-08-12 11:09:59,508 [WARN] PackLoader:240 - Cannot read IP mode file for STMicroelectronics.FP-SNS-FLIGHT1.5.0.2
2023-08-12 11:09:59,518 [WARN] PackLoader:240 - Cannot read IP mode file for STMicroelectronics.X-CUBE-DISPLAY.3.0.0
2023-08-12 11:09:59,532 [WARN] PackLoader:240 - Cannot read IP mode file for emotas.I-CUBE-CANOPEN.1.3.0
2023-08-12 11:09:59,539 [WARN] PackLoader:240 - Cannot read IP mode file for STMicroelectronics.X-CUBE-TOUCHGFX.4.22.0
2023-08-12 11:09:59,553 [INFO] LogOutputStream:77 - [STDOUT_REDIRECT] 1 : Invalid condition id : UX_CORESTACK_Condition cause : null
2023-08-12 11:09:59,553 [INFO] LogOutputStream:77 - [STDOUT_REDIRECT] 1 : Invalid condition id : UX_CORESTACK_Condition cause : null
2023-08-12 11:09:59,554 [INFO] LogOutputStream:77 - [STDOUT_REDIRECT] 1 : Invalid condition id : UX_CORESTACK_Condition cause : null
2023-08-12 11:09:59,556 [INFO] LogOutputStream:77 - [STDOUT_REDIRECT] 1 : Invalid condition id : UX_CORESTACK_Condition cause : null
2023-08-12 11:09:59,557 [INFO] LogOutputStream:77 - [STDOUT_REDIRECT] 1 : Invalid condition id : UX_CORESTACK_Condition cause : null
2023-08-12 11:09:59,563 [WARN] PackLoader:240 - Cannot read IP mode file for STMicroelectronics.X-CUBE-AZRTOS-WL.2.0.0
2023-08-12 11:09:59,575 [WARN] PackLoader:240 - Cannot read IP mode file for WES.I-CUBE-Cesium.1.3.0
2023-08-12 11:09:59,582 [WARN] PackLoader:240 - Cannot read IP mode file for STMicroelectronics.X-CUBE-BLE2.3.3.0
2023-08-12 11:09:59,593 [WARN] PackLoader:240 - Cannot read IP mode file for STMicroelectronics.X-CUBE-ALGOBUILD.1.3.0
2023-08-12 11:09:59,622 [WARN] PackLoader:240 - Cannot read IP mode file for STMicroelectronics.X-CUBE-AZRTOS-G0.1.1.0
2023-08-12 11:09:59,637 [WARN] PackLoader:240 - Cannot read IP mode file for STMicroelectronics.X-CUBE-NFC4.3.0.0
2023-08-12 11:09:59,649 [WARN] PackLoader:240 - Cannot read IP mode file for STMicroelectronics.FP-ATR-SIGFOX1.3.2.0
2023-08-12 11:09:59,696 [WARN] PackLoader:240 - Cannot read IP mode file for SEGGER.I-CUBE-embOS.1.3.1
2023-08-12 11:09:59,759 [WARN] PackLoader:240 - Cannot read IP mode file for STMicroelectronics.X-CUBE-GNSS1.6.0.0
2023-08-12 11:09:59,785 [WARN] PackLoader:240 - Cannot read IP mode file for STMicroelectronics.X-CUBE-AZRTOS-F4.1.1.0
2023-08-12 11:09:59,807 [WARN] PackLoader:240 - Cannot read IP mode file for wolfSSL.I-CUBE-wolfSSL.5.6.3
2023-08-12 11:09:59,823 [WARN] PackLoader:240 - Cannot read IP mode file for STMicroelectronics.X-CUBE-AZRTOS-L5.2.0.0
2023-08-12 11:09:59,860 [WARN] PackLoader:240 - Cannot read IP mode file for STMicroelectronics.X-CUBE-MEMS1.9.6.0
2023-08-12 11:10:00,005 [WARN] PackLoader:240 - Cannot read IP mode file for STMicroelectronics.X-CUBE-BLEMGR.2.0.0
2023-08-12 11:10:00,025 [WARN] ConditionMgr:438 - getConditionDescription Invalid condition id : UX DEVICE CLASS RTOS Condition cause : null
2023-08-12 11:10:00,025 [WARN] ConditionMgr:438 - getConditionDescription Invalid condition id : UX DEVICE CLASS RTOS Condition cause : null
2023-08-12 11:10:00,028 [WARN] PackLoader:240 - Cannot read IP mode file for STMicroelectronics.X-CUBE-AZRTOS-H7.3.1.0
2023-08-12 11:10:00,030 [WARN] ConditionMgr:1039 - genDependencies : Invalid condition id : UX DEVICE CLASS RTOS Condition cause : null
2023-08-12 11:10:00,031 [WARN] ConditionMgr:1039 - genDependencies : Invalid condition id : UX DEVICE CLASS RTOS Condition cause : null
2023-08-12 11:10:00,037 [WARN] ConditionMgr:1039 - genDependencies : Invalid condition id : UX DEVICE CLASS RTOS Condition cause : null
2023-08-12 11:10:00,038 [WARN] ConditionMgr:1039 - genDependencies : Invalid condition id : UX DEVICE CLASS RTOS Condition cause : null
2023-08-12 11:10:00,038 [WARN] ConditionMgr:1039 - genDependencies : Invalid condition id : UX DEVICE CLASS RTOS Condition cause : null
2023-08-12 11:10:00,046 [WARN] PackLoader:240 - Cannot read IP mode file for STMicroelectronics.X-CUBE-NFC7.1.0.1
2023-08-12 11:10:00,053 [WARN] PackLoader:240 - Cannot read IP mode file for STMicroelectronics.X-CUBE-EEPRMA1.4.1.0
2023-08-12 11:10:00,059 [WARN] PackLoader:240 - Cannot read IP mode file for STMicroelectronics.X-CUBE-AI.8.1.0
2023-08-12 11:10:00,077 [WARN] ConditionMgr:438 - getConditionDescription Invalid condition id : LAN8742 Phy interface Condition cause : null
2023-08-12 11:10:00,077 [WARN] PackLoader:240 - Cannot read IP mode file for STMicroelectronics.X-CUBE-AZRTOS-L4.2.0.0
2023-08-12 11:10:00,078 [WARN] ConditionMgr:1039 - genDependencies : Invalid condition id : LAN8742 Phy interface Condition cause : null
2023-08-12 11:10:00,079 [WARN] ConditionMgr:1039 - genDependencies : Invalid condition id : LAN8742 Phy interface Condition cause : null
2023-08-12 11:10:00,079 [WARN] ConditionMgr:1039 - genDependencies : Invalid condition id : LAN8742 Phy interface Condition cause : null
2023-08-12 11:10:00,086 [WARN] PackLoader:240 - Cannot read IP mode file for STMicroelectronics.X-CUBE-SFXS2LP1.4.0.0
2023-08-12 11:10:00,092 [WARN] PackLoader:240 - Cannot read IP mode file for STMicroelectronics.X-CUBE-ISPU.1.1.0
2023-08-12 11:10:00,102 [WARN] ConditionMgr:438 - getConditionDescription Invalid condition id : UX DEVICE CLASS RTOS Condition cause : null
2023-08-12 11:10:00,102 [WARN] ConditionMgr:438 - getConditionDescription Invalid condition id : UX DEVICE CLASS RTOS Condition cause : null
2023-08-12 11:10:00,105 [WARN] PackLoader:240 - Cannot read IP mode file for STMicroelectronics.X-CUBE-AZRTOS-WB.2.0.0
2023-08-12 11:10:00,105 [WARN] ConditionMgr:1039 - genDependencies : Invalid condition id : UX DEVICE CLASS RTOS Condition cause : null
2023-08-12 11:10:00,106 [WARN] ConditionMgr:1039 - genDependencies : Invalid condition id : UX DEVICE CLASS RTOS Condition cause : null
2023-08-12 11:10:00,106 [WARN] ConditionMgr:1039 - genDependencies : Invalid condition id : UX DEVICE CLASS RTOS Condition cause : null
2023-08-12 11:10:00,107 [WARN] ConditionMgr:1039 - genDependencies : Invalid condition id : UX DEVICE CLASS RTOS Condition cause : null
2023-08-12 11:10:00,107 [WARN] ConditionMgr:1039 - genDependencies : Invalid condition id : UX DEVICE CLASS RTOS Condition cause : null
2023-08-12 11:10:00,113 [WARN] PackLoader:240 - Cannot read IP mode file for STMicroelectronics.X-CUBE-FREERTOS.1.0.1
2023-08-12 11:10:00,126 [WARN] PackLoader:240 - Cannot read IP mode file for STMicroelectronics.X-CUBE-AZRTOS-L5.1.1.0
2023-08-12 11:10:00,136 [WARN] PackLoader:240 - Cannot read IP mode file for STMicroelectronics.X-CUBE-SUBG2.5.0.0
2023-08-12 11:10:00,148 [WARN] PackLoader:240 - Cannot read IP mode file for STMicroelectronics.X-CUBE-TOF1.3.3.1
2023-08-12 11:10:00,165 [WARN] PackLoader:240 - Cannot read IP mode file for STMicroelectronics.X-CUBE-AZRTOS-G4.2.0.0
2023-08-12 11:10:00,173 [WARN] PackLoader:240 - Cannot read IP mode file for portGmbH.I-Cube-SoM-uGOAL.1.1.0
2023-08-12 11:10:00,179 [WARN] PackLoader:240 - Cannot read IP mode file for STMicroelectronics.X-CUBE-ALS.1.0.1
2023-08-12 11:10:00,192 [WARN] PackLoader:240 - Cannot read IP mode file for STMicroelectronics.X-CUBE-AZRTOS-WB.1.1.0
2023-08-12 11:10:00,199 [WARN] PackLoader:240 - Cannot read IP mode file for STMicroelectronics.FP-ATR-ASTRA1.2.0.0
2023-08-12 11:10:00,201 [INFO] ThirdParty:978 - Integrity check success = true
2023-08-12 11:10:00,201 [INFO] IntegrityCheckThread:100 - exiting critical section [integrity check]
2023-08-12 11:10:00,201 [INFO] IntegrityCheckThread:103 - End integrity checks thread
2023-08-12 11:10:20,443 [ERROR] LogOutputStream:75 - [STDERR_REDIRECT] SLF4J: Failed to load class "org.slf4j.impl.StaticLoggerBinder".
2023-08-12 11:10:20,444 [ERROR] LogOutputStream:75 - [STDERR_REDIRECT] SLF4J: Defaulting to no-operation (NOP) logger implementation
2023-08-12 11:10:20,445 [ERROR] LogOutputStream:75 - [STDERR_REDIRECT] SLF4J: See http://www.slf4j.org/codes.html#StaticLoggerBinder for further details.
2023-08-12 11:34:49,145 [ERROR] LogOutputStream:75 - [STDERR_REDIRECT] 
