13:21:05 **** Rebuild of configuration Debug for project evm ****
Info: Internal Builder is used for build
gcc -O0 -g3 -Wall -c -fmessage-length=0 -o main.o "..\\main.c" 
..\main.c: In function 'main':
..\main.c:113:96: warning: implicit declaration of function 'exit' [-Wimplicit-function-declaration]
  113 | case 0:printf("\n------------------------------------END----------------------------------\n");exit(0);
      |                                                                                                ^~~~
..\main.c:9:1: note: include '<stdlib.h>' or provide a declaration of 'exit'
    8 | #include<stdio.h>
  +++ |+#include <stdlib.h>
    9 | 
..\main.c:113:96: warning: incompatible implicit declaration of built-in function 'exit' [-Wbuiltin-declaration-mismatch]
  113 | case 0:printf("\n------------------------------------END----------------------------------\n");exit(0);
      |                                                                                                ^~~~
..\main.c:113:96: note: include '<stdlib.h>' or provide a declaration of 'exit'
gcc -o evm.exe main.o 
Info: Nothing to build for evm
Info: Nothing to build for evm
Info: Nothing to build for evm
Info: Nothing to build for evm
