2024-01-24 08:54:31,308 [INFO] Activator:176 - 


2024-01-24 08:54:31,320 [INFO] Activator:177 - !SESSION log4j initialized
2024-01-24 08:54:40,684 [INFO] LogOutputStream:77 - [STDOUT_REDIRECT] 
2024-01-24 08:54:42,455 [INFO] ApplicationProperties:184 - Using Application install path: C:\ST\STM32CubeIDE_1.14.1\STM32CubeIDE\plugins\com.st.stm32cube.common.mx_6.10.0.202311202037
2024-01-24 08:54:42,486 [INFO] DbMcusXml:78 - Set database path to: C:\ST\STM32CubeIDE_1.14.1\STM32CubeIDE\plugins\com.st.stm32cube.common.mx_6.10.0.202311202037\\db\/mcu/
2024-01-24 08:54:42,486 [INFO] ApiDb:274 - Set plugin database path to: C:\ST\STM32CubeIDE_1.14.1\STM32CubeIDE\plugins\com.st.stm32cube.common.mx_6.10.0.202311202037\\db\/plugins/boardmanager/
2024-01-24 08:54:42,487 [WARN] ApiDb:259 - Overriding images path with different value:  => C:\ST\STM32CubeIDE_1.14.1\STM32CubeIDE\plugins\com.st.stm32cube.common.mx_6.10.0.202311202037\\db\/plugins/mcufinder/images/
2024-01-24 08:54:42,503 [INFO] ApiDb:250 - Set database path to: C:\Users\arunk\.stmcufinder\plugins\mcufinder//mcu/
2024-01-24 08:54:42,504 [INFO] DbMcusAds:125 - Set database path to: C:\Users\arunk\.stmcufinder\plugins\mcufinder//mcu/
2024-01-24 08:54:42,507 [INFO] CrossReferenceDbSqlite:203 - Set database path to: C:\Users\arunk\.stmcufinder\plugins\mcufinder//mcu/cs/
2024-01-24 08:54:42,701 [INFO] RulesReader:64 - Compatibility file has been processed (297 Rules)
2024-01-24 08:54:42,846 [INFO] DbMcusXml:78 - Set database path to: C:\ST\STM32CubeIDE_1.14.1\STM32CubeIDE\plugins\com.st.stm32cube.common.mx_6.10.0.202311202037\\db\/mcu/
2024-01-24 08:54:42,847 [INFO] ApiDb:274 - Set plugin database path to: C:\ST\STM32CubeIDE_1.14.1\STM32CubeIDE\plugins\com.st.stm32cube.common.mx_6.10.0.202311202037\\db\/plugins/boardmanager/
2024-01-24 08:54:42,847 [INFO] ApiDb:261 - Set plugin images path to: C:\ST\STM32CubeIDE_1.14.1\STM32CubeIDE\plugins\com.st.stm32cube.common.mx_6.10.0.202311202037\\db\/plugins/mcufinder/images/
2024-01-24 08:54:42,847 [WARN] DbFile:41 - Overriding database path with different value: C:\Users\arunk\.stmcufinder\plugins\mcufinder/ => C:\Users\arunk\.stmcufinder\plugins\mcufinder
2024-01-24 08:54:42,847 [INFO] ApiDb:250 - Set database path to: C:\Users\arunk\.stmcufinder\plugins\mcufinder//mcu/
2024-01-24 08:54:42,848 [WARN] DbFile:41 - Overriding database path with different value: C:\Users\arunk\.stmcufinder\plugins\mcufinder/ => C:\Users\arunk\.stmcufinder\plugins\mcufinder
2024-01-24 08:54:42,848 [INFO] DbMcusAds:125 - Set database path to: C:\Users\arunk\.stmcufinder\plugins\mcufinder//mcu/
2024-01-24 08:54:42,848 [WARN] DbFile:41 - Overriding database path with different value: C:\Users\arunk\.stmcufinder\plugins\mcufinder/ => C:\Users\arunk\.stmcufinder\plugins\mcufinder
2024-01-24 08:54:42,848 [WARN] DbFile:41 - Overriding database path with different value: C:\Users\arunk\.stmcufinder\plugins\mcufinder/ => C:\Users\arunk\.stmcufinder\plugins\mcufinder
2024-01-24 08:54:42,848 [INFO] CrossReferenceDbSqlite:203 - Set database path to: C:\Users\arunk\.stmcufinder\plugins\mcufinder//mcu/cs/
2024-01-24 08:54:42,996 [INFO] MainPanel:264 - HeapMemory: 268435456
2024-01-24 08:54:43,155 [INFO] DbMcusXml:78 - Set database path to: C:\ST\STM32CubeIDE_1.14.1\STM32CubeIDE\plugins\com.st.stm32cube.common.mx_6.10.0.202311202037\\db\/mcu/
2024-01-24 08:54:43,155 [INFO] ApiDb:274 - Set plugin database path to: C:\ST\STM32CubeIDE_1.14.1\STM32CubeIDE\plugins\com.st.stm32cube.common.mx_6.10.0.202311202037\\db\/plugins/boardmanager/
2024-01-24 08:54:43,156 [INFO] ApiDb:261 - Set plugin images path to: C:\ST\STM32CubeIDE_1.14.1\STM32CubeIDE\plugins\com.st.stm32cube.common.mx_6.10.0.202311202037\\db\/plugins/mcufinder/images/
2024-01-24 08:54:43,156 [WARN] DbFile:41 - Overriding database path with different value: C:\Users\arunk\.stmcufinder\plugins\mcufinder/ => C:\Users\arunk\.stmcufinder\plugins\mcufinder
2024-01-24 08:54:43,156 [INFO] ApiDb:250 - Set database path to: C:\Users\arunk\.stmcufinder\plugins\mcufinder//mcu/
2024-01-24 08:54:43,156 [WARN] DbFile:41 - Overriding database path with different value: C:\Users\arunk\.stmcufinder\plugins\mcufinder/ => C:\Users\arunk\.stmcufinder\plugins\mcufinder
2024-01-24 08:54:43,157 [INFO] DbMcusAds:125 - Set database path to: C:\Users\arunk\.stmcufinder\plugins\mcufinder//mcu/
2024-01-24 08:54:43,157 [WARN] DbFile:41 - Overriding database path with different value: C:\Users\arunk\.stmcufinder\plugins\mcufinder/ => C:\Users\arunk\.stmcufinder\plugins\mcufinder
2024-01-24 08:54:43,157 [WARN] DbFile:41 - Overriding database path with different value: C:\Users\arunk\.stmcufinder\plugins\mcufinder/ => C:\Users\arunk\.stmcufinder\plugins\mcufinder
2024-01-24 08:54:43,157 [INFO] CrossReferenceDbSqlite:203 - Set database path to: C:\Users\arunk\.stmcufinder\plugins\mcufinder//mcu/cs/
2024-01-24 08:54:43,196 [INFO] ApplicationProperties:184 - Using Application install path: C:\ST\STM32CubeIDE_1.14.1\STM32CubeIDE\plugins\com.st.stm32cube.common.mx_6.10.0.202311202037
2024-01-24 08:54:43,199 [INFO] PluginManage:196 - Search for loadable plugins [exclusion list=, ]
2024-01-24 08:54:43,202 [INFO] PluginManage:310 - Check plugin analytics
2024-01-24 08:54:43,528 [INFO] AnalyticsPlugin:253 - Accepted Software Licenses: 
2024-01-24 08:54:43,530 [INFO] AnalyticsPlugin:255 - Accepted CMSIS Pack Licenses: 
2024-01-24 08:54:43,530 [INFO] AnalyticsPlugin:257 - Accepted Firmware Licenses: FW.C0.1.1.0
2024-01-24 08:54:43,535 [INFO] PluginManage:359 - Loaded plugin analytics (category:tool,tabindex:-1)
2024-01-24 08:54:43,537 [INFO] PluginManage:310 - Check plugin cadmodel
2024-01-24 08:54:43,546 [INFO] CADModel:105 - Init CAD model plugin
2024-01-24 08:54:43,546 [INFO] PluginManage:359 - Loaded plugin cadmodel (category:power,tabindex:5)
2024-01-24 08:54:43,547 [INFO] PluginManage:310 - Check plugin clock
2024-01-24 08:54:43,570 [INFO] PluginManage:359 - Loaded plugin clock (category:base,tabindex:2)
2024-01-24 08:54:43,571 [INFO] PluginManage:310 - Check plugin ddr
2024-01-24 08:54:43,575 [INFO] PluginManage:359 - Loaded plugin ddr (category:tool,tabindex:6)
2024-01-24 08:54:43,575 [INFO] PluginManage:310 - Check plugin filemanager
2024-01-24 08:54:43,815 [INFO] PluginManage:359 - Loaded plugin filemanager (category:base,tabindex:10)
2024-01-24 08:54:43,815 [INFO] PluginManage:310 - Check plugin ipmanager
2024-01-24 08:54:43,826 [INFO] PluginManage:359 - Loaded plugin ipmanager (category:base,tabindex:5)
2024-01-24 08:54:43,826 [INFO] PluginManage:310 - Check plugin lpbam
2024-01-24 08:54:43,838 [INFO] PluginManage:359 - Loaded plugin lpbam (category:base,tabindex:0)
2024-01-24 08:54:43,838 [INFO] PluginManage:310 - Check plugin memorymap
2024-01-24 08:54:43,864 [INFO] PluginManage:359 - Loaded plugin memorymap (category:base,tabindex:4)
2024-01-24 08:54:43,865 [INFO] PluginManage:310 - Check plugin pinoutandconfiguration
2024-01-24 08:54:43,878 [INFO] PluginManage:359 - Loaded plugin pinoutandconfiguration (category:base,tabindex:1)
2024-01-24 08:54:43,878 [INFO] PluginManage:310 - Check plugin pinoutconfig
2024-01-24 08:54:44,035 [WARN] SupportedApi:132 - Cannot load RTOS API schema: s4s-elt-must-match.1: The content of 'definitions' must match (annotation?, (simpleType | complexType)?, (unique | key | keyref)*)). A problem was found starting at: attribute.
2024-01-24 08:54:44,279 [INFO] PluginManage:359 - Loaded plugin pinoutconfig (category:base,tabindex:0)
2024-01-24 08:54:44,280 [INFO] PluginManage:310 - Check plugin power
2024-01-24 08:54:44,306 [INFO] PluginManage:359 - Loaded plugin power (category:power,tabindex:4)
2024-01-24 08:54:44,307 [INFO] PluginManage:310 - Check plugin projectmanager
2024-01-24 08:54:44,342 [INFO] PluginManage:359 - Loaded plugin projectmanager (category:projectmanager,tabindex:3)
2024-01-24 08:54:44,342 [INFO] PluginManage:310 - Check plugin thirdparty
2024-01-24 08:54:44,569 [INFO] PluginManage:359 - Loaded plugin thirdparty (category:base,tabindex:-1)
2024-01-24 08:54:44,569 [WARN] IntegrityCheckThread:84 - waiting for thirdparty lock release [integrity check]
2024-01-24 08:54:44,570 [INFO] PluginManage:310 - Check plugin tools
2024-01-24 08:54:44,570 [INFO] IntegrityCheckThread:86 - entering critical section [integrity check]
2024-01-24 08:54:44,571 [INFO] ThirdPartyUpdaterWithRetryManager:70 - Updater plugin not ready yet. [1/15]
2024-01-24 08:54:44,575 [INFO] PluginManage:359 - Loaded plugin tools (category:base,tabindex:7)
2024-01-24 08:54:44,575 [INFO] PluginManage:310 - Check plugin tutovideos
2024-01-24 08:54:44,962 [INFO] PluginManage:359 - Loaded plugin tutovideos (category:base,tabindex:-1)
2024-01-24 08:54:44,962 [INFO] PluginManage:310 - Check plugin updater
2024-01-24 08:54:44,981 [INFO] PluginManage:359 - Loaded plugin updater (category:base,tabindex:12)
2024-01-24 08:54:44,981 [INFO] PluginManage:310 - Check plugin userauth
2024-01-24 08:54:44,990 [INFO] UserAuth:114 - Init User Auth plugin
2024-01-24 08:54:44,990 [INFO] PluginManage:359 - Loaded plugin userauth (category:base,tabindex:14)
2024-01-24 08:54:44,992 [INFO] PluginManage:283 - PluginManage : Loaded plugins [17]
2024-01-24 08:54:45,363 [INFO] PinOutPanel:1499 - setPackage(No Configuration,No Configuration)
2024-01-24 08:54:45,487 [INFO] CADModel:165 - CPN selected for project level
2024-01-24 08:54:45,488 [INFO] CADModel:114 - Register for checkConnection events
2024-01-24 08:54:45,517 [INFO] IPUIPlugin:80 - create IPUIPlugin
2024-01-24 08:54:45,517 [INFO] PluginManager:220 - loadIPPluginJar : add adc
2024-01-24 08:54:45,521 [INFO] IPUIPlugin:80 - create IPUIPlugin
2024-01-24 08:54:45,521 [INFO] PluginManager:220 - loadIPPluginJar : add aes
2024-01-24 08:54:45,525 [INFO] IPUIPlugin:80 - create IPUIPlugin
2024-01-24 08:54:45,526 [INFO] PluginManager:220 - loadIPPluginJar : add can
2024-01-24 08:54:45,528 [INFO] IPUIPlugin:80 - create IPUIPlugin
2024-01-24 08:54:45,529 [INFO] PluginManager:220 - loadIPPluginJar : add comp
2024-01-24 08:54:45,532 [INFO] IPUIPlugin:80 - create IPUIPlugin
2024-01-24 08:54:45,532 [INFO] PluginManager:220 - loadIPPluginJar : add cryp
2024-01-24 08:54:45,537 [INFO] IPUIPlugin:80 - create IPUIPlugin
2024-01-24 08:54:45,537 [INFO] PluginManager:220 - loadIPPluginJar : add dfsdm
2024-01-24 08:54:45,546 [INFO] IPUIPlugin:80 - create IPUIPlugin
2024-01-24 08:54:45,547 [INFO] PluginManager:220 - loadIPPluginJar : add dma
2024-01-24 08:54:45,555 [INFO] IPUIPlugin:80 - create IPUIPlugin
2024-01-24 08:54:45,555 [INFO] PluginManager:220 - loadIPPluginJar : add dma3
2024-01-24 08:54:45,558 [INFO] IPUIPlugin:80 - create IPUIPlugin
2024-01-24 08:54:45,559 [INFO] PluginManager:220 - loadIPPluginJar : add fatfs
2024-01-24 08:54:45,566 [INFO] IPUIPlugin:80 - create IPUIPlugin
2024-01-24 08:54:45,567 [INFO] PluginManager:220 - loadIPPluginJar : add fmc
2024-01-24 08:54:45,575 [INFO] IPUIPlugin:80 - create IPUIPlugin
2024-01-24 08:54:45,575 [INFO] PluginManager:220 - loadIPPluginJar : add freertos
2024-01-24 08:54:45,579 [INFO] IPUIPlugin:80 - create IPUIPlugin
2024-01-24 08:54:45,579 [INFO] PluginManager:220 - loadIPPluginJar : add genericplugin
2024-01-24 08:54:45,583 [INFO] IPUIPlugin:80 - create IPUIPlugin
2024-01-24 08:54:45,583 [INFO] PluginManager:220 - loadIPPluginJar : add gfxmmu
2024-01-24 08:54:45,589 [INFO] IPUIPlugin:80 - create IPUIPlugin
2024-01-24 08:54:45,590 [INFO] PluginManager:220 - loadIPPluginJar : add gic
2024-01-24 08:54:45,596 [INFO] IPUIPlugin:80 - create IPUIPlugin
2024-01-24 08:54:45,596 [INFO] PluginManager:220 - loadIPPluginJar : add gpio
2024-01-24 08:54:45,599 [INFO] IPUIPlugin:80 - create IPUIPlugin
2024-01-24 08:54:45,600 [INFO] PluginManager:220 - loadIPPluginJar : add gtzc
2024-01-24 08:54:45,604 [INFO] IPUIPlugin:80 - create IPUIPlugin
2024-01-24 08:54:45,604 [INFO] PluginManager:220 - loadIPPluginJar : add hash
2024-01-24 08:54:45,607 [INFO] IPUIPlugin:80 - create IPUIPlugin
2024-01-24 08:54:45,608 [INFO] PluginManager:220 - loadIPPluginJar : add i2c
2024-01-24 08:54:45,612 [INFO] IPUIPlugin:80 - create IPUIPlugin
2024-01-24 08:54:45,612 [INFO] PluginManager:220 - loadIPPluginJar : add i2s
2024-01-24 08:54:45,615 [INFO] IPUIPlugin:80 - create IPUIPlugin
2024-01-24 08:54:45,616 [INFO] PluginManager:220 - loadIPPluginJar : add i3c
2024-01-24 08:54:45,620 [INFO] IPUIPlugin:80 - create IPUIPlugin
2024-01-24 08:54:45,620 [INFO] PluginManager:220 - loadIPPluginJar : add ipddr
2024-01-24 08:54:45,631 [INFO] IPUIPlugin:80 - create IPUIPlugin
2024-01-24 08:54:45,631 [INFO] PluginManager:220 - loadIPPluginJar : add linkedlist
2024-01-24 08:54:45,688 [INFO] IPUIPlugin:80 - create IPUIPlugin
2024-01-24 08:54:45,688 [INFO] PluginManager:220 - loadIPPluginJar : add lorawan
2024-01-24 08:54:45,696 [INFO] IPUIPlugin:80 - create IPUIPlugin
2024-01-24 08:54:45,696 [INFO] PluginManager:220 - loadIPPluginJar : add ltdc
2024-01-24 08:54:45,707 [INFO] IPUIPlugin:80 - create IPUIPlugin
2024-01-24 08:54:45,707 [INFO] PluginManager:220 - loadIPPluginJar : add mdma
2024-01-24 08:54:45,714 [INFO] IPUIPlugin:80 - create IPUIPlugin
2024-01-24 08:54:45,714 [INFO] PluginManager:220 - loadIPPluginJar : add nvic
2024-01-24 08:54:45,719 [INFO] IPUIPlugin:80 - create IPUIPlugin
2024-01-24 08:54:45,719 [INFO] PluginManager:220 - loadIPPluginJar : add opamp
2024-01-24 08:54:45,724 [INFO] IPUIPlugin:80 - create IPUIPlugin
2024-01-24 08:54:45,724 [INFO] PluginManager:220 - loadIPPluginJar : add openamp
2024-01-24 08:54:45,729 [INFO] IPUIPlugin:80 - create IPUIPlugin
2024-01-24 08:54:45,729 [INFO] PluginManager:220 - loadIPPluginJar : add pdm2pcm
2024-01-24 08:54:45,740 [INFO] IPUIPlugin:80 - create IPUIPlugin
2024-01-24 08:54:45,743 [INFO] PluginManager:220 - loadIPPluginJar : add plateformsettings
2024-01-24 08:54:45,747 [INFO] IPUIPlugin:80 - create IPUIPlugin
2024-01-24 08:54:45,747 [INFO] PluginManager:220 - loadIPPluginJar : add quadspi
2024-01-24 08:54:45,754 [INFO] IPUIPlugin:80 - create IPUIPlugin
2024-01-24 08:54:45,754 [INFO] PluginManager:220 - loadIPPluginJar : add resmgrutility
2024-01-24 08:54:45,760 [INFO] IPUIPlugin:80 - create IPUIPlugin
2024-01-24 08:54:45,760 [INFO] PluginManager:220 - loadIPPluginJar : add sai
2024-01-24 08:54:45,764 [INFO] IPUIPlugin:80 - create IPUIPlugin
2024-01-24 08:54:45,764 [INFO] PluginManager:220 - loadIPPluginJar : add spi
2024-01-24 08:54:45,772 [INFO] IPUIPlugin:80 - create IPUIPlugin
2024-01-24 08:54:45,772 [INFO] PluginManager:220 - loadIPPluginJar : add stm32_wpan
2024-01-24 08:54:45,775 [INFO] IPUIPlugin:80 - create IPUIPlugin
2024-01-24 08:54:45,775 [INFO] PluginManager:220 - loadIPPluginJar : add tim
2024-01-24 08:54:45,780 [INFO] IPUIPlugin:80 - create IPUIPlugin
2024-01-24 08:54:45,780 [INFO] PluginManager:220 - loadIPPluginJar : add touchsensing
2024-01-24 08:54:45,784 [INFO] IPUIPlugin:80 - create IPUIPlugin
2024-01-24 08:54:45,784 [INFO] PluginManager:220 - loadIPPluginJar : add tracer_emb
2024-01-24 08:54:45,788 [INFO] IPUIPlugin:80 - create IPUIPlugin
2024-01-24 08:54:45,788 [INFO] PluginManager:220 - loadIPPluginJar : add ts
2024-01-24 08:54:45,791 [INFO] IPUIPlugin:80 - create IPUIPlugin
2024-01-24 08:54:45,792 [INFO] PluginManager:220 - loadIPPluginJar : add tsc
2024-01-24 08:54:45,794 [INFO] IPUIPlugin:80 - create IPUIPlugin
2024-01-24 08:54:45,795 [INFO] PluginManager:220 - loadIPPluginJar : add ucpd
2024-01-24 08:54:45,798 [INFO] IPUIPlugin:80 - create IPUIPlugin
2024-01-24 08:54:45,799 [INFO] PluginManager:220 - loadIPPluginJar : add usart
2024-01-24 08:54:45,803 [INFO] IPUIPlugin:80 - create IPUIPlugin
2024-01-24 08:54:45,803 [INFO] PluginManager:220 - loadIPPluginJar : add usbx
2024-01-24 08:54:45,974 [INFO] CADModel:165 - CPN selected for project level
2024-01-24 08:54:45,975 [INFO] CADModel:114 - Register for checkConnection events
2024-01-24 08:54:45,975 [FATAL] Updater:308 - Updater called before beeing initialized
2024-01-24 08:54:45,976 [ERROR] CADModel:125 - Updater not yet initialized, retry later 
2024-01-24 08:54:46,273 [INFO] CADModel:165 - CPN selected for project level
2024-01-24 08:54:46,273 [INFO] CADModel:114 - Register for checkConnection events
2024-01-24 08:54:46,273 [FATAL] Updater:308 - Updater called before beeing initialized
2024-01-24 08:54:46,273 [ERROR] CADModel:125 - Updater not yet initialized, retry later 
2024-01-24 08:54:46,278 [FATAL] Updater:308 - Updater called before beeing initialized
2024-01-24 08:54:46,473 [FATAL] Updater:308 - Updater called before beeing initialized
2024-01-24 08:54:46,480 [INFO] DbMcusAds:53 - JSON generation date=Wed Nov 29 16:22:27 IST 2023 (1701255147200)
2024-01-24 08:54:46,480 [FATAL] Updater:308 - Updater called before beeing initialized
2024-01-24 08:54:46,551 [WARN] DetailPanel:346 - Failed to get advertising image, set to default
2024-01-24 08:54:46,807 [FATAL] Updater:308 - Updater called before beeing initialized
2024-01-24 08:54:46,811 [FATAL] Updater:308 - Updater called before beeing initialized
2024-01-24 08:54:46,811 [FATAL] Updater:308 - Updater called before beeing initialized
2024-01-24 08:54:46,811 [WARN] DetailPanel:346 - Failed to get advertising image, set to default
2024-01-24 08:54:46,814 [FATAL] Updater:308 - Updater called before beeing initialized
2024-01-24 08:54:46,906 [ERROR] Updater:1120 - MainUpdater not yet initialized. External WinMGr cannot be set.
2024-01-24 08:54:46,909 [INFO] Updater:1056 - Updater Version found : 6.10.0
2024-01-24 08:54:46,938 [INFO] ApplicationProperties:184 - Using Application install path: C:\ST\STM32CubeIDE_1.14.1\STM32CubeIDE\plugins\com.st.stm32cube.common.mx_6.10.0.202311202037
2024-01-24 08:54:47,572 [INFO] ThirdPartyUpdaterWithRetryManager:70 - Updater plugin not ready yet. [2/15]
2024-01-24 08:54:48,523 [ERROR] LogOutputStream:75 - [STDERR_REDIRECT] Jan 24, 2024 8:54:48 AM java.util.prefs.WindowsPreferences <init>
2024-01-24 08:54:48,527 [ERROR] LogOutputStream:75 - [STDERR_REDIRECT] WARNING: Could not open/create prefs root node Software\JavaSoft\Prefs at root 0xffffffff80000002. Windows RegCreateKeyEx(...) returned error code 5.
2024-01-24 08:54:48,528 [ERROR] LogOutputStream:75 - [STDERR_REDIRECT] 
2024-01-24 08:54:49,919 [INFO] MainUpdater:2873 - connection check result : 10
2024-01-24 08:54:49,920 [INFO] MainUpdater:290 - Updater Check For Update Now.
2024-01-24 08:54:49,920 [INFO] MicroXplorer:498 - Change Database Version : DB.6.0.100
2024-01-24 08:54:49,935 [INFO] McuFinderGlobals:63 - Set McuFinder mode to 2 (CubeIDE integrated)
2024-01-24 08:54:50,200 [INFO] CheckServerUpdateThread:120 - End of CheckServer Thread
2024-01-24 08:54:50,265 [INFO] UserAuth:404 - Internet connection configuration mode: 1
2024-01-24 08:54:50,299 [INFO] JxBrowserEngine:152 - Initiate JxBrowser Engine with user profile folder
2024-01-24 08:54:50,919 [WARN] PackLoader:240 - Cannot read IP mode file for STMicroelectronics.X-CUBE-SMBUS.2.1.0
2024-01-24 08:54:50,931 [WARN] PackLoader:240 - Cannot read IP mode file for STMicroelectronics.X-CUBE-TOUCHGFX.4.23.0
2024-01-24 08:54:51,004 [WARN] PackLoader:240 - Cannot read IP mode file for STMicroelectronics.X-CUBE-AZRTOS-F7.1.1.0
2024-01-24 08:54:51,141 [WARN] PackLoader:240 - Cannot read IP mode file for STMicroelectronics.FP-SNS-MOTENV1.4.3.2
2024-01-24 08:54:51,163 [WARN] PackLoader:240 - Cannot read IP mode file for STMicroelectronics.X-CUBE-DISPLAY.3.0.0
2024-01-24 08:54:51,188 [WARN] PackLoader:240 - Cannot read IP mode file for STMicroelectronics.X-CUBE-BLE1.7.0.0
2024-01-24 08:54:51,199 [WARN] PackLoader:240 - Cannot read IP mode file for emotas.I-CUBE-CANOPEN.1.3.0
2024-01-24 08:54:51,210 [WARN] PackLoader:240 - Cannot read IP mode file for STMicroelectronics.FP-SNS-SMARTAG2.1.2.0
2024-01-24 08:54:51,232 [INFO] LogOutputStream:77 - [STDOUT_REDIRECT] 1 : Invalid condition id : UX_CORESTACK_Condition cause : null
2024-01-24 08:54:51,233 [INFO] LogOutputStream:77 - [STDOUT_REDIRECT] 1 : Invalid condition id : UX_CORESTACK_Condition cause : null
2024-01-24 08:54:51,235 [INFO] LogOutputStream:77 - [STDOUT_REDIRECT] 1 : Invalid condition id : UX_CORESTACK_Condition cause : null
2024-01-24 08:54:51,237 [INFO] LogOutputStream:77 - [STDOUT_REDIRECT] 1 : Invalid condition id : UX_CORESTACK_Condition cause : null
2024-01-24 08:54:51,239 [INFO] LogOutputStream:77 - [STDOUT_REDIRECT] 1 : Invalid condition id : UX_CORESTACK_Condition cause : null
2024-01-24 08:54:51,247 [WARN] PackLoader:240 - Cannot read IP mode file for STMicroelectronics.X-CUBE-AZRTOS-WL.2.0.0
2024-01-24 08:54:51,264 [WARN] PackLoader:240 - Cannot read IP mode file for WES.I-CUBE-Cesium.1.3.0
2024-01-24 08:54:51,274 [WARN] PackLoader:240 - Cannot read IP mode file for STMicroelectronics.X-CUBE-BLE2.3.3.0
2024-01-24 08:54:51,287 [WARN] PackLoader:240 - Cannot read IP mode file for STMicroelectronics.X-CUBE-ALGOBUILD.1.3.0
2024-01-24 08:54:51,324 [WARN] PackLoader:240 - Cannot read IP mode file for STMicroelectronics.X-CUBE-AZRTOS-G0.1.1.0
2024-01-24 08:54:51,343 [WARN] PackLoader:240 - Cannot read IP mode file for STMicroelectronics.X-CUBE-NFC4.3.0.0
2024-01-24 08:54:51,373 [WARN] PackLoader:240 - Cannot read IP mode file for STMicroelectronics.X-CUBE-BLEMGR.3.0.0
2024-01-24 08:54:51,386 [WARN] PackLoader:240 - Cannot read IP mode file for STMicroelectronics.FP-ATR-SIGFOX1.3.2.0
2024-01-24 08:54:51,473 [WARN] PackLoader:240 - Cannot read IP mode file for SEGGER.I-CUBE-embOS.1.3.1
2024-01-24 08:54:51,580 [WARN] PackLoader:240 - Cannot read IP mode file for STMicroelectronics.X-CUBE-GNSS1.6.0.0
2024-01-24 08:54:51,629 [WARN] PackLoader:240 - Cannot read IP mode file for STMicroelectronics.X-CUBE-AZRTOS-F4.1.1.0
2024-01-24 08:54:51,649 [WARN] PackLoader:240 - Cannot read IP mode file for wolfSSL.I-CUBE-wolfSSL.5.6.6
2024-01-24 08:54:51,670 [WARN] PackLoader:240 - Cannot read IP mode file for STMicroelectronics.X-CUBE-AZRTOS-L5.2.0.0
2024-01-24 08:54:51,682 [WARN] PackLoader:240 - Cannot read IP mode file for STMicroelectronics.X-CUBE-EEPRMA1.4.2.0
2024-01-24 08:54:51,690 [WARN] PackLoader:240 - Cannot read IP mode file for ITTIA_DB.I-CUBE-ITTIADB.8.8.0
2024-01-24 08:54:51,700 [WARN] PackLoader:240 - Cannot read IP mode file for STMicroelectronics.X-CUBE-NFC7.1.0.1
2024-01-24 08:54:51,712 [WARN] PackLoader:240 - Cannot read IP mode file for STMicroelectronics.X-CUBE-NFC6.3.0.0
2024-01-24 08:54:51,722 [WARN] PackLoader:240 - Cannot read IP mode file for STMicroelectronics.X-CUBE-AI.8.1.0
2024-01-24 08:54:51,753 [WARN] ConditionMgr:438 - getConditionDescription Invalid condition id : LAN8742 Phy interface Condition cause : null
2024-01-24 08:54:51,754 [WARN] PackLoader:240 - Cannot read IP mode file for STMicroelectronics.X-CUBE-AZRTOS-L4.2.0.0
2024-01-24 08:54:51,756 [WARN] ConditionMgr:1039 - genDependencies : Invalid condition id : LAN8742 Phy interface Condition cause : null
2024-01-24 08:54:51,757 [WARN] ConditionMgr:1039 - genDependencies : Invalid condition id : LAN8742 Phy interface Condition cause : null
2024-01-24 08:54:51,758 [WARN] ConditionMgr:1039 - genDependencies : Invalid condition id : LAN8742 Phy interface Condition cause : null
2024-01-24 08:54:51,773 [WARN] PackLoader:240 - Cannot read IP mode file for STMicroelectronics.X-CUBE-SFXS2LP1.4.0.0
2024-01-24 08:54:51,796 [WARN] ConditionMgr:438 - getConditionDescription Invalid condition id : UX DEVICE CLASS RTOS Condition cause : null
2024-01-24 08:54:51,796 [WARN] ConditionMgr:438 - getConditionDescription Invalid condition id : UX DEVICE CLASS RTOS Condition cause : null
2024-01-24 08:54:51,801 [WARN] PackLoader:240 - Cannot read IP mode file for STMicroelectronics.X-CUBE-AZRTOS-WB.2.0.0
2024-01-24 08:54:51,802 [WARN] ConditionMgr:1039 - genDependencies : Invalid condition id : UX DEVICE CLASS RTOS Condition cause : null
2024-01-24 08:54:51,802 [WARN] ConditionMgr:1039 - genDependencies : Invalid condition id : UX DEVICE CLASS RTOS Condition cause : null
2024-01-24 08:54:51,802 [WARN] ConditionMgr:1039 - genDependencies : Invalid condition id : UX DEVICE CLASS RTOS Condition cause : null
2024-01-24 08:54:51,803 [WARN] ConditionMgr:1039 - genDependencies : Invalid condition id : UX DEVICE CLASS RTOS Condition cause : null
2024-01-24 08:54:51,803 [WARN] ConditionMgr:1039 - genDependencies : Invalid condition id : UX DEVICE CLASS RTOS Condition cause : null
2024-01-24 08:54:51,820 [WARN] PackLoader:240 - Cannot read IP mode file for STMicroelectronics.X-CUBE-SUBG2.5.0.0
2024-01-24 08:54:51,848 [WARN] PackLoader:240 - Cannot read IP mode file for STMicroelectronics.X-CUBE-AZRTOS-G4.2.0.0
2024-01-24 08:54:51,871 [WARN] PackLoader:240 - Cannot read IP mode file for Infineon.AIROC-Wi-Fi-Bluetooth-STM32.1.5.1
2024-01-24 08:54:51,883 [WARN] PackLoader:240 - Cannot read IP mode file for STMicroelectronics.FP-SNS-MOTENVWB1.1.3.1
2024-01-24 08:54:51,899 [WARN] PackLoader:240 - Cannot read IP mode file for STMicroelectronics.X-CUBE-ISPU.2.0.0
2024-01-24 08:54:51,943 [INFO] WebApp:161 - Instantiating new browser for Auth
2024-01-24 08:54:51,961 [WARN] PackLoader:240 - Cannot read IP mode file for STMicroelectronics.X-CUBE-MEMS1.10.0.0
2024-01-24 08:54:52,169 [WARN] PackLoader:240 - Cannot read IP mode file for STMicroelectronics.X-CUBE-FREERTOS.1.1.0
2024-01-24 08:54:52,189 [WARN] PackLoader:240 - Cannot read IP mode file for portGmbH.I-Cube-SoM-uGOAL.1.1.0
2024-01-24 08:54:52,205 [WARN] PackLoader:240 - Cannot read IP mode file for STMicroelectronics.X-CUBE-ALS.1.0.1
2024-01-24 08:54:52,215 [WARN] PackLoader:240 - Cannot read IP mode file for STMicroelectronics.FP-ATR-ASTRA1.2.0.0
2024-01-24 08:54:52,232 [WARN] PackLoader:240 - Cannot read IP mode file for STMicroelectronics.X-CUBE-TOF1.3.4.0
2024-01-24 08:54:52,299 [WARN] PackLoader:240 - Cannot read IP mode file for STMicroelectronics.X-CUBE-AZRTOS-H7.3.2.0
2024-01-24 08:54:52,306 [INFO] ThirdParty:978 - Integrity check success = true
2024-01-24 08:54:52,307 [INFO] IntegrityCheckThread:100 - exiting critical section [integrity check]
2024-01-24 08:54:52,307 [INFO] IntegrityCheckThread:103 - End integrity checks thread
2024-01-24 08:54:53,445 [INFO] WebApp:780 - Register for checkConnection events
2024-01-24 08:54:53,445 [INFO] WebApp:414 - Apply proxy settings
2024-01-24 08:54:53,446 [INFO] WebApp:499 - Chromium requires no authentication
2024-01-24 08:54:53,467 [INFO] WebApp:442 - Direct internet connection detected
2024-01-24 08:54:53,900 [INFO] WebApp:192 - Starting web application
2024-01-24 08:54:53,900 [INFO] WebApp:544 - Web application path used C:\ST\STM32CubeIDE_1.14.1\STM32CubeIDE\plugins\com.st.stm32cube.common.mx_6.10.0.202311202037\db\plugins\mcufinder\reactClient1\index.html
2024-01-24 08:55:15,128 [ERROR] LogOutputStream:75 - [STDERR_REDIRECT] SLF4J: Failed to load class "org.slf4j.impl.StaticLoggerBinder".
2024-01-24 08:55:15,130 [ERROR] LogOutputStream:75 - [STDERR_REDIRECT] SLF4J: Defaulting to no-operation (NOP) logger implementation
2024-01-24 08:55:15,132 [ERROR] LogOutputStream:75 - [STDERR_REDIRECT] SLF4J: See http://www.slf4j.org/codes.html#StaticLoggerBinder for further details.
2024-01-24 08:57:00,394 [ERROR] LogOutputStream:75 - [STDERR_REDIRECT] 
