2024-01-21 23:18:36,123 [INFO] Activator:176 - 


2024-01-21 23:18:36,128 [INFO] Activator:177 - !SESSION log4j initialized
2024-01-21 23:18:40,659 [INFO] LogOutputStream:77 - [STDOUT_REDIRECT] 
2024-01-21 23:19:01,097 [INFO] ApplicationProperties:184 - Using Application install path: C:\ST\STM32CubeIDE_1.14.1\STM32CubeIDE\plugins\com.st.stm32cube.common.mx_6.10.0.202311202037
2024-01-21 23:19:01,123 [INFO] DbMcusXml:78 - Set database path to: C:\ST\STM32CubeIDE_1.14.1\STM32CubeIDE\plugins\com.st.stm32cube.common.mx_6.10.0.202311202037\\db\/mcu/
2024-01-21 23:19:01,124 [INFO] ApiDb:274 - Set plugin database path to: C:\ST\STM32CubeIDE_1.14.1\STM32CubeIDE\plugins\com.st.stm32cube.common.mx_6.10.0.202311202037\\db\/plugins/boardmanager/
2024-01-21 23:19:01,126 [WARN] ApiDb:259 - Overriding images path with different value:  => C:\ST\STM32CubeIDE_1.14.1\STM32CubeIDE\plugins\com.st.stm32cube.common.mx_6.10.0.202311202037\\db\/plugins/mcufinder/images/
2024-01-21 23:19:03,572 [WARN] ApiFinderProperties:113 - C:\Users\arunk\.stmcufinder\plugins\mcufinder\mcu\mcuFinder.mfd doesn't exist
2024-01-21 23:19:03,573 [INFO] ApiDb:250 - Set database path to: C:\Users\arunk\.stmcufinder\plugins\mcufinder//mcu/
2024-01-21 23:19:03,575 [INFO] DbMcusAds:125 - Set database path to: C:\Users\arunk\.stmcufinder\plugins\mcufinder//mcu/
2024-01-21 23:19:03,582 [INFO] CrossReferenceDbSqlite:203 - Set database path to: C:\Users\arunk\.stmcufinder\plugins\mcufinder//mcu/cs/
2024-01-21 23:19:03,762 [INFO] RulesReader:64 - Compatibility file has been processed (297 Rules)
2024-01-21 23:19:03,914 [INFO] DbMcusXml:78 - Set database path to: C:\ST\STM32CubeIDE_1.14.1\STM32CubeIDE\plugins\com.st.stm32cube.common.mx_6.10.0.202311202037\\db\/mcu/
2024-01-21 23:19:03,915 [INFO] ApiDb:274 - Set plugin database path to: C:\ST\STM32CubeIDE_1.14.1\STM32CubeIDE\plugins\com.st.stm32cube.common.mx_6.10.0.202311202037\\db\/plugins/boardmanager/
2024-01-21 23:19:03,915 [INFO] ApiDb:261 - Set plugin images path to: C:\ST\STM32CubeIDE_1.14.1\STM32CubeIDE\plugins\com.st.stm32cube.common.mx_6.10.0.202311202037\\db\/plugins/mcufinder/images/
2024-01-21 23:19:03,915 [WARN] DbFile:41 - Overriding database path with different value: C:\Users\arunk\.stmcufinder\plugins\mcufinder/ => C:\Users\arunk\.stmcufinder\plugins\mcufinder
2024-01-21 23:19:03,916 [INFO] ApiDb:250 - Set database path to: C:\Users\arunk\.stmcufinder\plugins\mcufinder//mcu/
2024-01-21 23:19:03,916 [WARN] DbFile:41 - Overriding database path with different value: C:\Users\arunk\.stmcufinder\plugins\mcufinder/ => C:\Users\arunk\.stmcufinder\plugins\mcufinder
2024-01-21 23:19:03,916 [INFO] DbMcusAds:125 - Set database path to: C:\Users\arunk\.stmcufinder\plugins\mcufinder//mcu/
2024-01-21 23:19:03,916 [WARN] DbFile:41 - Overriding database path with different value: C:\Users\arunk\.stmcufinder\plugins\mcufinder/ => C:\Users\arunk\.stmcufinder\plugins\mcufinder
2024-01-21 23:19:03,916 [WARN] DbFile:41 - Overriding database path with different value: C:\Users\arunk\.stmcufinder\plugins\mcufinder/ => C:\Users\arunk\.stmcufinder\plugins\mcufinder
2024-01-21 23:19:03,917 [INFO] CrossReferenceDbSqlite:203 - Set database path to: C:\Users\arunk\.stmcufinder\plugins\mcufinder//mcu/cs/
2024-01-21 23:19:04,036 [INFO] MainPanel:264 - HeapMemory: 268435456
2024-01-21 23:19:04,146 [INFO] DbMcusXml:78 - Set database path to: C:\ST\STM32CubeIDE_1.14.1\STM32CubeIDE\plugins\com.st.stm32cube.common.mx_6.10.0.202311202037\\db\/mcu/
2024-01-21 23:19:04,147 [INFO] ApiDb:274 - Set plugin database path to: C:\ST\STM32CubeIDE_1.14.1\STM32CubeIDE\plugins\com.st.stm32cube.common.mx_6.10.0.202311202037\\db\/plugins/boardmanager/
2024-01-21 23:19:04,147 [INFO] ApiDb:261 - Set plugin images path to: C:\ST\STM32CubeIDE_1.14.1\STM32CubeIDE\plugins\com.st.stm32cube.common.mx_6.10.0.202311202037\\db\/plugins/mcufinder/images/
2024-01-21 23:19:04,147 [WARN] DbFile:41 - Overriding database path with different value: C:\Users\arunk\.stmcufinder\plugins\mcufinder/ => C:\Users\arunk\.stmcufinder\plugins\mcufinder
2024-01-21 23:19:04,147 [INFO] ApiDb:250 - Set database path to: C:\Users\arunk\.stmcufinder\plugins\mcufinder//mcu/
2024-01-21 23:19:04,147 [WARN] DbFile:41 - Overriding database path with different value: C:\Users\arunk\.stmcufinder\plugins\mcufinder/ => C:\Users\arunk\.stmcufinder\plugins\mcufinder
2024-01-21 23:19:04,148 [INFO] DbMcusAds:125 - Set database path to: C:\Users\arunk\.stmcufinder\plugins\mcufinder//mcu/
2024-01-21 23:19:04,148 [WARN] DbFile:41 - Overriding database path with different value: C:\Users\arunk\.stmcufinder\plugins\mcufinder/ => C:\Users\arunk\.stmcufinder\plugins\mcufinder
2024-01-21 23:19:04,148 [WARN] DbFile:41 - Overriding database path with different value: C:\Users\arunk\.stmcufinder\plugins\mcufinder/ => C:\Users\arunk\.stmcufinder\plugins\mcufinder
2024-01-21 23:19:04,148 [INFO] CrossReferenceDbSqlite:203 - Set database path to: C:\Users\arunk\.stmcufinder\plugins\mcufinder//mcu/cs/
2024-01-21 23:19:04,181 [INFO] ApplicationProperties:184 - Using Application install path: C:\ST\STM32CubeIDE_1.14.1\STM32CubeIDE\plugins\com.st.stm32cube.common.mx_6.10.0.202311202037
2024-01-21 23:19:04,184 [INFO] PluginManage:196 - Search for loadable plugins [exclusion list=, ]
2024-01-21 23:19:04,186 [INFO] PluginManage:310 - Check plugin analytics
2024-01-21 23:19:04,497 [INFO] AnalyticsPlugin:253 - Accepted Software Licenses: 
2024-01-21 23:19:04,497 [INFO] AnalyticsPlugin:255 - Accepted CMSIS Pack Licenses: 
2024-01-21 23:19:04,498 [INFO] AnalyticsPlugin:257 - Accepted Firmware Licenses: 
2024-01-21 23:19:04,502 [INFO] PluginManage:359 - Loaded plugin analytics (category:tool,tabindex:-1)
2024-01-21 23:19:04,503 [INFO] PluginManage:310 - Check plugin cadmodel
2024-01-21 23:19:04,509 [INFO] CADModel:105 - Init CAD model plugin
2024-01-21 23:19:04,509 [INFO] PluginManage:359 - Loaded plugin cadmodel (category:power,tabindex:5)
2024-01-21 23:19:04,510 [INFO] PluginManage:310 - Check plugin clock
2024-01-21 23:19:04,524 [INFO] PluginManage:359 - Loaded plugin clock (category:base,tabindex:2)
2024-01-21 23:19:04,525 [INFO] PluginManage:310 - Check plugin ddr
2024-01-21 23:19:04,528 [INFO] PluginManage:359 - Loaded plugin ddr (category:tool,tabindex:6)
2024-01-21 23:19:04,528 [INFO] PluginManage:310 - Check plugin filemanager
2024-01-21 23:19:04,767 [INFO] PluginManage:359 - Loaded plugin filemanager (category:base,tabindex:10)
2024-01-21 23:19:04,767 [INFO] PluginManage:310 - Check plugin ipmanager
2024-01-21 23:19:04,778 [INFO] PluginManage:359 - Loaded plugin ipmanager (category:base,tabindex:5)
2024-01-21 23:19:04,778 [INFO] PluginManage:310 - Check plugin lpbam
2024-01-21 23:19:04,792 [INFO] PluginManage:359 - Loaded plugin lpbam (category:base,tabindex:0)
2024-01-21 23:19:04,792 [INFO] PluginManage:310 - Check plugin memorymap
2024-01-21 23:19:04,833 [INFO] PluginManage:359 - Loaded plugin memorymap (category:base,tabindex:4)
2024-01-21 23:19:04,833 [INFO] PluginManage:310 - Check plugin pinoutandconfiguration
2024-01-21 23:19:04,847 [INFO] PluginManage:359 - Loaded plugin pinoutandconfiguration (category:base,tabindex:1)
2024-01-21 23:19:04,848 [INFO] PluginManage:310 - Check plugin pinoutconfig
2024-01-21 23:19:05,045 [WARN] SupportedApi:132 - Cannot load RTOS API schema: s4s-elt-must-match.1: The content of 'definitions' must match (annotation?, (simpleType | complexType)?, (unique | key | keyref)*)). A problem was found starting at: attribute.
2024-01-21 23:19:05,277 [INFO] PluginManage:359 - Loaded plugin pinoutconfig (category:base,tabindex:0)
2024-01-21 23:19:05,278 [INFO] PluginManage:310 - Check plugin power
2024-01-21 23:19:05,293 [INFO] PluginManage:359 - Loaded plugin power (category:power,tabindex:4)
2024-01-21 23:19:05,294 [INFO] PluginManage:310 - Check plugin projectmanager
2024-01-21 23:19:05,319 [INFO] PluginManage:359 - Loaded plugin projectmanager (category:projectmanager,tabindex:3)
2024-01-21 23:19:05,320 [INFO] PluginManage:310 - Check plugin thirdparty
2024-01-21 23:19:05,498 [INFO] PluginManage:359 - Loaded plugin thirdparty (category:base,tabindex:-1)
2024-01-21 23:19:05,498 [WARN] IntegrityCheckThread:84 - waiting for thirdparty lock release [integrity check]
2024-01-21 23:19:05,498 [INFO] PluginManage:310 - Check plugin tools
2024-01-21 23:19:05,498 [INFO] IntegrityCheckThread:86 - entering critical section [integrity check]
2024-01-21 23:19:05,499 [INFO] ThirdPartyUpdaterWithRetryManager:70 - Updater plugin not ready yet. [1/15]
2024-01-21 23:19:05,502 [INFO] PluginManage:359 - Loaded plugin tools (category:base,tabindex:7)
2024-01-21 23:19:05,502 [INFO] PluginManage:310 - Check plugin tutovideos
2024-01-21 23:19:05,730 [INFO] PluginManage:359 - Loaded plugin tutovideos (category:base,tabindex:-1)
2024-01-21 23:19:05,730 [INFO] PluginManage:310 - Check plugin updater
2024-01-21 23:19:05,743 [INFO] PluginManage:359 - Loaded plugin updater (category:base,tabindex:12)
2024-01-21 23:19:05,743 [INFO] PluginManage:310 - Check plugin userauth
2024-01-21 23:19:05,749 [INFO] UserAuth:114 - Init User Auth plugin
2024-01-21 23:19:05,749 [INFO] PluginManage:359 - Loaded plugin userauth (category:base,tabindex:14)
2024-01-21 23:19:05,749 [INFO] PluginManage:283 - PluginManage : Loaded plugins [17]
2024-01-21 23:19:06,045 [INFO] PinOutPanel:1499 - setPackage(No Configuration,No Configuration)
2024-01-21 23:19:06,138 [INFO] CADModel:165 - CPN selected for project level
2024-01-21 23:19:06,139 [INFO] CADModel:114 - Register for checkConnection events
2024-01-21 23:19:06,156 [INFO] IPUIPlugin:80 - create IPUIPlugin
2024-01-21 23:19:06,156 [INFO] PluginManager:220 - loadIPPluginJar : add adc
2024-01-21 23:19:06,160 [INFO] IPUIPlugin:80 - create IPUIPlugin
2024-01-21 23:19:06,160 [INFO] PluginManager:220 - loadIPPluginJar : add aes
2024-01-21 23:19:06,164 [INFO] IPUIPlugin:80 - create IPUIPlugin
2024-01-21 23:19:06,165 [INFO] PluginManager:220 - loadIPPluginJar : add can
2024-01-21 23:19:06,167 [INFO] IPUIPlugin:80 - create IPUIPlugin
2024-01-21 23:19:06,167 [INFO] PluginManager:220 - loadIPPluginJar : add comp
2024-01-21 23:19:06,170 [INFO] IPUIPlugin:80 - create IPUIPlugin
2024-01-21 23:19:06,170 [INFO] PluginManager:220 - loadIPPluginJar : add cryp
2024-01-21 23:19:06,173 [INFO] IPUIPlugin:80 - create IPUIPlugin
2024-01-21 23:19:06,173 [INFO] PluginManager:220 - loadIPPluginJar : add dfsdm
2024-01-21 23:19:06,180 [INFO] IPUIPlugin:80 - create IPUIPlugin
2024-01-21 23:19:06,181 [INFO] PluginManager:220 - loadIPPluginJar : add dma
2024-01-21 23:19:06,184 [INFO] IPUIPlugin:80 - create IPUIPlugin
2024-01-21 23:19:06,184 [INFO] PluginManager:220 - loadIPPluginJar : add dma3
2024-01-21 23:19:06,186 [INFO] IPUIPlugin:80 - create IPUIPlugin
2024-01-21 23:19:06,187 [INFO] PluginManager:220 - loadIPPluginJar : add fatfs
2024-01-21 23:19:06,193 [INFO] IPUIPlugin:80 - create IPUIPlugin
2024-01-21 23:19:06,193 [INFO] PluginManager:220 - loadIPPluginJar : add fmc
2024-01-21 23:19:06,200 [INFO] IPUIPlugin:80 - create IPUIPlugin
2024-01-21 23:19:06,201 [INFO] PluginManager:220 - loadIPPluginJar : add freertos
2024-01-21 23:19:06,203 [INFO] IPUIPlugin:80 - create IPUIPlugin
2024-01-21 23:19:06,203 [INFO] PluginManager:220 - loadIPPluginJar : add genericplugin
2024-01-21 23:19:06,206 [INFO] IPUIPlugin:80 - create IPUIPlugin
2024-01-21 23:19:06,207 [INFO] PluginManager:220 - loadIPPluginJar : add gfxmmu
2024-01-21 23:19:06,213 [INFO] IPUIPlugin:80 - create IPUIPlugin
2024-01-21 23:19:06,213 [INFO] PluginManager:220 - loadIPPluginJar : add gic
2024-01-21 23:19:06,220 [INFO] IPUIPlugin:80 - create IPUIPlugin
2024-01-21 23:19:06,220 [INFO] PluginManager:220 - loadIPPluginJar : add gpio
2024-01-21 23:19:06,225 [INFO] IPUIPlugin:80 - create IPUIPlugin
2024-01-21 23:19:06,225 [INFO] PluginManager:220 - loadIPPluginJar : add gtzc
2024-01-21 23:19:06,228 [INFO] IPUIPlugin:80 - create IPUIPlugin
2024-01-21 23:19:06,228 [INFO] PluginManager:220 - loadIPPluginJar : add hash
2024-01-21 23:19:06,232 [INFO] IPUIPlugin:80 - create IPUIPlugin
2024-01-21 23:19:06,232 [INFO] PluginManager:220 - loadIPPluginJar : add i2c
2024-01-21 23:19:06,236 [INFO] IPUIPlugin:80 - create IPUIPlugin
2024-01-21 23:19:06,236 [INFO] PluginManager:220 - loadIPPluginJar : add i2s
2024-01-21 23:19:06,240 [INFO] IPUIPlugin:80 - create IPUIPlugin
2024-01-21 23:19:06,240 [INFO] PluginManager:220 - loadIPPluginJar : add i3c
2024-01-21 23:19:06,245 [INFO] IPUIPlugin:80 - create IPUIPlugin
2024-01-21 23:19:06,245 [INFO] PluginManager:220 - loadIPPluginJar : add ipddr
2024-01-21 23:19:06,252 [INFO] IPUIPlugin:80 - create IPUIPlugin
2024-01-21 23:19:06,253 [INFO] PluginManager:220 - loadIPPluginJar : add linkedlist
2024-01-21 23:19:06,257 [INFO] IPUIPlugin:80 - create IPUIPlugin
2024-01-21 23:19:06,257 [INFO] PluginManager:220 - loadIPPluginJar : add lorawan
2024-01-21 23:19:06,259 [INFO] IPUIPlugin:80 - create IPUIPlugin
2024-01-21 23:19:06,261 [INFO] PluginManager:220 - loadIPPluginJar : add ltdc
2024-01-21 23:19:06,270 [INFO] IPUIPlugin:80 - create IPUIPlugin
2024-01-21 23:19:06,270 [INFO] PluginManager:220 - loadIPPluginJar : add mdma
2024-01-21 23:19:06,275 [INFO] IPUIPlugin:80 - create IPUIPlugin
2024-01-21 23:19:06,275 [INFO] PluginManager:220 - loadIPPluginJar : add nvic
2024-01-21 23:19:06,278 [INFO] IPUIPlugin:80 - create IPUIPlugin
2024-01-21 23:19:06,279 [INFO] PluginManager:220 - loadIPPluginJar : add opamp
2024-01-21 23:19:06,282 [INFO] IPUIPlugin:80 - create IPUIPlugin
2024-01-21 23:19:06,282 [INFO] PluginManager:220 - loadIPPluginJar : add openamp
2024-01-21 23:19:06,286 [INFO] IPUIPlugin:80 - create IPUIPlugin
2024-01-21 23:19:06,287 [INFO] PluginManager:220 - loadIPPluginJar : add pdm2pcm
2024-01-21 23:19:06,294 [INFO] IPUIPlugin:80 - create IPUIPlugin
2024-01-21 23:19:06,298 [INFO] PluginManager:220 - loadIPPluginJar : add plateformsettings
2024-01-21 23:19:06,300 [INFO] IPUIPlugin:80 - create IPUIPlugin
2024-01-21 23:19:06,300 [INFO] PluginManager:220 - loadIPPluginJar : add quadspi
2024-01-21 23:19:06,305 [INFO] IPUIPlugin:80 - create IPUIPlugin
2024-01-21 23:19:06,305 [INFO] PluginManager:220 - loadIPPluginJar : add resmgrutility
2024-01-21 23:19:06,309 [INFO] IPUIPlugin:80 - create IPUIPlugin
2024-01-21 23:19:06,309 [INFO] PluginManager:220 - loadIPPluginJar : add sai
2024-01-21 23:19:06,312 [INFO] IPUIPlugin:80 - create IPUIPlugin
2024-01-21 23:19:06,313 [INFO] PluginManager:220 - loadIPPluginJar : add spi
2024-01-21 23:19:06,319 [INFO] IPUIPlugin:80 - create IPUIPlugin
2024-01-21 23:19:06,319 [INFO] PluginManager:220 - loadIPPluginJar : add stm32_wpan
2024-01-21 23:19:06,322 [INFO] IPUIPlugin:80 - create IPUIPlugin
2024-01-21 23:19:06,322 [INFO] PluginManager:220 - loadIPPluginJar : add tim
2024-01-21 23:19:06,326 [INFO] IPUIPlugin:80 - create IPUIPlugin
2024-01-21 23:19:06,326 [INFO] PluginManager:220 - loadIPPluginJar : add touchsensing
2024-01-21 23:19:06,330 [INFO] IPUIPlugin:80 - create IPUIPlugin
2024-01-21 23:19:06,330 [INFO] PluginManager:220 - loadIPPluginJar : add tracer_emb
2024-01-21 23:19:06,332 [INFO] IPUIPlugin:80 - create IPUIPlugin
2024-01-21 23:19:06,333 [INFO] PluginManager:220 - loadIPPluginJar : add ts
2024-01-21 23:19:06,334 [INFO] IPUIPlugin:80 - create IPUIPlugin
2024-01-21 23:19:06,335 [INFO] PluginManager:220 - loadIPPluginJar : add tsc
2024-01-21 23:19:06,337 [INFO] IPUIPlugin:80 - create IPUIPlugin
2024-01-21 23:19:06,337 [INFO] PluginManager:220 - loadIPPluginJar : add ucpd
2024-01-21 23:19:06,340 [INFO] IPUIPlugin:80 - create IPUIPlugin
2024-01-21 23:19:06,340 [INFO] PluginManager:220 - loadIPPluginJar : add usart
2024-01-21 23:19:06,344 [INFO] IPUIPlugin:80 - create IPUIPlugin
2024-01-21 23:19:06,344 [INFO] PluginManager:220 - loadIPPluginJar : add usbx
2024-01-21 23:19:06,510 [INFO] CADModel:165 - CPN selected for project level
2024-01-21 23:19:06,510 [INFO] CADModel:114 - Register for checkConnection events
2024-01-21 23:19:06,510 [FATAL] Updater:308 - Updater called before beeing initialized
2024-01-21 23:19:06,511 [ERROR] CADModel:125 - Updater not yet initialized, retry later 
2024-01-21 23:19:06,740 [INFO] CADModel:165 - CPN selected for project level
2024-01-21 23:19:06,741 [INFO] CADModel:114 - Register for checkConnection events
2024-01-21 23:19:06,741 [FATAL] Updater:308 - Updater called before beeing initialized
2024-01-21 23:19:06,741 [ERROR] CADModel:125 - Updater not yet initialized, retry later 
2024-01-21 23:19:06,746 [FATAL] Updater:308 - Updater called before beeing initialized
2024-01-21 23:19:06,900 [FATAL] Updater:308 - Updater called before beeing initialized
2024-01-21 23:19:06,906 [INFO] DbMcusAds:53 - JSON generation date=Thu Sep 30 12:25:09 IST 2021 (1632984909247)
2024-01-21 23:19:06,907 [FATAL] Updater:308 - Updater called before beeing initialized
2024-01-21 23:19:06,964 [WARN] DetailPanel:346 - Failed to get advertising image, set to default
2024-01-21 23:19:07,139 [FATAL] Updater:308 - Updater called before beeing initialized
2024-01-21 23:19:07,140 [FATAL] Updater:308 - Updater called before beeing initialized
2024-01-21 23:19:07,140 [FATAL] Updater:308 - Updater called before beeing initialized
2024-01-21 23:19:07,141 [WARN] DetailPanel:346 - Failed to get advertising image, set to default
2024-01-21 23:19:07,142 [FATAL] Updater:308 - Updater called before beeing initialized
2024-01-21 23:19:07,224 [ERROR] Updater:1120 - MainUpdater not yet initialized. External WinMGr cannot be set.
2024-01-21 23:19:07,227 [INFO] Updater:1056 - Updater Version found : 6.10.0
2024-01-21 23:19:07,246 [INFO] ApplicationProperties:184 - Using Application install path: C:\ST\STM32CubeIDE_1.14.1\STM32CubeIDE\plugins\com.st.stm32cube.common.mx_6.10.0.202311202037
2024-01-21 23:19:08,503 [INFO] ThirdPartyUpdaterWithRetryManager:70 - Updater plugin not ready yet. [2/15]
2024-01-21 23:19:08,860 [ERROR] LogOutputStream:75 - [STDERR_REDIRECT] Jan 21, 2024 11:19:08 PM java.util.prefs.WindowsPreferences <init>
2024-01-21 23:19:08,862 [ERROR] LogOutputStream:75 - [STDERR_REDIRECT] WARNING: Could not open/create prefs root node Software\JavaSoft\Prefs at root 0xffffffff80000002. Windows RegCreateKeyEx(...) returned error code 5.
2024-01-21 23:19:08,863 [ERROR] LogOutputStream:75 - [STDERR_REDIRECT] 
2024-01-21 23:19:08,901 [INFO] MainUpdater:526 - Copy updater definitions from MX database
2024-01-21 23:19:08,995 [INFO] MainUpdater:559 - Copy flag file definitions from MX database
2024-01-21 23:19:09,001 [INFO] MainUpdater:575 - Copy thirdparty index definitions from MX database
2024-01-21 23:19:09,004 [INFO] MainUpdater:594 - Copy default thirdparty db definitions from MX database
2024-01-21 23:19:09,390 [INFO] MainUpdater:2873 - connection check result : 10
2024-01-21 23:19:09,391 [INFO] MainUpdater:3567 - Updater definition file requires update
2024-01-21 23:19:09,392 [INFO] MainUpdater:290 - Updater Check For Update Now.
2024-01-21 23:19:09,393 [INFO] MicroXplorer:498 - Change Database Version : DB.6.0.100
2024-01-21 23:19:09,406 [INFO] McuFinderGlobals:63 - Set McuFinder mode to 2 (CubeIDE integrated)
2024-01-21 23:19:09,406 [INFO] UserAuth:180 - activating auth plugin
2024-01-21 23:19:09,412 [INFO] UserAuth:404 - Internet connection configuration mode: 1
2024-01-21 23:19:09,436 [INFO] JxBrowserEngine:152 - Initiate JxBrowser Engine with user profile folder
2024-01-21 23:19:09,610 [INFO] ServerAccessManage:473 - Download File updaters.zip
2024-01-21 23:19:10,406 [INFO] FileExtend:240 - Unzip File : updaters.zip
2024-01-21 23:19:10,406 [INFO] FileExtend:255 - Standard Zip Deflate
2024-01-21 23:19:10,884 [INFO] ServerAccessManage:473 - Download File PacksControlFlags.xml
2024-01-21 23:19:11,108 [INFO] ServerAccessManage:473 - Download File cubemx.pidx
2024-01-21 23:19:11,511 [WARN] MainUpdater:1194 - Updater busy. Cannot search thirdparties
2024-01-21 23:19:11,512 [INFO] ThirdPartyUpdaterWithRetryManager:96 - Updater plugin is busy. [1/15]
2024-01-21 23:19:12,169 [INFO] ServerAccessManage:473 - Download File STMicroelectronics.FP-ATR-ASTRA1.pdsc
2024-01-21 23:19:14,517 [WARN] MainUpdater:1194 - Updater busy. Cannot search thirdparties
2024-01-21 23:19:14,517 [INFO] ThirdPartyUpdaterWithRetryManager:96 - Updater plugin is busy. [2/15]
2024-01-21 23:19:15,706 [INFO] ServerAccessManage:473 - Download File STMicroelectronics.FP-ATR-SIGFOX1.pdsc
2024-01-21 23:19:17,533 [WARN] MainUpdater:1194 - Updater busy. Cannot search thirdparties
2024-01-21 23:19:17,533 [INFO] ThirdPartyUpdaterWithRetryManager:96 - Updater plugin is busy. [3/15]
2024-01-21 23:19:20,545 [WARN] MainUpdater:1194 - Updater busy. Cannot search thirdparties
2024-01-21 23:19:20,545 [INFO] ThirdPartyUpdaterWithRetryManager:96 - Updater plugin is busy. [4/15]
2024-01-21 23:19:23,554 [WARN] MainUpdater:1194 - Updater busy. Cannot search thirdparties
2024-01-21 23:19:23,554 [INFO] ThirdPartyUpdaterWithRetryManager:96 - Updater plugin is busy. [5/15]
2024-01-21 23:19:26,567 [WARN] MainUpdater:1194 - Updater busy. Cannot search thirdparties
2024-01-21 23:19:26,567 [INFO] ThirdPartyUpdaterWithRetryManager:96 - Updater plugin is busy. [6/15]
2024-01-21 23:19:28,149 [INFO] WebApp:161 - Instantiating new browser for Auth
2024-01-21 23:19:29,569 [WARN] MainUpdater:1194 - Updater busy. Cannot search thirdparties
2024-01-21 23:19:29,569 [INFO] ThirdPartyUpdaterWithRetryManager:96 - Updater plugin is busy. [7/15]
2024-01-21 23:19:32,580 [WARN] MainUpdater:1194 - Updater busy. Cannot search thirdparties
2024-01-21 23:19:32,580 [INFO] ThirdPartyUpdaterWithRetryManager:96 - Updater plugin is busy. [8/15]
2024-01-21 23:19:35,498 [INFO] WebApp:780 - Register for checkConnection events
2024-01-21 23:19:35,498 [INFO] WebApp:414 - Apply proxy settings
2024-01-21 23:19:35,499 [INFO] WebApp:499 - Chromium requires no authentication
2024-01-21 23:19:35,515 [INFO] WebApp:442 - Direct internet connection detected
2024-01-21 23:19:35,582 [WARN] MainUpdater:1194 - Updater busy. Cannot search thirdparties
2024-01-21 23:19:35,582 [INFO] ThirdPartyUpdaterWithRetryManager:96 - Updater plugin is busy. [9/15]
2024-01-21 23:19:35,782 [INFO] WebApp:192 - Starting web application
2024-01-21 23:19:35,782 [INFO] WebApp:544 - Web application path used C:\ST\STM32CubeIDE_1.14.1\STM32CubeIDE\plugins\com.st.stm32cube.common.mx_6.10.0.202311202037\db\plugins\mcufinder\reactClient1\index.html
2024-01-21 23:19:38,590 [WARN] MainUpdater:1194 - Updater busy. Cannot search thirdparties
2024-01-21 23:19:38,590 [INFO] ThirdPartyUpdaterWithRetryManager:96 - Updater plugin is busy. [10/15]
2024-01-21 23:19:41,592 [WARN] MainUpdater:1194 - Updater busy. Cannot search thirdparties
2024-01-21 23:19:41,592 [INFO] ThirdPartyUpdaterWithRetryManager:96 - Updater plugin is busy. [11/15]
2024-01-21 23:19:44,594 [WARN] MainUpdater:1194 - Updater busy. Cannot search thirdparties
2024-01-21 23:19:44,594 [INFO] ThirdPartyUpdaterWithRetryManager:96 - Updater plugin is busy. [12/15]
2024-01-21 23:19:47,595 [WARN] MainUpdater:1194 - Updater busy. Cannot search thirdparties
2024-01-21 23:19:47,595 [INFO] ThirdPartyUpdaterWithRetryManager:96 - Updater plugin is busy. [13/15]
2024-01-21 23:19:50,596 [WARN] MainUpdater:1194 - Updater busy. Cannot search thirdparties
2024-01-21 23:19:50,596 [INFO] ThirdPartyUpdaterWithRetryManager:96 - Updater plugin is busy. [14/15]
2024-01-21 23:19:53,598 [WARN] MainUpdater:1194 - Updater busy. Cannot search thirdparties
2024-01-21 23:19:53,598 [INFO] ThirdPartyUpdaterWithRetryManager:96 - Updater plugin is busy. [15/15]
2024-01-21 23:19:53,598 [ERROR] IntegrityCheckThread:130 - Cannot retrieve database content from updater: error -1
2024-01-21 23:19:53,599 [INFO] ThirdParty:978 - Integrity check success = false
2024-01-21 23:19:53,599 [INFO] IntegrityCheckThread:100 - exiting critical section [integrity check]
2024-01-21 23:19:53,599 [INFO] IntegrityCheckThread:103 - End integrity checks thread
2024-01-21 23:19:57,612 [ERROR] LogOutputStream:75 - [STDERR_REDIRECT] SLF4J: Failed to load class "org.slf4j.impl.StaticLoggerBinder".
2024-01-21 23:19:57,616 [ERROR] LogOutputStream:75 - [STDERR_REDIRECT] SLF4J: Defaulting to no-operation (NOP) logger implementation
2024-01-21 23:19:57,620 [ERROR] LogOutputStream:75 - [STDERR_REDIRECT] SLF4J: See http://www.slf4j.org/codes.html#StaticLoggerBinder for further details.
2024-01-21 23:20:03,267 [WARN] ServerAccessManage:1168 - Warning during Server Connection :  timeout Read timed out
2024-01-21 23:20:49,520 [WARN] ServerAccessManage:1168 - Warning during Server Connection :  timeout Read timed out
2024-01-21 23:20:49,521 [ERROR] ServerAccessManage:651 - Problem, Http timeout : STMicroelectronics.FP-SNS-FLIGHT1.pdsc.
2024-01-21 23:20:50,832 [INFO] ServerAccessManage:473 - Download File STMicroelectronics.FP-SNS-MOTENV1.pdsc
2024-01-21 23:20:54,460 [INFO] ServerAccessManage:473 - Download File STMicroelectronics.FP-SNS-MOTENVWB1.pdsc
2024-01-21 23:20:57,390 [INFO] ServerAccessManage:473 - Download File STMicroelectronics.FP-SNS-SMARTAG2.pdsc
2024-01-21 23:20:59,240 [INFO] ServerAccessManage:473 - Download File STMicroelectronics.X-CUBE-AI.pdsc
2024-01-21 23:21:10,717 [INFO] ServerAccessManage:473 - Download File STMicroelectronics.X-CUBE-ALS.pdsc
2024-01-21 23:21:14,041 [INFO] ServerAccessManage:473 - Download File STMicroelectronics.X-CUBE-BLE1.pdsc
2024-01-21 23:21:25,873 [ERROR] ServerAccessManage:1089 - Problem, file not found on Server
2024-01-21 23:21:26,850 [INFO] ServerAccessManage:473 - Download File STMicroelectronics.X-CUBE-BLE2.pdsc
2024-01-21 23:21:33,919 [INFO] ServerAccessManage:473 - Download File STMicroelectronics.X-CUBE-BLEMGR.pdsc
2024-01-21 23:21:39,894 [INFO] ServerAccessManage:473 - Download File STMicroelectronics.X-CUBE-DISPLAY.pdsc
2024-01-21 23:21:46,681 [INFO] ServerAccessManage:473 - Download File STMicroelectronics.X-CUBE-EEPRMA1.pdsc
2024-01-21 23:21:48,574 [ERROR] ServerAccessManage:1089 - Problem, file not found on Server
2024-01-21 23:21:52,781 [INFO] ServerAccessManage:473 - Download File STMicroelectronics.X-CUBE-FREERTOS.pdsc
2024-01-21 23:21:55,901 [INFO] ServerAccessManage:473 - Download File STMicroelectronics.X-CUBE-GNSS1.pdsc
2024-01-21 23:22:03,264 [ERROR] ServerAccessManage:1089 - Problem, file not found on Server
2024-01-21 23:22:04,061 [ERROR] ServerAccessManage:1089 - Problem, file not found on Server
2024-01-21 23:22:04,860 [ERROR] ServerAccessManage:1089 - Problem, file not found on Server
2024-01-21 23:22:05,647 [ERROR] ServerAccessManage:1089 - Problem, file not found on Server
2024-01-21 23:22:06,428 [ERROR] ServerAccessManage:1089 - Problem, file not found on Server
2024-01-21 23:22:07,226 [ERROR] ServerAccessManage:1089 - Problem, file not found on Server
2024-01-21 23:22:08,443 [INFO] ServerAccessManage:473 - Download File STMicroelectronics.X-CUBE-ISPU.pdsc
2024-01-21 23:22:11,817 [INFO] ServerAccessManage:473 - Download File STMicroelectronics.X-CUBE-MEMS1.pdsc
2024-01-21 23:22:30,590 [INFO] ServerAccessManage:473 - Download File STMicroelectronics.X-CUBE-NFC4.pdsc
2024-01-21 23:22:40,661 [INFO] ServerAccessManage:473 - Download File STMicroelectronics.X-CUBE-NFC6.pdsc
2024-01-21 23:22:42,361 [INFO] ServerAccessManage:473 - Download File STMicroelectronics.X-CUBE-NFC7.pdsc
2024-01-21 23:22:44,223 [INFO] ServerAccessManage:473 - Download File STMicroelectronics.X-CUBE-SFXS2LP1.pdsc
2024-01-21 23:22:48,750 [INFO] ServerAccessManage:473 - Download File STMicroelectronics.X-CUBE-SUBG2.pdsc
2024-01-21 23:22:57,342 [INFO] ServerAccessManage:473 - Download File STMicroelectronics.X-CUBE-SMBUS.pdsc
2024-01-21 23:22:58,939 [ERROR] ServerAccessManage:1089 - Problem, file not found on Server
2024-01-21 23:22:59,816 [INFO] ServerAccessManage:473 - Download File STMicroelectronics.X-CUBE-TOF1.pdsc
2024-01-21 23:23:06,859 [ERROR] ServerAccessManage:1089 - Problem, file not found on Server
2024-01-21 23:23:07,931 [INFO] ServerAccessManage:473 - Download File STMicroelectronics.X-CUBE-TOUCHGFX.pdsc
2024-01-21 23:23:23,404 [INFO] ServerAccessManage:473 - Download File STMicroelectronics.X-CUBE-ALGOBUILD.pdsc
2024-01-21 23:23:28,116 [INFO] ServerAccessManage:473 - Download File STMicroelectronics.X-CUBE-AZRTOS-H7.pdsc
2024-01-21 23:23:35,930 [INFO] ServerAccessManage:473 - Download File STMicroelectronics.X-CUBE-AZRTOS-F4.pdsc
2024-01-21 23:23:41,796 [INFO] ServerAccessManage:473 - Download File STMicroelectronics.X-CUBE-AZRTOS-F7.pdsc
2024-01-21 23:23:46,315 [INFO] ServerAccessManage:473 - Download File STMicroelectronics.X-CUBE-AZRTOS-L4.pdsc
2024-01-21 23:23:49,354 [INFO] ServerAccessManage:473 - Download File STMicroelectronics.X-CUBE-AZRTOS-L5.pdsc
2024-01-21 23:23:51,936 [INFO] ServerAccessManage:473 - Download File STMicroelectronics.X-CUBE-AZRTOS-G0.pdsc
2024-01-21 23:23:55,001 [INFO] ServerAccessManage:473 - Download File STMicroelectronics.X-CUBE-AZRTOS-G4.pdsc
2024-01-21 23:23:58,154 [INFO] ServerAccessManage:473 - Download File STMicroelectronics.X-CUBE-AZRTOS-WB.pdsc
2024-01-21 23:24:01,301 [INFO] ServerAccessManage:473 - Download File STMicroelectronics.X-CUBE-AZRTOS-WL.pdsc
2024-01-21 23:24:06,411 [INFO] ServerAccessManage:473 - Download File wolfSSL.I-CUBE-wolfSSL.pdsc
2024-01-21 23:24:13,309 [ERROR] ServerAccessManage:1089 - Problem, file not found on Server
2024-01-21 23:24:13,880 [ERROR] ServerAccessManage:1089 - Problem, file not found on Server
2024-01-21 23:24:14,437 [ERROR] ServerAccessManage:1089 - Problem, file not found on Server
2024-01-21 23:24:18,028 [ERROR] ServerAccessManage:1096 - Problem, Http access forbiden
2024-01-21 23:24:18,029 [ERROR] ServerAccessManage:651 - Problem, Http access forbiden : RoweBots.I-CUBE-UNISONRTOS.pdsc.
2024-01-21 23:24:20,125 [INFO] ServerAccessManage:473 - Download File SEGGER.I-CUBE-embOS.pdsc
2024-01-21 23:24:35,959 [INFO] ServerAccessManage:473 - Download File portGmbH.I-Cube-SoM-uGOAL.pdsc
2024-01-21 23:24:39,381 [ERROR] ServerAccessManage:1089 - Problem, file not found on Server
2024-01-21 23:24:39,709 [ERROR] ServerAccessManage:1089 - Problem, file not found on Server
2024-01-21 23:24:40,122 [ERROR] ServerAccessManage:1089 - Problem, file not found on Server
2024-01-21 23:24:42,632 [INFO] ServerAccessManage:473 - Download File emotas.I-CUBE-CANOPEN.pdsc
2024-01-21 23:24:47,725 [INFO] ServerAccessManage:473 - Download File WES.I-CUBE-Cesium.pdsc
2024-01-21 23:24:48,757 [ERROR] ServerAccessManage:1089 - Problem, file not found on Server
2024-01-21 23:24:49,193 [ERROR] ServerAccessManage:1089 - Problem, file not found on Server
2024-01-21 23:24:54,034 [INFO] ServerAccessManage:473 - Download File ITTIA_DB.I-CUBE-ITTIADB.pdsc
2024-01-21 23:25:02,713 [INFO] ServerAccessManage:473 - Download File Infineon.AIROC-Wi-Fi-Bluetooth-STM32.pdsc
2024-01-21 23:25:07,699 [WARN] CheckServerUpdateThread:151 - Open CheckUpdateFile Fail
2024-01-21 23:25:07,702 [WARN] PackLoader:240 - Cannot read IP mode file for STMicroelectronics.FP-ATR-ASTRA1.2.0.0
2024-01-21 23:25:07,715 [WARN] PackLoader:240 - Cannot read IP mode file for STMicroelectronics.FP-ATR-SIGFOX1.3.2.0
2024-01-21 23:25:07,729 [WARN] PackLoader:240 - Cannot read IP mode file for STMicroelectronics.FP-SNS-MOTENV1.4.3.2
2024-01-21 23:25:07,743 [WARN] PackLoader:240 - Cannot read IP mode file for STMicroelectronics.FP-SNS-MOTENVWB1.1.3.1
2024-01-21 23:25:07,753 [WARN] PackLoader:240 - Cannot read IP mode file for STMicroelectronics.FP-SNS-SMARTAG2.1.2.0
2024-01-21 23:25:07,762 [WARN] PackLoader:240 - Cannot read IP mode file for STMicroelectronics.X-CUBE-AI.8.1.0
2024-01-21 23:25:07,774 [WARN] PackLoader:240 - Cannot read IP mode file for STMicroelectronics.X-CUBE-ALS.1.0.1
2024-01-21 23:25:07,785 [WARN] PackLoader:240 - Cannot read IP mode file for STMicroelectronics.X-CUBE-BLE1.7.0.0
2024-01-21 23:25:07,793 [WARN] PackLoader:240 - Cannot read IP mode file for STMicroelectronics.X-CUBE-BLE2.3.3.0
2024-01-21 23:25:07,811 [WARN] PackLoader:240 - Cannot read IP mode file for STMicroelectronics.X-CUBE-BLEMGR.3.0.0
2024-01-21 23:25:07,836 [WARN] PackLoader:240 - Cannot read IP mode file for STMicroelectronics.X-CUBE-DISPLAY.3.0.0
2024-01-21 23:25:07,871 [INFO] CheckServerUpdateThread:120 - End of CheckServer Thread
2024-01-21 23:25:07,880 [WARN] PackLoader:240 - Cannot read IP mode file for STMicroelectronics.X-CUBE-EEPRMA1.4.2.0
2024-01-21 23:25:07,891 [WARN] PackLoader:240 - Cannot read IP mode file for STMicroelectronics.X-CUBE-FREERTOS.1.1.0
2024-01-21 23:25:07,900 [WARN] PackLoader:240 - Cannot read IP mode file for STMicroelectronics.X-CUBE-GNSS1.6.0.0
2024-01-21 23:25:07,908 [WARN] PackLoader:240 - Cannot read IP mode file for STMicroelectronics.X-CUBE-ISPU.2.0.0
2024-01-21 23:25:08,013 [WARN] PackLoader:240 - Cannot read IP mode file for STMicroelectronics.X-CUBE-MEMS1.10.0.0
2024-01-21 23:25:08,292 [WARN] PackLoader:240 - Cannot read IP mode file for STMicroelectronics.X-CUBE-NFC4.3.0.0
2024-01-21 23:25:08,305 [WARN] PackLoader:240 - Cannot read IP mode file for STMicroelectronics.X-CUBE-NFC6.3.0.0
2024-01-21 23:25:08,315 [WARN] PackLoader:240 - Cannot read IP mode file for STMicroelectronics.X-CUBE-NFC7.1.0.1
2024-01-21 23:25:08,325 [WARN] PackLoader:240 - Cannot read IP mode file for STMicroelectronics.X-CUBE-SFXS2LP1.4.0.0
2024-01-21 23:25:08,343 [WARN] PackLoader:240 - Cannot read IP mode file for STMicroelectronics.X-CUBE-SUBG2.5.0.0
2024-01-21 23:25:08,357 [WARN] PackLoader:240 - Cannot read IP mode file for STMicroelectronics.X-CUBE-SMBUS.2.1.0
2024-01-21 23:25:08,378 [WARN] PackLoader:240 - Cannot read IP mode file for STMicroelectronics.X-CUBE-TOF1.3.4.0
2024-01-21 23:25:08,408 [WARN] PackLoader:240 - Cannot read IP mode file for STMicroelectronics.X-CUBE-TOUCHGFX.4.23.0
2024-01-21 23:25:08,415 [WARN] PackLoader:240 - Cannot read IP mode file for STMicroelectronics.X-CUBE-ALGOBUILD.1.3.0
2024-01-21 23:25:08,449 [WARN] PackLoader:240 - Cannot read IP mode file for STMicroelectronics.X-CUBE-AZRTOS-H7.3.2.0
2024-01-21 23:25:08,480 [WARN] PackLoader:240 - Cannot read IP mode file for STMicroelectronics.X-CUBE-AZRTOS-F4.1.1.0
2024-01-21 23:25:08,522 [WARN] PackLoader:240 - Cannot read IP mode file for STMicroelectronics.X-CUBE-AZRTOS-F7.1.1.0
2024-01-21 23:25:08,545 [WARN] ConditionMgr:438 - getConditionDescription Invalid condition id : LAN8742 Phy interface Condition cause : null
2024-01-21 23:25:08,546 [WARN] PackLoader:240 - Cannot read IP mode file for STMicroelectronics.X-CUBE-AZRTOS-L4.2.0.0
2024-01-21 23:25:08,548 [WARN] ConditionMgr:1039 - genDependencies : Invalid condition id : LAN8742 Phy interface Condition cause : null
2024-01-21 23:25:08,548 [WARN] ConditionMgr:1039 - genDependencies : Invalid condition id : LAN8742 Phy interface Condition cause : null
2024-01-21 23:25:08,549 [WARN] ConditionMgr:1039 - genDependencies : Invalid condition id : LAN8742 Phy interface Condition cause : null
2024-01-21 23:25:08,578 [WARN] PackLoader:240 - Cannot read IP mode file for STMicroelectronics.X-CUBE-AZRTOS-L5.2.0.0
2024-01-21 23:25:08,607 [WARN] PackLoader:240 - Cannot read IP mode file for STMicroelectronics.X-CUBE-AZRTOS-G0.1.1.0
2024-01-21 23:25:08,632 [WARN] PackLoader:240 - Cannot read IP mode file for STMicroelectronics.X-CUBE-AZRTOS-G4.2.0.0
2024-01-21 23:25:08,652 [WARN] ConditionMgr:438 - getConditionDescription Invalid condition id : UX DEVICE CLASS RTOS Condition cause : null
2024-01-21 23:25:08,652 [WARN] ConditionMgr:438 - getConditionDescription Invalid condition id : UX DEVICE CLASS RTOS Condition cause : null
2024-01-21 23:25:08,657 [WARN] PackLoader:240 - Cannot read IP mode file for STMicroelectronics.X-CUBE-AZRTOS-WB.2.0.0
2024-01-21 23:25:08,658 [WARN] ConditionMgr:1039 - genDependencies : Invalid condition id : UX DEVICE CLASS RTOS Condition cause : null
2024-01-21 23:25:08,658 [WARN] ConditionMgr:1039 - genDependencies : Invalid condition id : UX DEVICE CLASS RTOS Condition cause : null
2024-01-21 23:25:08,659 [WARN] ConditionMgr:1039 - genDependencies : Invalid condition id : UX DEVICE CLASS RTOS Condition cause : null
2024-01-21 23:25:08,659 [WARN] ConditionMgr:1039 - genDependencies : Invalid condition id : UX DEVICE CLASS RTOS Condition cause : null
2024-01-21 23:25:08,659 [WARN] ConditionMgr:1039 - genDependencies : Invalid condition id : UX DEVICE CLASS RTOS Condition cause : null
2024-01-21 23:25:08,674 [INFO] LogOutputStream:77 - [STDOUT_REDIRECT] 1 : Invalid condition id : UX_CORESTACK_Condition cause : null
2024-01-21 23:25:08,675 [INFO] LogOutputStream:77 - [STDOUT_REDIRECT] 1 : Invalid condition id : UX_CORESTACK_Condition cause : null
2024-01-21 23:25:08,678 [INFO] LogOutputStream:77 - [STDOUT_REDIRECT] 1 : Invalid condition id : UX_CORESTACK_Condition cause : null
2024-01-21 23:25:08,680 [INFO] LogOutputStream:77 - [STDOUT_REDIRECT] 1 : Invalid condition id : UX_CORESTACK_Condition cause : null
2024-01-21 23:25:08,683 [INFO] LogOutputStream:77 - [STDOUT_REDIRECT] 1 : Invalid condition id : UX_CORESTACK_Condition cause : null
2024-01-21 23:25:08,689 [WARN] PackLoader:240 - Cannot read IP mode file for STMicroelectronics.X-CUBE-AZRTOS-WL.2.0.0
2024-01-21 23:25:08,697 [WARN] PackLoader:240 - Cannot read IP mode file for wolfSSL.I-CUBE-wolfSSL.5.6.6
2024-01-21 23:25:08,745 [WARN] PackLoader:240 - Cannot read IP mode file for SEGGER.I-CUBE-embOS.1.3.1
2024-01-21 23:25:08,823 [WARN] PackLoader:240 - Cannot read IP mode file for portGmbH.I-Cube-SoM-uGOAL.1.1.0
2024-01-21 23:25:08,828 [WARN] PackLoader:240 - Cannot read IP mode file for emotas.I-CUBE-CANOPEN.1.3.0
2024-01-21 23:25:08,834 [WARN] PackLoader:240 - Cannot read IP mode file for WES.I-CUBE-Cesium.1.3.0
2024-01-21 23:25:08,838 [WARN] PackLoader:240 - Cannot read IP mode file for ITTIA_DB.I-CUBE-ITTIADB.8.8.0
2024-01-21 23:25:08,854 [WARN] PackLoader:240 - Cannot read IP mode file for Infineon.AIROC-Wi-Fi-Bluetooth-STM32.1.5.1
2024-01-21 23:25:08,861 [INFO] PopulateThirdPartyThread:66 - Ending populate Thread
2024-01-21 23:25:08,865 [INFO] ThirdParty:1030 - CMSIS Pack Vendor :STMicroelectronics X-CUBE-DISPLAY 3.0.0
2024-01-21 23:25:08,865 [INFO] ThirdParty:1030 - CMSIS Pack Vendor :STMicroelectronics X-CUBE-GNSS1 6.0.0
2024-01-21 23:25:08,865 [INFO] ThirdParty:1030 - CMSIS Pack Vendor :STMicroelectronics FP-SNS-MOTENVWB1 1.3.1
2024-01-21 23:25:08,865 [INFO] ThirdParty:1030 - CMSIS Pack Vendor :STMicroelectronics X-CUBE-AZRTOS-F4 1.1.0
2024-01-21 23:25:08,865 [INFO] ThirdParty:1030 - CMSIS Pack Vendor :STMicroelectronics FP-ATR-SIGFOX1 3.2.0
2024-01-21 23:25:08,865 [INFO] ThirdParty:1030 - CMSIS Pack Vendor :STMicroelectronics X-CUBE-BLE1 7.0.0
2024-01-21 23:25:08,865 [INFO] ThirdParty:1030 - CMSIS Pack Vendor :STMicroelectronics X-CUBE-SMBUS 2.1.0
2024-01-21 23:25:08,866 [INFO] ThirdParty:1030 - CMSIS Pack Vendor :STMicroelectronics X-CUBE-ISPU 2.0.0
2024-01-21 23:25:08,866 [INFO] ThirdParty:1030 - CMSIS Pack Vendor :STMicroelectronics X-CUBE-AZRTOS-WB 2.0.0
2024-01-21 23:25:08,866 [INFO] ThirdParty:1030 - CMSIS Pack Vendor :emotas I-CUBE-CANOPEN 1.3.0
2024-01-21 23:25:08,866 [INFO] ThirdParty:1030 - CMSIS Pack Vendor :STMicroelectronics X-CUBE-MEMS1 10.0.0
2024-01-21 23:25:08,866 [INFO] ThirdParty:1030 - CMSIS Pack Vendor :wolfSSL I-CUBE-wolfSSL 5.6.6
2024-01-21 23:25:08,866 [INFO] ThirdParty:1030 - CMSIS Pack Vendor :STMicroelectronics X-CUBE-FREERTOS 1.1.0
2024-01-21 23:25:08,866 [INFO] ThirdParty:1030 - CMSIS Pack Vendor :STMicroelectronics X-CUBE-NFC7 1.0.1
2024-01-21 23:25:08,867 [INFO] ThirdParty:1030 - CMSIS Pack Vendor :STMicroelectronics X-CUBE-TOUCHGFX 4.23.0
2024-01-21 23:25:08,867 [INFO] ThirdParty:1030 - CMSIS Pack Vendor :STMicroelectronics X-CUBE-AZRTOS-F7 1.1.0
2024-01-21 23:25:08,867 [INFO] ThirdParty:1030 - CMSIS Pack Vendor :STMicroelectronics X-CUBE-AZRTOS-L5 2.0.0
2024-01-21 23:25:08,867 [INFO] ThirdParty:1030 - CMSIS Pack Vendor :STMicroelectronics X-CUBE-NFC6 3.0.0
2024-01-21 23:25:08,867 [INFO] ThirdParty:1030 - CMSIS Pack Vendor :STMicroelectronics X-CUBE-ALS 1.0.1
2024-01-21 23:25:08,867 [INFO] ThirdParty:1030 - CMSIS Pack Vendor :portGmbH I-Cube-SoM-uGOAL 1.1.0
2024-01-21 23:25:08,867 [INFO] ThirdParty:1030 - CMSIS Pack Vendor :STMicroelectronics X-CUBE-EEPRMA1 4.2.0
2024-01-21 23:25:08,867 [INFO] ThirdParty:1030 - CMSIS Pack Vendor :ITTIA_DB I-CUBE-ITTIADB 8.8.0
2024-01-21 23:25:08,867 [INFO] ThirdParty:1030 - CMSIS Pack Vendor :STMicroelectronics FP-SNS-SMARTAG2 1.2.0
2024-01-21 23:25:08,868 [INFO] ThirdParty:1030 - CMSIS Pack Vendor :STMicroelectronics FP-SNS-MOTENV1 4.3.2
2024-01-21 23:25:08,868 [INFO] ThirdParty:1030 - CMSIS Pack Vendor :STMicroelectronics X-CUBE-ALGOBUILD 1.3.0
2024-01-21 23:25:08,868 [INFO] ThirdParty:1030 - CMSIS Pack Vendor :STMicroelectronics X-CUBE-AZRTOS-WL 2.0.0
2024-01-21 23:25:08,868 [INFO] ThirdParty:1030 - CMSIS Pack Vendor :SEGGER I-CUBE-embOS 1.3.1
2024-01-21 23:25:08,868 [INFO] ThirdParty:1030 - CMSIS Pack Vendor :STMicroelectronics X-CUBE-AZRTOS-G0 1.1.0
2024-01-21 23:25:08,868 [INFO] ThirdParty:1030 - CMSIS Pack Vendor :STMicroelectronics X-CUBE-AI 8.1.0
2024-01-21 23:25:08,868 [INFO] ThirdParty:1030 - CMSIS Pack Vendor :STMicroelectronics X-CUBE-NFC4 3.0.0
2024-01-21 23:25:08,868 [INFO] ThirdParty:1030 - CMSIS Pack Vendor :STMicroelectronics X-CUBE-SUBG2 5.0.0
2024-01-21 23:25:08,868 [INFO] ThirdParty:1030 - CMSIS Pack Vendor :STMicroelectronics X-CUBE-AZRTOS-L4 2.0.0
2024-01-21 23:25:08,868 [INFO] ThirdParty:1030 - CMSIS Pack Vendor :STMicroelectronics FP-ATR-ASTRA1 2.0.0
2024-01-21 23:25:08,868 [INFO] ThirdParty:1030 - CMSIS Pack Vendor :WES I-CUBE-Cesium 1.3.0
2024-01-21 23:25:08,868 [INFO] ThirdParty:1030 - CMSIS Pack Vendor :STMicroelectronics X-CUBE-SFXS2LP1 4.0.0
2024-01-21 23:25:08,868 [INFO] ThirdParty:1030 - CMSIS Pack Vendor :STMicroelectronics X-CUBE-BLE2 3.3.0
2024-01-21 23:25:08,868 [INFO] ThirdParty:1030 - CMSIS Pack Vendor :STMicroelectronics X-CUBE-TOF1 3.4.0
2024-01-21 23:25:08,868 [INFO] ThirdParty:1030 - CMSIS Pack Vendor :STMicroelectronics X-CUBE-AZRTOS-G4 2.0.0
2024-01-21 23:25:08,868 [INFO] ThirdParty:1030 - CMSIS Pack Vendor :STMicroelectronics X-CUBE-AZRTOS-H7 3.2.0
2024-01-21 23:25:08,868 [INFO] ThirdParty:1030 - CMSIS Pack Vendor :Infineon AIROC-Wi-Fi-Bluetooth-STM32 1.5.1
2024-01-21 23:25:08,869 [INFO] ThirdParty:1030 - CMSIS Pack Vendor :STMicroelectronics X-CUBE-BLEMGR 3.0.0
2024-01-21 23:25:08,869 [INFO] LoadServerUpdatesThread:375 - End of LoadServerUpdate Thread
2024-01-21 23:26:52,105 [ERROR] ConfigurationRetriever:142 - IOException on connection: No route to host: no further information
2024-01-21 23:26:52,116 [ERROR] ConfigurationRetriever:142 - IOException on connection: No route to host: no further information
2024-01-21 23:26:52,127 [ERROR] ConfigurationRetriever:142 - IOException on connection: No route to host: no further information
2024-01-21 23:26:53,983 [ERROR] LogOutputStream:75 - [STDERR_REDIRECT] 
