2024-01-24 08:57:11,827 [INFO] Activator:176 - 


2024-01-24 08:57:11,830 [INFO] Activator:177 - !SESSION log4j initialized
2024-01-24 08:57:15,333 [INFO] LogOutputStream:77 - [STDOUT_REDIRECT] 
2024-01-24 08:57:18,406 [INFO] ApplicationProperties:184 - Using Application install path: C:\ST\STM32CubeIDE_1.14.1\STM32CubeIDE\plugins\com.st.stm32cube.common.mx_6.10.0.202311202037
2024-01-24 08:57:18,436 [INFO] DbMcusXml:78 - Set database path to: C:\ST\STM32CubeIDE_1.14.1\STM32CubeIDE\plugins\com.st.stm32cube.common.mx_6.10.0.202311202037\\db\/mcu/
2024-01-24 08:57:18,436 [INFO] ApiDb:274 - Set plugin database path to: C:\ST\STM32CubeIDE_1.14.1\STM32CubeIDE\plugins\com.st.stm32cube.common.mx_6.10.0.202311202037\\db\/plugins/boardmanager/
2024-01-24 08:57:18,443 [WARN] ApiDb:259 - Overriding images path with different value:  => C:\ST\STM32CubeIDE_1.14.1\STM32CubeIDE\plugins\com.st.stm32cube.common.mx_6.10.0.202311202037\\db\/plugins/mcufinder/images/
2024-01-24 08:57:18,454 [INFO] ApiDb:250 - Set database path to: C:\Users\arunk\.stmcufinder\plugins\mcufinder//mcu/
2024-01-24 08:57:18,456 [INFO] DbMcusAds:125 - Set database path to: C:\Users\arunk\.stmcufinder\plugins\mcufinder//mcu/
2024-01-24 08:57:18,468 [INFO] CrossReferenceDbSqlite:203 - Set database path to: C:\Users\arunk\.stmcufinder\plugins\mcufinder//mcu/cs/
2024-01-24 08:57:18,749 [INFO] RulesReader:64 - Compatibility file has been processed (297 Rules)
2024-01-24 08:57:18,890 [INFO] DbMcusXml:78 - Set database path to: C:\ST\STM32CubeIDE_1.14.1\STM32CubeIDE\plugins\com.st.stm32cube.common.mx_6.10.0.202311202037\\db\/mcu/
2024-01-24 08:57:18,890 [INFO] ApiDb:274 - Set plugin database path to: C:\ST\STM32CubeIDE_1.14.1\STM32CubeIDE\plugins\com.st.stm32cube.common.mx_6.10.0.202311202037\\db\/plugins/boardmanager/
2024-01-24 08:57:18,890 [INFO] ApiDb:261 - Set plugin images path to: C:\ST\STM32CubeIDE_1.14.1\STM32CubeIDE\plugins\com.st.stm32cube.common.mx_6.10.0.202311202037\\db\/plugins/mcufinder/images/
2024-01-24 08:57:18,890 [WARN] DbFile:41 - Overriding database path with different value: C:\Users\arunk\.stmcufinder\plugins\mcufinder/ => C:\Users\arunk\.stmcufinder\plugins\mcufinder
2024-01-24 08:57:18,891 [INFO] ApiDb:250 - Set database path to: C:\Users\arunk\.stmcufinder\plugins\mcufinder//mcu/
2024-01-24 08:57:18,891 [WARN] DbFile:41 - Overriding database path with different value: C:\Users\arunk\.stmcufinder\plugins\mcufinder/ => C:\Users\arunk\.stmcufinder\plugins\mcufinder
2024-01-24 08:57:18,891 [INFO] DbMcusAds:125 - Set database path to: C:\Users\arunk\.stmcufinder\plugins\mcufinder//mcu/
2024-01-24 08:57:18,891 [WARN] DbFile:41 - Overriding database path with different value: C:\Users\arunk\.stmcufinder\plugins\mcufinder/ => C:\Users\arunk\.stmcufinder\plugins\mcufinder
2024-01-24 08:57:18,891 [WARN] DbFile:41 - Overriding database path with different value: C:\Users\arunk\.stmcufinder\plugins\mcufinder/ => C:\Users\arunk\.stmcufinder\plugins\mcufinder
2024-01-24 08:57:18,891 [INFO] CrossReferenceDbSqlite:203 - Set database path to: C:\Users\arunk\.stmcufinder\plugins\mcufinder//mcu/cs/
2024-01-24 08:57:19,080 [INFO] MainPanel:264 - HeapMemory: 268435456
2024-01-24 08:57:19,231 [INFO] DbMcusXml:78 - Set database path to: C:\ST\STM32CubeIDE_1.14.1\STM32CubeIDE\plugins\com.st.stm32cube.common.mx_6.10.0.202311202037\\db\/mcu/
2024-01-24 08:57:19,231 [INFO] ApiDb:274 - Set plugin database path to: C:\ST\STM32CubeIDE_1.14.1\STM32CubeIDE\plugins\com.st.stm32cube.common.mx_6.10.0.202311202037\\db\/plugins/boardmanager/
2024-01-24 08:57:19,231 [INFO] ApiDb:261 - Set plugin images path to: C:\ST\STM32CubeIDE_1.14.1\STM32CubeIDE\plugins\com.st.stm32cube.common.mx_6.10.0.202311202037\\db\/plugins/mcufinder/images/
2024-01-24 08:57:19,232 [WARN] DbFile:41 - Overriding database path with different value: C:\Users\arunk\.stmcufinder\plugins\mcufinder/ => C:\Users\arunk\.stmcufinder\plugins\mcufinder
2024-01-24 08:57:19,232 [INFO] ApiDb:250 - Set database path to: C:\Users\arunk\.stmcufinder\plugins\mcufinder//mcu/
2024-01-24 08:57:19,233 [WARN] DbFile:41 - Overriding database path with different value: C:\Users\arunk\.stmcufinder\plugins\mcufinder/ => C:\Users\arunk\.stmcufinder\plugins\mcufinder
2024-01-24 08:57:19,233 [INFO] DbMcusAds:125 - Set database path to: C:\Users\arunk\.stmcufinder\plugins\mcufinder//mcu/
2024-01-24 08:57:19,233 [WARN] DbFile:41 - Overriding database path with different value: C:\Users\arunk\.stmcufinder\plugins\mcufinder/ => C:\Users\arunk\.stmcufinder\plugins\mcufinder
2024-01-24 08:57:19,233 [WARN] DbFile:41 - Overriding database path with different value: C:\Users\arunk\.stmcufinder\plugins\mcufinder/ => C:\Users\arunk\.stmcufinder\plugins\mcufinder
2024-01-24 08:57:19,234 [INFO] CrossReferenceDbSqlite:203 - Set database path to: C:\Users\arunk\.stmcufinder\plugins\mcufinder//mcu/cs/
2024-01-24 08:57:19,270 [INFO] ApplicationProperties:184 - Using Application install path: C:\ST\STM32CubeIDE_1.14.1\STM32CubeIDE\plugins\com.st.stm32cube.common.mx_6.10.0.202311202037
2024-01-24 08:57:19,274 [INFO] PluginManage:196 - Search for loadable plugins [exclusion list=, ]
2024-01-24 08:57:19,277 [INFO] PluginManage:310 - Check plugin analytics
2024-01-24 08:57:19,693 [INFO] AnalyticsPlugin:253 - Accepted Software Licenses: 
2024-01-24 08:57:19,693 [INFO] AnalyticsPlugin:255 - Accepted CMSIS Pack Licenses: 
2024-01-24 08:57:19,693 [INFO] AnalyticsPlugin:257 - Accepted Firmware Licenses: FW.C0.1.1.0
2024-01-24 08:57:19,703 [INFO] PluginManage:359 - Loaded plugin analytics (category:tool,tabindex:-1)
2024-01-24 08:57:19,704 [INFO] PluginManage:310 - Check plugin cadmodel
2024-01-24 08:57:19,711 [INFO] CADModel:105 - Init CAD model plugin
2024-01-24 08:57:19,711 [INFO] PluginManage:359 - Loaded plugin cadmodel (category:power,tabindex:5)
2024-01-24 08:57:19,713 [INFO] PluginManage:310 - Check plugin clock
2024-01-24 08:57:19,730 [INFO] PluginManage:359 - Loaded plugin clock (category:base,tabindex:2)
2024-01-24 08:57:19,730 [INFO] PluginManage:310 - Check plugin ddr
2024-01-24 08:57:19,735 [INFO] PluginManage:359 - Loaded plugin ddr (category:tool,tabindex:6)
2024-01-24 08:57:19,735 [INFO] PluginManage:310 - Check plugin filemanager
2024-01-24 08:57:20,011 [INFO] PluginManage:359 - Loaded plugin filemanager (category:base,tabindex:10)
2024-01-24 08:57:20,011 [INFO] PluginManage:310 - Check plugin ipmanager
2024-01-24 08:57:20,022 [INFO] PluginManage:359 - Loaded plugin ipmanager (category:base,tabindex:5)
2024-01-24 08:57:20,022 [INFO] PluginManage:310 - Check plugin lpbam
2024-01-24 08:57:20,039 [INFO] PluginManage:359 - Loaded plugin lpbam (category:base,tabindex:0)
2024-01-24 08:57:20,039 [INFO] PluginManage:310 - Check plugin memorymap
2024-01-24 08:57:20,055 [INFO] PluginManage:359 - Loaded plugin memorymap (category:base,tabindex:4)
2024-01-24 08:57:20,056 [INFO] PluginManage:310 - Check plugin pinoutandconfiguration
2024-01-24 08:57:20,066 [INFO] PluginManage:359 - Loaded plugin pinoutandconfiguration (category:base,tabindex:1)
2024-01-24 08:57:20,067 [INFO] PluginManage:310 - Check plugin pinoutconfig
2024-01-24 08:57:20,261 [WARN] SupportedApi:132 - Cannot load RTOS API schema: s4s-elt-must-match.1: The content of 'definitions' must match (annotation?, (simpleType | complexType)?, (unique | key | keyref)*)). A problem was found starting at: attribute.
2024-01-24 08:57:20,507 [INFO] PluginManage:359 - Loaded plugin pinoutconfig (category:base,tabindex:0)
2024-01-24 08:57:20,507 [INFO] PluginManage:310 - Check plugin power
2024-01-24 08:57:20,527 [INFO] PluginManage:359 - Loaded plugin power (category:power,tabindex:4)
2024-01-24 08:57:20,527 [INFO] PluginManage:310 - Check plugin projectmanager
2024-01-24 08:57:20,562 [INFO] PluginManage:359 - Loaded plugin projectmanager (category:projectmanager,tabindex:3)
2024-01-24 08:57:20,563 [INFO] PluginManage:310 - Check plugin thirdparty
2024-01-24 08:57:20,830 [INFO] PluginManage:359 - Loaded plugin thirdparty (category:base,tabindex:-1)
2024-01-24 08:57:20,830 [WARN] IntegrityCheckThread:84 - waiting for thirdparty lock release [integrity check]
2024-01-24 08:57:20,830 [INFO] IntegrityCheckThread:86 - entering critical section [integrity check]
2024-01-24 08:57:20,831 [INFO] PluginManage:310 - Check plugin tools
2024-01-24 08:57:20,831 [INFO] ThirdPartyUpdaterWithRetryManager:70 - Updater plugin not ready yet. [1/15]
2024-01-24 08:57:20,835 [INFO] PluginManage:359 - Loaded plugin tools (category:base,tabindex:7)
2024-01-24 08:57:20,835 [INFO] PluginManage:310 - Check plugin tutovideos
2024-01-24 08:57:21,209 [INFO] PluginManage:359 - Loaded plugin tutovideos (category:base,tabindex:-1)
2024-01-24 08:57:21,210 [INFO] PluginManage:310 - Check plugin updater
2024-01-24 08:57:21,225 [INFO] PluginManage:359 - Loaded plugin updater (category:base,tabindex:12)
2024-01-24 08:57:21,226 [INFO] PluginManage:310 - Check plugin userauth
2024-01-24 08:57:21,232 [INFO] UserAuth:114 - Init User Auth plugin
2024-01-24 08:57:21,232 [INFO] PluginManage:359 - Loaded plugin userauth (category:base,tabindex:14)
2024-01-24 08:57:21,233 [INFO] PluginManage:283 - PluginManage : Loaded plugins [17]
2024-01-24 08:57:21,628 [INFO] PinOutPanel:1499 - setPackage(No Configuration,No Configuration)
2024-01-24 08:57:21,779 [INFO] CADModel:165 - CPN selected for project level
2024-01-24 08:57:21,779 [INFO] CADModel:114 - Register for checkConnection events
2024-01-24 08:57:21,828 [INFO] IPUIPlugin:80 - create IPUIPlugin
2024-01-24 08:57:21,828 [INFO] PluginManager:220 - loadIPPluginJar : add adc
2024-01-24 08:57:21,832 [INFO] IPUIPlugin:80 - create IPUIPlugin
2024-01-24 08:57:21,832 [INFO] PluginManager:220 - loadIPPluginJar : add aes
2024-01-24 08:57:21,836 [INFO] IPUIPlugin:80 - create IPUIPlugin
2024-01-24 08:57:21,836 [INFO] PluginManager:220 - loadIPPluginJar : add can
2024-01-24 08:57:21,838 [INFO] IPUIPlugin:80 - create IPUIPlugin
2024-01-24 08:57:21,838 [INFO] PluginManager:220 - loadIPPluginJar : add comp
2024-01-24 08:57:21,841 [INFO] IPUIPlugin:80 - create IPUIPlugin
2024-01-24 08:57:21,841 [INFO] PluginManager:220 - loadIPPluginJar : add cryp
2024-01-24 08:57:21,846 [INFO] IPUIPlugin:80 - create IPUIPlugin
2024-01-24 08:57:21,846 [INFO] PluginManager:220 - loadIPPluginJar : add dfsdm
2024-01-24 08:57:21,852 [INFO] IPUIPlugin:80 - create IPUIPlugin
2024-01-24 08:57:21,853 [INFO] PluginManager:220 - loadIPPluginJar : add dma
2024-01-24 08:57:21,857 [INFO] IPUIPlugin:80 - create IPUIPlugin
2024-01-24 08:57:21,857 [INFO] PluginManager:220 - loadIPPluginJar : add dma3
2024-01-24 08:57:21,859 [INFO] IPUIPlugin:80 - create IPUIPlugin
2024-01-24 08:57:21,859 [INFO] PluginManager:220 - loadIPPluginJar : add fatfs
2024-01-24 08:57:21,866 [INFO] IPUIPlugin:80 - create IPUIPlugin
2024-01-24 08:57:21,867 [INFO] PluginManager:220 - loadIPPluginJar : add fmc
2024-01-24 08:57:21,875 [INFO] IPUIPlugin:80 - create IPUIPlugin
2024-01-24 08:57:21,875 [INFO] PluginManager:220 - loadIPPluginJar : add freertos
2024-01-24 08:57:21,878 [INFO] IPUIPlugin:80 - create IPUIPlugin
2024-01-24 08:57:21,878 [INFO] PluginManager:220 - loadIPPluginJar : add genericplugin
2024-01-24 08:57:21,882 [INFO] IPUIPlugin:80 - create IPUIPlugin
2024-01-24 08:57:21,882 [INFO] PluginManager:220 - loadIPPluginJar : add gfxmmu
2024-01-24 08:57:21,888 [INFO] IPUIPlugin:80 - create IPUIPlugin
2024-01-24 08:57:21,888 [INFO] PluginManager:220 - loadIPPluginJar : add gic
2024-01-24 08:57:21,894 [INFO] IPUIPlugin:80 - create IPUIPlugin
2024-01-24 08:57:21,894 [INFO] PluginManager:220 - loadIPPluginJar : add gpio
2024-01-24 08:57:21,898 [INFO] IPUIPlugin:80 - create IPUIPlugin
2024-01-24 08:57:21,898 [INFO] PluginManager:220 - loadIPPluginJar : add gtzc
2024-01-24 08:57:21,901 [INFO] IPUIPlugin:80 - create IPUIPlugin
2024-01-24 08:57:21,901 [INFO] PluginManager:220 - loadIPPluginJar : add hash
2024-01-24 08:57:21,905 [INFO] IPUIPlugin:80 - create IPUIPlugin
2024-01-24 08:57:21,905 [INFO] PluginManager:220 - loadIPPluginJar : add i2c
2024-01-24 08:57:21,909 [INFO] IPUIPlugin:80 - create IPUIPlugin
2024-01-24 08:57:21,909 [INFO] PluginManager:220 - loadIPPluginJar : add i2s
2024-01-24 08:57:21,912 [INFO] IPUIPlugin:80 - create IPUIPlugin
2024-01-24 08:57:21,912 [INFO] PluginManager:220 - loadIPPluginJar : add i3c
2024-01-24 08:57:21,916 [INFO] IPUIPlugin:80 - create IPUIPlugin
2024-01-24 08:57:21,916 [INFO] PluginManager:220 - loadIPPluginJar : add ipddr
2024-01-24 08:57:21,925 [INFO] IPUIPlugin:80 - create IPUIPlugin
2024-01-24 08:57:21,925 [INFO] PluginManager:220 - loadIPPluginJar : add linkedlist
2024-01-24 08:57:21,930 [INFO] IPUIPlugin:80 - create IPUIPlugin
2024-01-24 08:57:21,930 [INFO] PluginManager:220 - loadIPPluginJar : add lorawan
2024-01-24 08:57:21,932 [INFO] IPUIPlugin:80 - create IPUIPlugin
2024-01-24 08:57:21,932 [INFO] PluginManager:220 - loadIPPluginJar : add ltdc
2024-01-24 08:57:21,939 [INFO] IPUIPlugin:80 - create IPUIPlugin
2024-01-24 08:57:21,940 [INFO] PluginManager:220 - loadIPPluginJar : add mdma
2024-01-24 08:57:21,946 [INFO] IPUIPlugin:80 - create IPUIPlugin
2024-01-24 08:57:21,946 [INFO] PluginManager:220 - loadIPPluginJar : add nvic
2024-01-24 08:57:21,949 [INFO] IPUIPlugin:80 - create IPUIPlugin
2024-01-24 08:57:21,949 [INFO] PluginManager:220 - loadIPPluginJar : add opamp
2024-01-24 08:57:21,960 [INFO] IPUIPlugin:80 - create IPUIPlugin
2024-01-24 08:57:21,961 [INFO] PluginManager:220 - loadIPPluginJar : add openamp
2024-01-24 08:57:21,967 [INFO] IPUIPlugin:80 - create IPUIPlugin
2024-01-24 08:57:21,967 [INFO] PluginManager:220 - loadIPPluginJar : add pdm2pcm
2024-01-24 08:57:21,976 [INFO] IPUIPlugin:80 - create IPUIPlugin
2024-01-24 08:57:21,980 [INFO] PluginManager:220 - loadIPPluginJar : add plateformsettings
2024-01-24 08:57:21,982 [INFO] IPUIPlugin:80 - create IPUIPlugin
2024-01-24 08:57:21,982 [INFO] PluginManager:220 - loadIPPluginJar : add quadspi
2024-01-24 08:57:21,987 [INFO] IPUIPlugin:80 - create IPUIPlugin
2024-01-24 08:57:21,987 [INFO] PluginManager:220 - loadIPPluginJar : add resmgrutility
2024-01-24 08:57:21,991 [INFO] IPUIPlugin:80 - create IPUIPlugin
2024-01-24 08:57:21,991 [INFO] PluginManager:220 - loadIPPluginJar : add sai
2024-01-24 08:57:21,994 [INFO] IPUIPlugin:80 - create IPUIPlugin
2024-01-24 08:57:21,994 [INFO] PluginManager:220 - loadIPPluginJar : add spi
2024-01-24 08:57:22,001 [INFO] IPUIPlugin:80 - create IPUIPlugin
2024-01-24 08:57:22,001 [INFO] PluginManager:220 - loadIPPluginJar : add stm32_wpan
2024-01-24 08:57:22,004 [INFO] IPUIPlugin:80 - create IPUIPlugin
2024-01-24 08:57:22,004 [INFO] PluginManager:220 - loadIPPluginJar : add tim
2024-01-24 08:57:22,008 [INFO] IPUIPlugin:80 - create IPUIPlugin
2024-01-24 08:57:22,009 [INFO] PluginManager:220 - loadIPPluginJar : add touchsensing
2024-01-24 08:57:22,011 [INFO] IPUIPlugin:80 - create IPUIPlugin
2024-01-24 08:57:22,012 [INFO] PluginManager:220 - loadIPPluginJar : add tracer_emb
2024-01-24 08:57:22,014 [INFO] IPUIPlugin:80 - create IPUIPlugin
2024-01-24 08:57:22,015 [INFO] PluginManager:220 - loadIPPluginJar : add ts
2024-01-24 08:57:22,017 [INFO] IPUIPlugin:80 - create IPUIPlugin
2024-01-24 08:57:22,018 [INFO] PluginManager:220 - loadIPPluginJar : add tsc
2024-01-24 08:57:22,020 [INFO] IPUIPlugin:80 - create IPUIPlugin
2024-01-24 08:57:22,022 [INFO] PluginManager:220 - loadIPPluginJar : add ucpd
2024-01-24 08:57:22,026 [INFO] IPUIPlugin:80 - create IPUIPlugin
2024-01-24 08:57:22,026 [INFO] PluginManager:220 - loadIPPluginJar : add usart
2024-01-24 08:57:22,030 [INFO] IPUIPlugin:80 - create IPUIPlugin
2024-01-24 08:57:22,030 [INFO] PluginManager:220 - loadIPPluginJar : add usbx
2024-01-24 08:57:22,202 [INFO] CADModel:165 - CPN selected for project level
2024-01-24 08:57:22,202 [INFO] CADModel:114 - Register for checkConnection events
2024-01-24 08:57:22,202 [FATAL] Updater:308 - Updater called before beeing initialized
2024-01-24 08:57:22,202 [ERROR] CADModel:125 - Updater not yet initialized, retry later 
2024-01-24 08:57:22,454 [INFO] CADModel:165 - CPN selected for project level
2024-01-24 08:57:22,454 [INFO] CADModel:114 - Register for checkConnection events
2024-01-24 08:57:22,454 [FATAL] Updater:308 - Updater called before beeing initialized
2024-01-24 08:57:22,454 [ERROR] CADModel:125 - Updater not yet initialized, retry later 
2024-01-24 08:57:22,460 [FATAL] Updater:308 - Updater called before beeing initialized
2024-01-24 08:57:22,668 [FATAL] Updater:308 - Updater called before beeing initialized
2024-01-24 08:57:22,676 [INFO] DbMcusAds:53 - JSON generation date=Wed Nov 29 16:22:27 IST 2023 (1701255147200)
2024-01-24 08:57:22,676 [FATAL] Updater:308 - Updater called before beeing initialized
2024-01-24 08:57:22,730 [WARN] DetailPanel:346 - Failed to get advertising image, set to default
2024-01-24 08:57:22,933 [FATAL] Updater:308 - Updater called before beeing initialized
2024-01-24 08:57:22,935 [FATAL] Updater:308 - Updater called before beeing initialized
2024-01-24 08:57:22,936 [FATAL] Updater:308 - Updater called before beeing initialized
2024-01-24 08:57:22,936 [WARN] DetailPanel:346 - Failed to get advertising image, set to default
2024-01-24 08:57:22,937 [FATAL] Updater:308 - Updater called before beeing initialized
2024-01-24 08:57:23,015 [ERROR] Updater:1120 - MainUpdater not yet initialized. External WinMGr cannot be set.
2024-01-24 08:57:23,018 [INFO] Updater:1056 - Updater Version found : 6.10.0
2024-01-24 08:57:23,042 [INFO] ApplicationProperties:184 - Using Application install path: C:\ST\STM32CubeIDE_1.14.1\STM32CubeIDE\plugins\com.st.stm32cube.common.mx_6.10.0.202311202037
2024-01-24 08:57:23,833 [INFO] ThirdPartyUpdaterWithRetryManager:70 - Updater plugin not ready yet. [2/15]
2024-01-24 08:57:24,635 [ERROR] LogOutputStream:75 - [STDERR_REDIRECT] Jan 24, 2024 8:57:24 AM java.util.prefs.WindowsPreferences <init>
2024-01-24 08:57:24,635 [ERROR] LogOutputStream:75 - [STDERR_REDIRECT] WARNING: Could not open/create prefs root node Software\JavaSoft\Prefs at root 0xffffffff80000002. Windows RegCreateKeyEx(...) returned error code 5.
2024-01-24 08:57:24,639 [ERROR] LogOutputStream:75 - [STDERR_REDIRECT] 
2024-01-24 08:57:25,273 [INFO] MainUpdater:2873 - connection check result : 10
2024-01-24 08:57:25,273 [INFO] MainUpdater:290 - Updater Check For Update Now.
2024-01-24 08:57:25,273 [INFO] MicroXplorer:498 - Change Database Version : DB.6.0.100
2024-01-24 08:57:25,289 [INFO] McuFinderGlobals:63 - Set McuFinder mode to 2 (CubeIDE integrated)
2024-01-24 08:57:25,574 [INFO] CheckServerUpdateThread:120 - End of CheckServer Thread
2024-01-24 08:57:25,783 [INFO] UserAuth:404 - Internet connection configuration mode: 1
2024-01-24 08:57:25,811 [INFO] JxBrowserEngine:152 - Initiate JxBrowser Engine with user profile folder
2024-01-24 08:57:27,014 [INFO] WebApp:161 - Instantiating new browser for Auth
2024-01-24 08:57:27,294 [WARN] PackLoader:240 - Cannot read IP mode file for STMicroelectronics.X-CUBE-SMBUS.2.1.0
2024-01-24 08:57:27,315 [WARN] PackLoader:240 - Cannot read IP mode file for STMicroelectronics.X-CUBE-TOUCHGFX.4.23.0
2024-01-24 08:57:27,397 [WARN] PackLoader:240 - Cannot read IP mode file for STMicroelectronics.X-CUBE-AZRTOS-F7.1.1.0
2024-01-24 08:57:27,426 [WARN] PackLoader:240 - Cannot read IP mode file for STMicroelectronics.FP-SNS-MOTENV1.4.3.2
2024-01-24 08:57:27,452 [WARN] PackLoader:240 - Cannot read IP mode file for STMicroelectronics.X-CUBE-DISPLAY.3.0.0
2024-01-24 08:57:27,486 [WARN] PackLoader:240 - Cannot read IP mode file for STMicroelectronics.X-CUBE-BLE1.7.0.0
2024-01-24 08:57:27,499 [WARN] PackLoader:240 - Cannot read IP mode file for emotas.I-CUBE-CANOPEN.1.3.0
2024-01-24 08:57:27,514 [WARN] PackLoader:240 - Cannot read IP mode file for STMicroelectronics.FP-SNS-SMARTAG2.1.2.0
2024-01-24 08:57:27,544 [INFO] LogOutputStream:77 - [STDOUT_REDIRECT] 1 : Invalid condition id : UX_CORESTACK_Condition cause : null
2024-01-24 08:57:27,544 [INFO] LogOutputStream:77 - [STDOUT_REDIRECT] 1 : Invalid condition id : UX_CORESTACK_Condition cause : null
2024-01-24 08:57:27,548 [INFO] LogOutputStream:77 - [STDOUT_REDIRECT] 1 : Invalid condition id : UX_CORESTACK_Condition cause : null
2024-01-24 08:57:27,548 [INFO] LogOutputStream:77 - [STDOUT_REDIRECT] 1 : Invalid condition id : UX_CORESTACK_Condition cause : null
2024-01-24 08:57:27,556 [INFO] LogOutputStream:77 - [STDOUT_REDIRECT] 1 : Invalid condition id : UX_CORESTACK_Condition cause : null
2024-01-24 08:57:27,572 [WARN] PackLoader:240 - Cannot read IP mode file for STMicroelectronics.X-CUBE-AZRTOS-WL.2.0.0
2024-01-24 08:57:27,606 [WARN] PackLoader:240 - Cannot read IP mode file for WES.I-CUBE-Cesium.1.3.0
2024-01-24 08:57:27,620 [WARN] PackLoader:240 - Cannot read IP mode file for STMicroelectronics.X-CUBE-BLE2.3.3.0
2024-01-24 08:57:27,644 [WARN] PackLoader:240 - Cannot read IP mode file for STMicroelectronics.X-CUBE-ALGOBUILD.1.3.0
2024-01-24 08:57:27,701 [WARN] PackLoader:240 - Cannot read IP mode file for STMicroelectronics.X-CUBE-AZRTOS-G0.1.1.0
2024-01-24 08:57:27,717 [WARN] PackLoader:240 - Cannot read IP mode file for STMicroelectronics.X-CUBE-NFC4.3.0.0
2024-01-24 08:57:27,778 [WARN] PackLoader:240 - Cannot read IP mode file for STMicroelectronics.X-CUBE-BLEMGR.3.0.0
2024-01-24 08:57:27,809 [WARN] PackLoader:240 - Cannot read IP mode file for STMicroelectronics.FP-ATR-SIGFOX1.3.2.0
2024-01-24 08:57:27,967 [WARN] PackLoader:240 - Cannot read IP mode file for SEGGER.I-CUBE-embOS.1.3.1
2024-01-24 08:57:28,095 [WARN] PackLoader:240 - Cannot read IP mode file for STMicroelectronics.X-CUBE-GNSS1.6.0.0
2024-01-24 08:57:28,126 [WARN] PackLoader:240 - Cannot read IP mode file for STMicroelectronics.X-CUBE-AZRTOS-F4.1.1.0
2024-01-24 08:57:28,154 [WARN] PackLoader:240 - Cannot read IP mode file for wolfSSL.I-CUBE-wolfSSL.5.6.6
2024-01-24 08:57:28,194 [WARN] PackLoader:240 - Cannot read IP mode file for STMicroelectronics.X-CUBE-AZRTOS-L5.2.0.0
2024-01-24 08:57:28,213 [WARN] PackLoader:240 - Cannot read IP mode file for STMicroelectronics.X-CUBE-EEPRMA1.4.2.0
2024-01-24 08:57:28,223 [WARN] PackLoader:240 - Cannot read IP mode file for ITTIA_DB.I-CUBE-ITTIADB.8.8.0
2024-01-24 08:57:28,234 [WARN] PackLoader:240 - Cannot read IP mode file for STMicroelectronics.X-CUBE-NFC7.1.0.1
2024-01-24 08:57:28,250 [WARN] PackLoader:240 - Cannot read IP mode file for STMicroelectronics.X-CUBE-NFC6.3.0.0
2024-01-24 08:57:28,262 [WARN] PackLoader:240 - Cannot read IP mode file for STMicroelectronics.X-CUBE-AI.8.1.0
2024-01-24 08:57:28,306 [WARN] ConditionMgr:438 - getConditionDescription Invalid condition id : LAN8742 Phy interface Condition cause : null
2024-01-24 08:57:28,306 [WARN] PackLoader:240 - Cannot read IP mode file for STMicroelectronics.X-CUBE-AZRTOS-L4.2.0.0
2024-01-24 08:57:28,312 [WARN] ConditionMgr:1039 - genDependencies : Invalid condition id : LAN8742 Phy interface Condition cause : null
2024-01-24 08:57:28,312 [WARN] ConditionMgr:1039 - genDependencies : Invalid condition id : LAN8742 Phy interface Condition cause : null
2024-01-24 08:57:28,312 [WARN] ConditionMgr:1039 - genDependencies : Invalid condition id : LAN8742 Phy interface Condition cause : null
2024-01-24 08:57:28,323 [WARN] PackLoader:240 - Cannot read IP mode file for STMicroelectronics.X-CUBE-SFXS2LP1.4.0.0
2024-01-24 08:57:28,404 [WARN] ConditionMgr:438 - getConditionDescription Invalid condition id : UX DEVICE CLASS RTOS Condition cause : null
2024-01-24 08:57:28,404 [WARN] ConditionMgr:438 - getConditionDescription Invalid condition id : UX DEVICE CLASS RTOS Condition cause : null
2024-01-24 08:57:28,404 [WARN] PackLoader:240 - Cannot read IP mode file for STMicroelectronics.X-CUBE-AZRTOS-WB.2.0.0
2024-01-24 08:57:28,412 [WARN] ConditionMgr:1039 - genDependencies : Invalid condition id : UX DEVICE CLASS RTOS Condition cause : null
2024-01-24 08:57:28,412 [WARN] ConditionMgr:1039 - genDependencies : Invalid condition id : UX DEVICE CLASS RTOS Condition cause : null
2024-01-24 08:57:28,414 [WARN] ConditionMgr:1039 - genDependencies : Invalid condition id : UX DEVICE CLASS RTOS Condition cause : null
2024-01-24 08:57:28,414 [WARN] ConditionMgr:1039 - genDependencies : Invalid condition id : UX DEVICE CLASS RTOS Condition cause : null
2024-01-24 08:57:28,414 [WARN] ConditionMgr:1039 - genDependencies : Invalid condition id : UX DEVICE CLASS RTOS Condition cause : null
2024-01-24 08:57:28,437 [WARN] PackLoader:240 - Cannot read IP mode file for STMicroelectronics.X-CUBE-SUBG2.5.0.0
2024-01-24 08:57:28,480 [WARN] PackLoader:240 - Cannot read IP mode file for STMicroelectronics.X-CUBE-AZRTOS-G4.2.0.0
2024-01-24 08:57:28,513 [WARN] PackLoader:240 - Cannot read IP mode file for Infineon.AIROC-Wi-Fi-Bluetooth-STM32.1.5.1
2024-01-24 08:57:28,538 [WARN] PackLoader:240 - Cannot read IP mode file for STMicroelectronics.FP-SNS-MOTENVWB1.1.3.1
2024-01-24 08:57:28,545 [WARN] PackLoader:240 - Cannot read IP mode file for STMicroelectronics.X-CUBE-ISPU.2.0.0
2024-01-24 08:57:28,635 [WARN] PackLoader:240 - Cannot read IP mode file for STMicroelectronics.X-CUBE-MEMS1.10.0.0
2024-01-24 08:57:28,733 [INFO] WebApp:780 - Register for checkConnection events
2024-01-24 08:57:28,733 [INFO] WebApp:414 - Apply proxy settings
2024-01-24 08:57:28,733 [INFO] WebApp:499 - Chromium requires no authentication
2024-01-24 08:57:28,753 [INFO] WebApp:442 - Direct internet connection detected
2024-01-24 08:57:28,935 [WARN] PackLoader:240 - Cannot read IP mode file for STMicroelectronics.X-CUBE-FREERTOS.1.1.0
2024-01-24 08:57:28,943 [WARN] PackLoader:240 - Cannot read IP mode file for portGmbH.I-Cube-SoM-uGOAL.1.1.0
2024-01-24 08:57:28,951 [WARN] PackLoader:240 - Cannot read IP mode file for STMicroelectronics.X-CUBE-ALS.1.0.1
2024-01-24 08:57:28,963 [WARN] PackLoader:240 - Cannot read IP mode file for STMicroelectronics.FP-ATR-ASTRA1.2.0.0
2024-01-24 08:57:28,979 [WARN] PackLoader:240 - Cannot read IP mode file for STMicroelectronics.X-CUBE-TOF1.3.4.0
2024-01-24 08:57:29,041 [WARN] PackLoader:240 - Cannot read IP mode file for STMicroelectronics.X-CUBE-AZRTOS-H7.3.2.0
2024-01-24 08:57:29,049 [INFO] ThirdParty:978 - Integrity check success = true
2024-01-24 08:57:29,049 [INFO] IntegrityCheckThread:100 - exiting critical section [integrity check]
2024-01-24 08:57:29,049 [INFO] IntegrityCheckThread:103 - End integrity checks thread
2024-01-24 08:57:29,208 [INFO] WebApp:192 - Starting web application
2024-01-24 08:57:29,208 [INFO] WebApp:544 - Web application path used C:\ST\STM32CubeIDE_1.14.1\STM32CubeIDE\plugins\com.st.stm32cube.common.mx_6.10.0.202311202037\db\plugins\mcufinder\reactClient1\index.html
2024-01-24 08:57:50,430 [ERROR] LogOutputStream:75 - [STDERR_REDIRECT] SLF4J: Failed to load class "org.slf4j.impl.StaticLoggerBinder".
2024-01-24 08:57:50,431 [ERROR] LogOutputStream:75 - [STDERR_REDIRECT] SLF4J: Defaulting to no-operation (NOP) logger implementation
2024-01-24 08:57:50,431 [ERROR] LogOutputStream:75 - [STDERR_REDIRECT] SLF4J: See http://www.slf4j.org/codes.html#StaticLoggerBinder for further details.
2024-01-24 08:58:37,413 [ERROR] LogOutputStream:75 - [STDERR_REDIRECT] 
2024-01-24 08:58:37,414 [ERROR] LogOutputStream:75 - [STDERR_REDIRECT] 
